selscan --ihs --vcf ./selscan/sak40_biallelic_snps_CP020795.1_phased.bcf.gz --map ./selscan/sak40_biallelic_snps_CP020795.1_phased_position_cM_pos.map --out ./selscan/sak40_biallelic_snps_CP020795.1 
v2.0.2
Calculating  iHS.
Input filename: ./selscan/sak40_biallelic_snps_CP020795.1_phased.bcf.gz
Map filename: ./selscan/sak40_biallelic_snps_CP020795.1_phased_position_cM_pos.map
Output file: ./selscan/sak40_biallelic_snps_CP020795.1.ihs.out
Threads: 1
Scale parameter: 20000
Max gap parameter: 200000
EHH cutoff value: 0.05
Phased: yes
Alt flag set: no
--skip-low-freq set. Removing all variants < 0.05.
Removed 21555 low frequency variants.
WARNING: Reached chromosome edge before EHH decayed below 0.05. Skipping calculation at position 4084 id: CP020795.1_4084
WARNING: Reached chromosome edge before EHH decayed below 0.05. Skipping calculation at position 4105 id: CP020795.1_4105
WARNING: Reached chromosome edge before EHH decayed below 0.05. Skipping calculation at position 15393 id: CP020795.1_15393
WARNING: Reached chromosome edge before EHH decayed below 0.05. Skipping calculation at position 15837 id: CP020795.1_15837
WARNING: Reached chromosome edge before EHH decayed below 0.05. Skipping calculation at position 19266 id: CP020795.1_19266
WARNING: Reached chromosome edge before EHH decayed below 0.05. Skipping calculation at position 73352 id: CP020795.1_73352
WARNING: Reached chromosome edge before EHH decayed below 0.05. Skipping calculation at position 113022 id: CP020795.1_113022
WARNING: Reached chromosome edge before EHH decayed below 0.05. Skipping calculation at position 116314 id: CP020795.1_116314
WARNING: Reached chromosome edge before EHH decayed below 0.05. Skipping calculation at position 138374 id: CP020795.1_138374
WARNING: Reached chromosome edge before EHH decayed below 0.05. Skipping calculation at position 138573 id: CP020795.1_138573
WARNING: Reached chromosome edge before EHH decayed below 0.05. Skipping calculation at position 140249 id: CP020795.1_140249
WARNING: Reached chromosome edge before EHH decayed below 0.05. Skipping calculation at position 159520 id: CP020795.1_159520
WARNING: Reached chromosome edge before EHH decayed below 0.05. Skipping calculation at position 163081 id: CP020795.1_163081
WARNING: Reached chromosome edge before EHH decayed below 0.05. Skipping calculation at position 171241 id: CP020795.1_171241
WARNING: Reached chromosome edge before EHH decayed below 0.05. Skipping calculation at position 171442 id: CP020795.1_171442
WARNING: Reached chromosome edge before EHH decayed below 0.05. Skipping calculation at position 174965 id: CP020795.1_174965
WARNING: Reached chromosome edge before EHH decayed below 0.05. Skipping calculation at position 197671 id: CP020795.1_197671
WARNING: Reached chromosome edge before EHH decayed below 0.05. Skipping calculation at position 204701 id: CP020795.1_204701
WARNING: Reached chromosome edge before EHH decayed below 0.05. Skipping calculation at position 204743 id: CP020795.1_204743
WARNING: Reached chromosome edge before EHH decayed below 0.05. Skipping calculation at position 212580 id: CP020795.1_212580
WARNING: Reached chromosome edge before EHH decayed below 0.05. Skipping calculation at position 250163 id: CP020795.1_250163
WARNING: Reached chromosome edge before EHH decayed below 0.05. Skipping calculation at position 260094 id: CP020795.1_260094
WARNING: Reached chromosome edge before EHH decayed below 0.05. Skipping calculation at position 269961 id: CP020795.1_269961
WARNING: Reached chromosome edge before EHH decayed below 0.05. Skipping calculation at position 279007 id: CP020795.1_279007
WARNING: Reached chromosome edge before EHH decayed below 0.05. Skipping calculation at position 292736 id: CP020795.1_292736
WARNING: Reached chromosome edge before EHH decayed below 0.05. Skipping calculation at position 302191 id: CP020795.1_302191
WARNING: Reached chromosome edge before EHH decayed below 0.05. Skipping calculation at position 302608 id: CP020795.1_302608
WARNING: Reached chromosome edge before EHH decayed below 0.05. Skipping calculation at position 302630 id: CP020795.1_302630
WARNING: Reached chromosome edge before EHH decayed below 0.05. Skipping calculation at position 318836 id: CP020795.1_318836
WARNING: Reached chromosome edge before EHH decayed below 0.05. Skipping calculation at position 324405 id: CP020795.1_324405
WARNING: Reached chromosome edge before EHH decayed below 0.05. Skipping calculation at position 334030 id: CP020795.1_334030
WARNING: Reached chromosome edge before EHH decayed below 0.05. Skipping calculation at position 345061 id: CP020795.1_345061
WARNING: Reached chromosome edge before EHH decayed below 0.05. Skipping calculation at position 351888 id: CP020795.1_351888
WARNING: Reached chromosome edge before EHH decayed below 0.05. Skipping calculation at position 359960 id: CP020795.1_359960
WARNING: Reached chromosome edge before EHH decayed below 0.05. Skipping calculation at position 371054 id: CP020795.1_371054
WARNING: Reached chromosome edge before EHH decayed below 0.05. Skipping calculation at position 371055 id: CP020795.1_371055
WARNING: Reached chromosome edge before EHH decayed below 0.05. Skipping calculation at position 396721 id: CP020795.1_396721
WARNING: Reached chromosome edge before EHH decayed below 0.05. Skipping calculation at position 402892 id: CP020795.1_402892
WARNING: Reached chromosome edge before EHH decayed below 0.05. Skipping calculation at position 403885 id: CP020795.1_403885
WARNING: Reached chromosome edge before EHH decayed below 0.05. Skipping calculation at position 406422 id: CP020795.1_406422
WARNING: Reached chromosome edge before EHH decayed below 0.05. Skipping calculation at position 406908 id: CP020795.1_406908
WARNING: Reached chromosome edge before EHH decayed below 0.05. Skipping calculation at position 410438 id: CP020795.1_410438
WARNING: Reached chromosome edge before EHH decayed below 0.05. Skipping calculation at position 417821 id: CP020795.1_417821
WARNING: Reached chromosome edge before EHH decayed below 0.05. Skipping calculation at position 417850 id: CP020795.1_417850
WARNING: Reached chromosome edge before EHH decayed below 0.05. Skipping calculation at position 417865 id: CP020795.1_417865
WARNING: Reached chromosome edge before EHH decayed below 0.05. Skipping calculation at position 417870 id: CP020795.1_417870
WARNING: Reached chromosome edge before EHH decayed below 0.05. Skipping calculation at position 423135 id: CP020795.1_423135
WARNING: Reached chromosome edge before EHH decayed below 0.05. Skipping calculation at position 423499 id: CP020795.1_423499
WARNING: Reached chromosome edge before EHH decayed below 0.05. Skipping calculation at position 424488 id: CP020795.1_424488
WARNING: Reached chromosome edge before EHH decayed below 0.05. Skipping calculation at position 426011 id: CP020795.1_426011
WARNING: Reached chromosome edge before EHH decayed below 0.05. Skipping calculation at position 426659 id: CP020795.1_426659
WARNING: Reached chromosome edge before EHH decayed below 0.05. Skipping calculation at position 429617 id: CP020795.1_429617
WARNING: Reached chromosome edge before EHH decayed below 0.05. Skipping calculation at position 432989 id: CP020795.1_432989
WARNING: Reached chromosome edge before EHH decayed below 0.05. Skipping calculation at position 434046 id: CP020795.1_434046
WARNING: Reached chromosome edge before EHH decayed below 0.05. Skipping calculation at position 437299 id: CP020795.1_437299
WARNING: Reached chromosome edge before EHH decayed below 0.05. Skipping calculation at position 444637 id: CP020795.1_444637
WARNING: Reached chromosome edge before EHH decayed below 0.05. Skipping calculation at position 458085 id: CP020795.1_458085
WARNING: Reached chromosome edge before EHH decayed below 0.05. Skipping calculation at position 530613 id: CP020795.1_530613
WARNING: Reached chromosome edge before EHH decayed below 0.05. Skipping calculation at position 530751 id: CP020795.1_530751
WARNING: Reached chromosome edge before EHH decayed below 0.05. Skipping calculation at position 586182 id: CP020795.1_586182
WARNING: Reached chromosome edge before EHH decayed below 0.05. Skipping calculation at position 592640 id: CP020795.1_592640
WARNING: Reached chromosome edge before EHH decayed below 0.05. Skipping calculation at position 630863 id: CP020795.1_630863
WARNING: Reached chromosome edge before EHH decayed below 0.05. Skipping calculation at position 636390 id: CP020795.1_636390
WARNING: Reached chromosome edge before EHH decayed below 0.05. Skipping calculation at position 778772 id: CP020795.1_778772
WARNING: Reached chromosome edge before EHH decayed below 0.05. Skipping calculation at position 797734 id: CP020795.1_797734
WARNING: Reached chromosome edge before EHH decayed below 0.05. Skipping calculation at position 806626 id: CP020795.1_806626
WARNING: Reached chromosome edge before EHH decayed below 0.05. Skipping calculation at position 813945 id: CP020795.1_813945
WARNING: Reached chromosome edge before EHH decayed below 0.05. Skipping calculation at position 27857105 id: CP020795.1_27857105
WARNING: Reached chromosome edge before EHH decayed below 0.05. Skipping calculation at position 28134092 id: CP020795.1_28134092
WARNING: Reached chromosome edge before EHH decayed below 0.05. Skipping calculation at position 28147531 id: CP020795.1_28147531
WARNING: Reached chromosome edge before EHH decayed below 0.05. Skipping calculation at position 28152895 id: CP020795.1_28152895
WARNING: Reached chromosome edge before EHH decayed below 0.05. Skipping calculation at position 28164937 id: CP020795.1_28164937
WARNING: Reached chromosome edge before EHH decayed below 0.05. Skipping calculation at position 28167097 id: CP020795.1_28167097
WARNING: Reached chromosome edge before EHH decayed below 0.05. Skipping calculation at position 28168033 id: CP020795.1_28168033
WARNING: Reached chromosome edge before EHH decayed below 0.05. Skipping calculation at position 28174105 id: CP020795.1_28174105
WARNING: Reached chromosome edge before EHH decayed below 0.05. Skipping calculation at position 28189857 id: CP020795.1_28189857
WARNING: Reached chromosome edge before EHH decayed below 0.05. Skipping calculation at position 28201626 id: CP020795.1_28201626
WARNING: Reached chromosome edge before EHH decayed below 0.05. Skipping calculation at position 28201690 id: CP020795.1_28201690
WARNING: Reached chromosome edge before EHH decayed below 0.05. Skipping calculation at position 28256537 id: CP020795.1_28256537
WARNING: Reached chromosome edge before EHH decayed below 0.05. Skipping calculation at position 28305193 id: CP020795.1_28305193
WARNING: Reached chromosome edge before EHH decayed below 0.05. Skipping calculation at position 28335171 id: CP020795.1_28335171
WARNING: Reached chromosome edge before EHH decayed below 0.05. Skipping calculation at position 28354298 id: CP020795.1_28354298
WARNING: Reached chromosome edge before EHH decayed below 0.05. Skipping calculation at position 28371457 id: CP020795.1_28371457
WARNING: Reached chromosome edge before EHH decayed below 0.05. Skipping calculation at position 28375224 id: CP020795.1_28375224
WARNING: Reached chromosome edge before EHH decayed below 0.05. Skipping calculation at position 28415988 id: CP020795.1_28415988
WARNING: Reached chromosome edge before EHH decayed below 0.05. Skipping calculation at position 28433705 id: CP020795.1_28433705
WARNING: Reached chromosome edge before EHH decayed below 0.05. Skipping calculation at position 28436168 id: CP020795.1_28436168
WARNING: Reached chromosome edge before EHH decayed below 0.05. Skipping calculation at position 28452076 id: CP020795.1_28452076
WARNING: Reached chromosome edge before EHH decayed below 0.05. Skipping calculation at position 28462559 id: CP020795.1_28462559
WARNING: Reached chromosome edge before EHH decayed below 0.05. Skipping calculation at position 28466026 id: CP020795.1_28466026
WARNING: Reached chromosome edge before EHH decayed below 0.05. Skipping calculation at position 28466027 id: CP020795.1_28466027
WARNING: Reached chromosome edge before EHH decayed below 0.05. Skipping calculation at position 28536146 id: CP020795.1_28536146
WARNING: Reached chromosome edge before EHH decayed below 0.05. Skipping calculation at position 28560464 id: CP020795.1_28560464
WARNING: Reached chromosome edge before EHH decayed below 0.05. Skipping calculation at position 28632102 id: CP020795.1_28632102
WARNING: Reached chromosome edge before EHH decayed below 0.05. Skipping calculation at position 28648067 id: CP020795.1_28648067
WARNING: Reached chromosome edge before EHH decayed below 0.05. Skipping calculation at position 28654906 id: CP020795.1_28654906
WARNING: Reached chromosome edge before EHH decayed below 0.05. Skipping calculation at position 28657764 id: CP020795.1_28657764
WARNING: Reached chromosome edge before EHH decayed below 0.05. Skipping calculation at position 28657766 id: CP020795.1_28657766
WARNING: Reached chromosome edge before EHH decayed below 0.05. Skipping calculation at position 28657783 id: CP020795.1_28657783
WARNING: Reached chromosome edge before EHH decayed below 0.05. Skipping calculation at position 28664661 id: CP020795.1_28664661
WARNING: Reached chromosome edge before EHH decayed below 0.05. Skipping calculation at position 28710822 id: CP020795.1_28710822
WARNING: Reached chromosome edge before EHH decayed below 0.05. Skipping calculation at position 28713497 id: CP020795.1_28713497
WARNING: Reached chromosome edge before EHH decayed below 0.05. Skipping calculation at position 28715663 id: CP020795.1_28715663
WARNING: Reached chromosome edge before EHH decayed below 0.05. Skipping calculation at position 28745832 id: CP020795.1_28745832
WARNING: Reached chromosome edge before EHH decayed below 0.05. Skipping calculation at position 28748891 id: CP020795.1_28748891
WARNING: Reached chromosome edge before EHH decayed below 0.05. Skipping calculation at position 28748951 id: CP020795.1_28748951
WARNING: Reached chromosome edge before EHH decayed below 0.05. Skipping calculation at position 28763976 id: CP020795.1_28763976
WARNING: Reached chromosome edge before EHH decayed below 0.05. Skipping calculation at position 28765008 id: CP020795.1_28765008
WARNING: Reached chromosome edge before EHH decayed below 0.05. Skipping calculation at position 28781172 id: CP020795.1_28781172
WARNING: Reached chromosome edge before EHH decayed below 0.05. Skipping calculation at position 28781318 id: CP020795.1_28781318
WARNING: Reached chromosome edge before EHH decayed below 0.05. Skipping calculation at position 28789519 id: CP020795.1_28789519
WARNING: Reached chromosome edge before EHH decayed below 0.05. Skipping calculation at position 28794991 id: CP020795.1_28794991
WARNING: Reached chromosome edge before EHH decayed below 0.05. Skipping calculation at position 28796378 id: CP020795.1_28796378
WARNING: Reached chromosome edge before EHH decayed below 0.05. Skipping calculation at position 28796383 id: CP020795.1_28796383
