selscan --ihs --vcf ./selscan/sak40_biallelic_snps_CP020789.1_phased.bcf.gz --map ./selscan/sak40_biallelic_snps_CP020789.1_phased_position_cM_pos.map --out ./selscan/sak40_biallelic_snps_CP020789.1 
v2.0.2
Calculating  iHS.
Input filename: ./selscan/sak40_biallelic_snps_CP020789.1_phased.bcf.gz
Map filename: ./selscan/sak40_biallelic_snps_CP020789.1_phased_position_cM_pos.map
Output file: ./selscan/sak40_biallelic_snps_CP020789.1.ihs.out
Threads: 1
Scale parameter: 20000
Max gap parameter: 200000
EHH cutoff value: 0.05
Phased: yes
Alt flag set: no
--skip-low-freq set. Removing all variants < 0.05.
Removed 18076 low frequency variants.
WARNING: Reached chromosome edge before EHH decayed below 0.05. Skipping calculation at position 69194 id: CP020789.1_69194
WARNING: Reached chromosome edge before EHH decayed below 0.05. Skipping calculation at position 105759 id: CP020789.1_105759
WARNING: Reached chromosome edge before EHH decayed below 0.05. Skipping calculation at position 173584 id: CP020789.1_173584
WARNING: Reached chromosome edge before EHH decayed below 0.05. Skipping calculation at position 223935 id: CP020789.1_223935
WARNING: Reached chromosome edge before EHH decayed below 0.05. Skipping calculation at position 224695 id: CP020789.1_224695
WARNING: Reached chromosome edge before EHH decayed below 0.05. Skipping calculation at position 267796 id: CP020789.1_267796
WARNING: Reached chromosome edge before EHH decayed below 0.05. Skipping calculation at position 301648 id: CP020789.1_301648
WARNING: Reached chromosome edge before EHH decayed below 0.05. Skipping calculation at position 323690 id: CP020789.1_323690
WARNING: Reached chromosome edge before EHH decayed below 0.05. Skipping calculation at position 435417 id: CP020789.1_435417
WARNING: Reached chromosome edge before EHH decayed below 0.05. Skipping calculation at position 445356 id: CP020789.1_445356
WARNING: Reached chromosome edge before EHH decayed below 0.05. Skipping calculation at position 466011 id: CP020789.1_466011
WARNING: Reached chromosome edge before EHH decayed below 0.05. Skipping calculation at position 483545 id: CP020789.1_483545
WARNING: Reached chromosome edge before EHH decayed below 0.05. Skipping calculation at position 538249 id: CP020789.1_538249
WARNING: Reached chromosome edge before EHH decayed below 0.05. Skipping calculation at position 541991 id: CP020789.1_541991
WARNING: Reached chromosome edge before EHH decayed below 0.05. Skipping calculation at position 542802 id: CP020789.1_542802
WARNING: Reached chromosome edge before EHH decayed below 0.05. Skipping calculation at position 549957 id: CP020789.1_549957
WARNING: Reached chromosome edge before EHH decayed below 0.05. Skipping calculation at position 552369 id: CP020789.1_552369
WARNING: Reached chromosome edge before EHH decayed below 0.05. Skipping calculation at position 559495 id: CP020789.1_559495
WARNING: Reached chromosome edge before EHH decayed below 0.05. Skipping calculation at position 612510 id: CP020789.1_612510
WARNING: Reached chromosome edge before EHH decayed below 0.05. Skipping calculation at position 618993 id: CP020789.1_618993
WARNING: Reached chromosome edge before EHH decayed below 0.05. Skipping calculation at position 624997 id: CP020789.1_624997
WARNING: Reached chromosome edge before EHH decayed below 0.05. Skipping calculation at position 634283 id: CP020789.1_634283
WARNING: Reached chromosome edge before EHH decayed below 0.05. Skipping calculation at position 634284 id: CP020789.1_634284
WARNING: Reached chromosome edge before EHH decayed below 0.05. Skipping calculation at position 639509 id: CP020789.1_639509
WARNING: Reached chromosome edge before EHH decayed below 0.05. Skipping calculation at position 688670 id: CP020789.1_688670
WARNING: Reached chromosome edge before EHH decayed below 0.05. Skipping calculation at position 688672 id: CP020789.1_688672
WARNING: Reached chromosome edge before EHH decayed below 0.05. Skipping calculation at position 688683 id: CP020789.1_688683
WARNING: Reached chromosome edge before EHH decayed below 0.05. Skipping calculation at position 688800 id: CP020789.1_688800
WARNING: Reached chromosome edge before EHH decayed below 0.05. Skipping calculation at position 688910 id: CP020789.1_688910
WARNING: Reached chromosome edge before EHH decayed below 0.05. Skipping calculation at position 688949 id: CP020789.1_688949
WARNING: Reached chromosome edge before EHH decayed below 0.05. Skipping calculation at position 689121 id: CP020789.1_689121
WARNING: Reached chromosome edge before EHH decayed below 0.05. Skipping calculation at position 689241 id: CP020789.1_689241
WARNING: Reached chromosome edge before EHH decayed below 0.05. Skipping calculation at position 689501 id: CP020789.1_689501
WARNING: Reached chromosome edge before EHH decayed below 0.05. Skipping calculation at position 689569 id: CP020789.1_689569
WARNING: Reached chromosome edge before EHH decayed below 0.05. Skipping calculation at position 689721 id: CP020789.1_689721
WARNING: Reached chromosome edge before EHH decayed below 0.05. Skipping calculation at position 705450 id: CP020789.1_705450
WARNING: Reached chromosome edge before EHH decayed below 0.05. Skipping calculation at position 705458 id: CP020789.1_705458
WARNING: Reached chromosome edge before EHH decayed below 0.05. Skipping calculation at position 705474 id: CP020789.1_705474
WARNING: Reached chromosome edge before EHH decayed below 0.05. Skipping calculation at position 705478 id: CP020789.1_705478
WARNING: Reached chromosome edge before EHH decayed below 0.05. Skipping calculation at position 720758 id: CP020789.1_720758
WARNING: Reached chromosome edge before EHH decayed below 0.05. Skipping calculation at position 725468 id: CP020789.1_725468
WARNING: Reached chromosome edge before EHH decayed below 0.05. Skipping calculation at position 725469 id: CP020789.1_725469
WARNING: Reached chromosome edge before EHH decayed below 0.05. Skipping calculation at position 727036 id: CP020789.1_727036
WARNING: Reached chromosome edge before EHH decayed below 0.05. Skipping calculation at position 728401 id: CP020789.1_728401
WARNING: Reached chromosome edge before EHH decayed below 0.05. Skipping calculation at position 729887 id: CP020789.1_729887
WARNING: Reached chromosome edge before EHH decayed below 0.05. Skipping calculation at position 730067 id: CP020789.1_730067
WARNING: Reached chromosome edge before EHH decayed below 0.05. Skipping calculation at position 730432 id: CP020789.1_730432
WARNING: Reached chromosome edge before EHH decayed below 0.05. Skipping calculation at position 730672 id: CP020789.1_730672
WARNING: Reached chromosome edge before EHH decayed below 0.05. Skipping calculation at position 730678 id: CP020789.1_730678
WARNING: Reached chromosome edge before EHH decayed below 0.05. Skipping calculation at position 732624 id: CP020789.1_732624
WARNING: Reached chromosome edge before EHH decayed below 0.05. Skipping calculation at position 738388 id: CP020789.1_738388
WARNING: Reached chromosome edge before EHH decayed below 0.05. Skipping calculation at position 739879 id: CP020789.1_739879
WARNING: Reached chromosome edge before EHH decayed below 0.05. Skipping calculation at position 740631 id: CP020789.1_740631
WARNING: Reached chromosome edge before EHH decayed below 0.05. Skipping calculation at position 744961 id: CP020789.1_744961
WARNING: Reached chromosome edge before EHH decayed below 0.05. Skipping calculation at position 745125 id: CP020789.1_745125
WARNING: Reached chromosome edge before EHH decayed below 0.05. Skipping calculation at position 745992 id: CP020789.1_745992
WARNING: Reached chromosome edge before EHH decayed below 0.05. Skipping calculation at position 745993 id: CP020789.1_745993
WARNING: Reached chromosome edge before EHH decayed below 0.05. Skipping calculation at position 748607 id: CP020789.1_748607
WARNING: Reached chromosome edge before EHH decayed below 0.05. Skipping calculation at position 750279 id: CP020789.1_750279
WARNING: Reached chromosome edge before EHH decayed below 0.05. Skipping calculation at position 752289 id: CP020789.1_752289
WARNING: Reached chromosome edge before EHH decayed below 0.05. Skipping calculation at position 756309 id: CP020789.1_756309
WARNING: Reached chromosome edge before EHH decayed below 0.05. Skipping calculation at position 757674 id: CP020789.1_757674
WARNING: Reached chromosome edge before EHH decayed below 0.05. Skipping calculation at position 757779 id: CP020789.1_757779
WARNING: Reached chromosome edge before EHH decayed below 0.05. Skipping calculation at position 769758 id: CP020789.1_769758
WARNING: Reached chromosome edge before EHH decayed below 0.05. Skipping calculation at position 778200 id: CP020789.1_778200
WARNING: Reached chromosome edge before EHH decayed below 0.05. Skipping calculation at position 788385 id: CP020789.1_788385
WARNING: Reached chromosome edge before EHH decayed below 0.05. Skipping calculation at position 788394 id: CP020789.1_788394
WARNING: Reached chromosome edge before EHH decayed below 0.05. Skipping calculation at position 790345 id: CP020789.1_790345
WARNING: Reached chromosome edge before EHH decayed below 0.05. Skipping calculation at position 790907 id: CP020789.1_790907
WARNING: Reached chromosome edge before EHH decayed below 0.05. Skipping calculation at position 793566 id: CP020789.1_793566
WARNING: Reached chromosome edge before EHH decayed below 0.05. Skipping calculation at position 793642 id: CP020789.1_793642
WARNING: Reached chromosome edge before EHH decayed below 0.05. Skipping calculation at position 793676 id: CP020789.1_793676
WARNING: Reached chromosome edge before EHH decayed below 0.05. Skipping calculation at position 793739 id: CP020789.1_793739
WARNING: Reached chromosome edge before EHH decayed below 0.05. Skipping calculation at position 794089 id: CP020789.1_794089
WARNING: Reached chromosome edge before EHH decayed below 0.05. Skipping calculation at position 795055 id: CP020789.1_795055
WARNING: Reached chromosome edge before EHH decayed below 0.05. Skipping calculation at position 797248 id: CP020789.1_797248
WARNING: Reached chromosome edge before EHH decayed below 0.05. Skipping calculation at position 799462 id: CP020789.1_799462
WARNING: Reached chromosome edge before EHH decayed below 0.05. Skipping calculation at position 801557 id: CP020789.1_801557
WARNING: Reached chromosome edge before EHH decayed below 0.05. Skipping calculation at position 803524 id: CP020789.1_803524
WARNING: Reached chromosome edge before EHH decayed below 0.05. Skipping calculation at position 804490 id: CP020789.1_804490
WARNING: Reached chromosome edge before EHH decayed below 0.05. Skipping calculation at position 809252 id: CP020789.1_809252
WARNING: Reached chromosome edge before EHH decayed below 0.05. Skipping calculation at position 811445 id: CP020789.1_811445
WARNING: Reached chromosome edge before EHH decayed below 0.05. Skipping calculation at position 811952 id: CP020789.1_811952
WARNING: Reached chromosome edge before EHH decayed below 0.05. Skipping calculation at position 812315 id: CP020789.1_812315
WARNING: Reached chromosome edge before EHH decayed below 0.05. Skipping calculation at position 815603 id: CP020789.1_815603
WARNING: Reached chromosome edge before EHH decayed below 0.05. Skipping calculation at position 815642 id: CP020789.1_815642
WARNING: Reached chromosome edge before EHH decayed below 0.05. Skipping calculation at position 815655 id: CP020789.1_815655
WARNING: Reached chromosome edge before EHH decayed below 0.05. Skipping calculation at position 815656 id: CP020789.1_815656
WARNING: Reached chromosome edge before EHH decayed below 0.05. Skipping calculation at position 815732 id: CP020789.1_815732
WARNING: Reached chromosome edge before EHH decayed below 0.05. Skipping calculation at position 816496 id: CP020789.1_816496
WARNING: Reached chromosome edge before EHH decayed below 0.05. Skipping calculation at position 816503 id: CP020789.1_816503
WARNING: Reached chromosome edge before EHH decayed below 0.05. Skipping calculation at position 824217 id: CP020789.1_824217
WARNING: Reached chromosome edge before EHH decayed below 0.05. Skipping calculation at position 824595 id: CP020789.1_824595
WARNING: Reached chromosome edge before EHH decayed below 0.05. Skipping calculation at position 824599 id: CP020789.1_824599
WARNING: Reached chromosome edge before EHH decayed below 0.05. Skipping calculation at position 824608 id: CP020789.1_824608
WARNING: Reached chromosome edge before EHH decayed below 0.05. Skipping calculation at position 827809 id: CP020789.1_827809
WARNING: Reached chromosome edge before EHH decayed below 0.05. Skipping calculation at position 846280 id: CP020789.1_846280
WARNING: Reached chromosome edge before EHH decayed below 0.05. Skipping calculation at position 904978 id: CP020789.1_904978
WARNING: Reached chromosome edge before EHH decayed below 0.05. Skipping calculation at position 947697 id: CP020789.1_947697
WARNING: Reached chromosome edge before EHH decayed below 0.05. Skipping calculation at position 947703 id: CP020789.1_947703
WARNING: Reached chromosome edge before EHH decayed below 0.05. Skipping calculation at position 24518458 id: CP020789.1_24518458
WARNING: Reached chromosome edge before EHH decayed below 0.05. Skipping calculation at position 24518681 id: CP020789.1_24518681
WARNING: Reached chromosome edge before EHH decayed below 0.05. Skipping calculation at position 24519876 id: CP020789.1_24519876
WARNING: Reached chromosome edge before EHH decayed below 0.05. Skipping calculation at position 24524853 id: CP020789.1_24524853
WARNING: Reached chromosome edge before EHH decayed below 0.05. Skipping calculation at position 24531182 id: CP020789.1_24531182
WARNING: Reached chromosome edge before EHH decayed below 0.05. Skipping calculation at position 24718208 id: CP020789.1_24718208
WARNING: Reached chromosome edge before EHH decayed below 0.05. Skipping calculation at position 24751348 id: CP020789.1_24751348
WARNING: Reached chromosome edge before EHH decayed below 0.05. Skipping calculation at position 24799882 id: CP020789.1_24799882
WARNING: Reached chromosome edge before EHH decayed below 0.05. Skipping calculation at position 24800032 id: CP020789.1_24800032
WARNING: Reached chromosome edge before EHH decayed below 0.05. Skipping calculation at position 24800805 id: CP020789.1_24800805
WARNING: Reached chromosome edge before EHH decayed below 0.05. Skipping calculation at position 24801499 id: CP020789.1_24801499
WARNING: Reached chromosome edge before EHH decayed below 0.05. Skipping calculation at position 24801503 id: CP020789.1_24801503
WARNING: Reached chromosome edge before EHH decayed below 0.05. Skipping calculation at position 24802673 id: CP020789.1_24802673
WARNING: Reached chromosome edge before EHH decayed below 0.05. Skipping calculation at position 24947843 id: CP020789.1_24947843
WARNING: Reached chromosome edge before EHH decayed below 0.05. Skipping calculation at position 24947867 id: CP020789.1_24947867
WARNING: Reached chromosome edge before EHH decayed below 0.05. Skipping calculation at position 24947910 id: CP020789.1_24947910
WARNING: Reached chromosome edge before EHH decayed below 0.05. Skipping calculation at position 24948497 id: CP020789.1_24948497
WARNING: Reached chromosome edge before EHH decayed below 0.05. Skipping calculation at position 24948526 id: CP020789.1_24948526
WARNING: Reached chromosome edge before EHH decayed below 0.05. Skipping calculation at position 24948620 id: CP020789.1_24948620
WARNING: Reached chromosome edge before EHH decayed below 0.05. Skipping calculation at position 24948754 id: CP020789.1_24948754
WARNING: Reached chromosome edge before EHH decayed below 0.05. Skipping calculation at position 24982852 id: CP020789.1_24982852
WARNING: Reached chromosome edge before EHH decayed below 0.05. Skipping calculation at position 24984678 id: CP020789.1_24984678
WARNING: Reached chromosome edge before EHH decayed below 0.05. Skipping calculation at position 24984693 id: CP020789.1_24984693
WARNING: Reached chromosome edge before EHH decayed below 0.05. Skipping calculation at position 24985148 id: CP020789.1_24985148
WARNING: Reached chromosome edge before EHH decayed below 0.05. Skipping calculation at position 24985161 id: CP020789.1_24985161
WARNING: Reached chromosome edge before EHH decayed below 0.05. Skipping calculation at position 24985238 id: CP020789.1_24985238
WARNING: Reached chromosome edge before EHH decayed below 0.05. Skipping calculation at position 24985293 id: CP020789.1_24985293
WARNING: Reached chromosome edge before EHH decayed below 0.05. Skipping calculation at position 24985541 id: CP020789.1_24985541
WARNING: Reached chromosome edge before EHH decayed below 0.05. Skipping calculation at position 24985546 id: CP020789.1_24985546
WARNING: Reached chromosome edge before EHH decayed below 0.05. Skipping calculation at position 24986048 id: CP020789.1_24986048
WARNING: Reached chromosome edge before EHH decayed below 0.05. Skipping calculation at position 25054960 id: CP020789.1_25054960
WARNING: Reached chromosome edge before EHH decayed below 0.05. Skipping calculation at position 25055033 id: CP020789.1_25055033
WARNING: Reached chromosome edge before EHH decayed below 0.05. Skipping calculation at position 25055081 id: CP020789.1_25055081
WARNING: Reached chromosome edge before EHH decayed below 0.05. Skipping calculation at position 25055087 id: CP020789.1_25055087
WARNING: Reached chromosome edge before EHH decayed below 0.05. Skipping calculation at position 25055280 id: CP020789.1_25055280
WARNING: Reached chromosome edge before EHH decayed below 0.05. Skipping calculation at position 25055410 id: CP020789.1_25055410
WARNING: Reached chromosome edge before EHH decayed below 0.05. Skipping calculation at position 25055522 id: CP020789.1_25055522
WARNING: Reached chromosome edge before EHH decayed below 0.05. Skipping calculation at position 25055533 id: CP020789.1_25055533
WARNING: Reached chromosome edge before EHH decayed below 0.05. Skipping calculation at position 25055637 id: CP020789.1_25055637
WARNING: Reached chromosome edge before EHH decayed below 0.05. Skipping calculation at position 25056594 id: CP020789.1_25056594
WARNING: Reached chromosome edge before EHH decayed below 0.05. Skipping calculation at position 25056642 id: CP020789.1_25056642
WARNING: Reached chromosome edge before EHH decayed below 0.05. Skipping calculation at position 25057197 id: CP020789.1_25057197
WARNING: Reached chromosome edge before EHH decayed below 0.05. Skipping calculation at position 25057203 id: CP020789.1_25057203
WARNING: Reached chromosome edge before EHH decayed below 0.05. Skipping calculation at position 25057934 id: CP020789.1_25057934
WARNING: Reached chromosome edge before EHH decayed below 0.05. Skipping calculation at position 25057936 id: CP020789.1_25057936
WARNING: Reached chromosome edge before EHH decayed below 0.05. Skipping calculation at position 25058073 id: CP020789.1_25058073
WARNING: Reached chromosome edge before EHH decayed below 0.05. Skipping calculation at position 25058667 id: CP020789.1_25058667
WARNING: Reached chromosome edge before EHH decayed below 0.05. Skipping calculation at position 25100299 id: CP020789.1_25100299
WARNING: Reached chromosome edge before EHH decayed below 0.05. Skipping calculation at position 25237064 id: CP020789.1_25237064
WARNING: Reached chromosome edge before EHH decayed below 0.05. Skipping calculation at position 25419372 id: CP020789.1_25419372
