selscan --ihs --vcf ./selscan/sak40_biallelic_snps_CP020799.1_phased.bcf.gz --map ./selscan/sak40_biallelic_snps_CP020799.1_phased_position_cM_pos.map --out ./selscan/sak40_biallelic_snps_CP020799.1 
v2.0.2
Calculating  iHS.
Input filename: ./selscan/sak40_biallelic_snps_CP020799.1_phased.bcf.gz
Map filename: ./selscan/sak40_biallelic_snps_CP020799.1_phased_position_cM_pos.map
Output file: ./selscan/sak40_biallelic_snps_CP020799.1.ihs.out
Threads: 1
Scale parameter: 20000
Max gap parameter: 200000
EHH cutoff value: 0.05
Phased: yes
Alt flag set: no
--skip-low-freq set. Removing all variants < 0.05.
Removed 22741 low frequency variants.
WARNING: Reached chromosome edge before EHH decayed below 0.05. Skipping calculation at position 6633 id: CP020799.1_6633
WARNING: Reached a gap of 304153bp > 200000bp. Skipping calculation at position 310786 id: CP020799.1_310786
WARNING: Reached a gap of 304153bp > 200000bp. Skipping calculation at position 327975 id: CP020799.1_327975
WARNING: Reached a gap of 304153bp > 200000bp. Skipping calculation at position 343815 id: CP020799.1_343815
WARNING: Reached a gap of 304153bp > 200000bp. Skipping calculation at position 346904 id: CP020799.1_346904
WARNING: Reached a gap of 304153bp > 200000bp. Skipping calculation at position 514094 id: CP020799.1_514094
WARNING: Reached a gap of 304153bp > 200000bp. Skipping calculation at position 533330 id: CP020799.1_533330
WARNING: Reached a gap of 304153bp > 200000bp. Skipping calculation at position 534231 id: CP020799.1_534231
WARNING: Reached a gap of 304153bp > 200000bp. Skipping calculation at position 569959 id: CP020799.1_569959
WARNING: Reached a gap of 304153bp > 200000bp. Skipping calculation at position 596815 id: CP020799.1_596815
WARNING: Reached a gap of 304153bp > 200000bp. Skipping calculation at position 638067 id: CP020799.1_638067
WARNING: Reached a gap of 304153bp > 200000bp. Skipping calculation at position 646048 id: CP020799.1_646048
WARNING: Reached a gap of 304153bp > 200000bp. Skipping calculation at position 699414 id: CP020799.1_699414
WARNING: Reached a gap of 304153bp > 200000bp. Skipping calculation at position 733366 id: CP020799.1_733366
WARNING: Reached a gap of 304153bp > 200000bp. Skipping calculation at position 744990 id: CP020799.1_744990
WARNING: Reached a gap of 304153bp > 200000bp. Skipping calculation at position 752736 id: CP020799.1_752736
WARNING: Reached a gap of 304153bp > 200000bp. Skipping calculation at position 773120 id: CP020799.1_773120
WARNING: Reached a gap of 304153bp > 200000bp. Skipping calculation at position 785613 id: CP020799.1_785613
WARNING: Reached a gap of 304153bp > 200000bp. Skipping calculation at position 834248 id: CP020799.1_834248
WARNING: Reached a gap of 304153bp > 200000bp. Skipping calculation at position 910721 id: CP020799.1_910721
WARNING: Reached a gap of 304153bp > 200000bp. Skipping calculation at position 916023 id: CP020799.1_916023
WARNING: Reached a gap of 304153bp > 200000bp. Skipping calculation at position 955185 id: CP020799.1_955185
WARNING: Reached a gap of 304153bp > 200000bp. Skipping calculation at position 977146 id: CP020799.1_977146
WARNING: Reached a gap of 304153bp > 200000bp. Skipping calculation at position 995145 id: CP020799.1_995145
WARNING: Reached a gap of 304153bp > 200000bp. Skipping calculation at position 1002641 id: CP020799.1_1002641
WARNING: Reached a gap of 304153bp > 200000bp. Skipping calculation at position 1004783 id: CP020799.1_1004783
WARNING: Reached a gap of 304153bp > 200000bp. Skipping calculation at position 1046512 id: CP020799.1_1046512
WARNING: Reached a gap of 304153bp > 200000bp. Skipping calculation at position 1063307 id: CP020799.1_1063307
WARNING: Reached a gap of 304153bp > 200000bp. Skipping calculation at position 1091676 id: CP020799.1_1091676
WARNING: Reached a gap of 304153bp > 200000bp. Skipping calculation at position 1129766 id: CP020799.1_1129766
WARNING: Reached a gap of 304153bp > 200000bp. Skipping calculation at position 1165168 id: CP020799.1_1165168
WARNING: Reached a gap of 304153bp > 200000bp. Skipping calculation at position 1204521 id: CP020799.1_1204521
WARNING: Reached a gap of 304153bp > 200000bp. Skipping calculation at position 1204522 id: CP020799.1_1204522
WARNING: Reached a gap of 304153bp > 200000bp. Skipping calculation at position 1211135 id: CP020799.1_1211135
WARNING: Reached a gap of 304153bp > 200000bp. Skipping calculation at position 1222243 id: CP020799.1_1222243
WARNING: Reached a gap of 304153bp > 200000bp. Skipping calculation at position 1224408 id: CP020799.1_1224408
WARNING: Reached a gap of 304153bp > 200000bp. Skipping calculation at position 1224434 id: CP020799.1_1224434
WARNING: Reached a gap of 304153bp > 200000bp. Skipping calculation at position 1234905 id: CP020799.1_1234905
WARNING: Reached a gap of 304153bp > 200000bp. Skipping calculation at position 1235085 id: CP020799.1_1235085
WARNING: Reached a gap of 304153bp > 200000bp. Skipping calculation at position 1242638 id: CP020799.1_1242638
WARNING: Reached a gap of 304153bp > 200000bp. Skipping calculation at position 1297251 id: CP020799.1_1297251
WARNING: Reached a gap of 304153bp > 200000bp. Skipping calculation at position 1298021 id: CP020799.1_1298021
WARNING: Reached a gap of 232097bp > 200000bp. Skipping calculation at position 12531167 id: CP020799.1_12531167
WARNING: Reached a gap of 232097bp > 200000bp. Skipping calculation at position 12540164 id: CP020799.1_12540164
WARNING: Reached a gap of 232097bp > 200000bp. Skipping calculation at position 12703787 id: CP020799.1_12703787
WARNING: Reached a gap of 232097bp > 200000bp. Skipping calculation at position 12781336 id: CP020799.1_12781336
WARNING: Reached a gap of 232097bp > 200000bp. Skipping calculation at position 12794780 id: CP020799.1_12794780
WARNING: Reached a gap of 232097bp > 200000bp. Skipping calculation at position 12797910 id: CP020799.1_12797910
WARNING: Reached a gap of 232097bp > 200000bp. Skipping calculation at position 12800885 id: CP020799.1_12800885
WARNING: Reached a gap of 232097bp > 200000bp. Skipping calculation at position 12800897 id: CP020799.1_12800897
WARNING: Reached a gap of 232097bp > 200000bp. Skipping calculation at position 12801144 id: CP020799.1_12801144
WARNING: Reached a gap of 232097bp > 200000bp. Skipping calculation at position 12801210 id: CP020799.1_12801210
WARNING: Reached a gap of 232097bp > 200000bp. Skipping calculation at position 12802755 id: CP020799.1_12802755
WARNING: Reached a gap of 232097bp > 200000bp. Skipping calculation at position 12802811 id: CP020799.1_12802811
WARNING: Reached a gap of 232097bp > 200000bp. Skipping calculation at position 12812558 id: CP020799.1_12812558
WARNING: Reached a gap of 232097bp > 200000bp. Skipping calculation at position 12822576 id: CP020799.1_12822576
WARNING: Reached a gap of 232097bp > 200000bp. Skipping calculation at position 12822702 id: CP020799.1_12822702
WARNING: Reached a gap of 232097bp > 200000bp. Skipping calculation at position 12866881 id: CP020799.1_12866881
WARNING: Reached a gap of 232097bp > 200000bp. Skipping calculation at position 12866896 id: CP020799.1_12866896
WARNING: Reached a gap of 232097bp > 200000bp. Skipping calculation at position 12867411 id: CP020799.1_12867411
WARNING: Reached a gap of 232097bp > 200000bp. Skipping calculation at position 12907487 id: CP020799.1_12907487
WARNING: Reached a gap of 232097bp > 200000bp. Skipping calculation at position 12907944 id: CP020799.1_12907944
WARNING: Reached a gap of 232097bp > 200000bp. Skipping calculation at position 12912410 id: CP020799.1_12912410
WARNING: Reached a gap of 232097bp > 200000bp. Skipping calculation at position 12932441 id: CP020799.1_12932441
WARNING: Reached a gap of 232097bp > 200000bp. Skipping calculation at position 12992563 id: CP020799.1_12992563
WARNING: Reached a gap of 232097bp > 200000bp. Skipping calculation at position 12992603 id: CP020799.1_12992603
WARNING: Reached a gap of 232097bp > 200000bp. Skipping calculation at position 13103882 id: CP020799.1_13103882
WARNING: Reached a gap of 232097bp > 200000bp. Skipping calculation at position 13104364 id: CP020799.1_13104364
WARNING: Reached a gap of 232097bp > 200000bp. Skipping calculation at position 13104882 id: CP020799.1_13104882
WARNING: Reached a gap of 232097bp > 200000bp. Skipping calculation at position 13112923 id: CP020799.1_13112923
WARNING: Reached a gap of 232097bp > 200000bp. Skipping calculation at position 13145334 id: CP020799.1_13145334
WARNING: Reached a gap of 232097bp > 200000bp. Skipping calculation at position 13157728 id: CP020799.1_13157728
WARNING: Reached a gap of 232097bp > 200000bp. Skipping calculation at position 13157739 id: CP020799.1_13157739
WARNING: Reached a gap of 232097bp > 200000bp. Skipping calculation at position 13157757 id: CP020799.1_13157757
WARNING: Reached a gap of 232097bp > 200000bp. Skipping calculation at position 13162243 id: CP020799.1_13162243
WARNING: Reached a gap of 232097bp > 200000bp. Skipping calculation at position 13163053 id: CP020799.1_13163053
WARNING: Reached a gap of 232097bp > 200000bp. Skipping calculation at position 13167564 id: CP020799.1_13167564
WARNING: Reached a gap of 232097bp > 200000bp. Skipping calculation at position 13212314 id: CP020799.1_13212314
WARNING: Reached a gap of 232097bp > 200000bp. Skipping calculation at position 13216132 id: CP020799.1_13216132
WARNING: Reached a gap of 232097bp > 200000bp. Skipping calculation at position 13217712 id: CP020799.1_13217712
WARNING: Reached a gap of 232097bp > 200000bp. Skipping calculation at position 13361425 id: CP020799.1_13361425
WARNING: Reached a gap of 232097bp > 200000bp. Skipping calculation at position 13377978 id: CP020799.1_13377978
WARNING: Reached a gap of 232097bp > 200000bp. Skipping calculation at position 13387529 id: CP020799.1_13387529
WARNING: Reached a gap of 232097bp > 200000bp. Skipping calculation at position 13410829 id: CP020799.1_13410829
WARNING: Reached a gap of 232097bp > 200000bp. Skipping calculation at position 13504354 id: CP020799.1_13504354
WARNING: Reached a gap of 232097bp > 200000bp. Skipping calculation at position 13525698 id: CP020799.1_13525698
WARNING: Reached a gap of 232097bp > 200000bp. Skipping calculation at position 13757795 id: CP020799.1_13757795
WARNING: Reached a gap of 232097bp > 200000bp. Skipping calculation at position 13775232 id: CP020799.1_13775232
WARNING: Reached a gap of 232097bp > 200000bp. Skipping calculation at position 13782078 id: CP020799.1_13782078
WARNING: Reached a gap of 232097bp > 200000bp. Skipping calculation at position 13838999 id: CP020799.1_13838999
WARNING: Reached a gap of 232097bp > 200000bp. Skipping calculation at position 13865433 id: CP020799.1_13865433
WARNING: Reached a gap of 232097bp > 200000bp. Skipping calculation at position 13898413 id: CP020799.1_13898413
WARNING: Reached a gap of 232097bp > 200000bp. Skipping calculation at position 13916066 id: CP020799.1_13916066
WARNING: Reached a gap of 232097bp > 200000bp. Skipping calculation at position 13960141 id: CP020799.1_13960141
WARNING: Reached a gap of 232097bp > 200000bp. Skipping calculation at position 13980706 id: CP020799.1_13980706
WARNING: Reached a gap of 232097bp > 200000bp. Skipping calculation at position 14028546 id: CP020799.1_14028546
WARNING: Reached a gap of 232097bp > 200000bp. Skipping calculation at position 14031969 id: CP020799.1_14031969
WARNING: Reached a gap of 232097bp > 200000bp. Skipping calculation at position 14032521 id: CP020799.1_14032521
WARNING: Reached a gap of 232097bp > 200000bp. Skipping calculation at position 14033918 id: CP020799.1_14033918
WARNING: Reached a gap of 232097bp > 200000bp. Skipping calculation at position 14041150 id: CP020799.1_14041150
WARNING: Reached a gap of 232097bp > 200000bp. Skipping calculation at position 14048684 id: CP020799.1_14048684
WARNING: Reached a gap of 232097bp > 200000bp. Skipping calculation at position 14056570 id: CP020799.1_14056570
WARNING: Reached a gap of 232097bp > 200000bp. Skipping calculation at position 14057280 id: CP020799.1_14057280
WARNING: Reached a gap of 232097bp > 200000bp. Skipping calculation at position 14067508 id: CP020799.1_14067508
WARNING: Reached a gap of 232097bp > 200000bp. Skipping calculation at position 14073045 id: CP020799.1_14073045
WARNING: Reached a gap of 232097bp > 200000bp. Skipping calculation at position 14098930 id: CP020799.1_14098930
WARNING: Reached a gap of 232097bp > 200000bp. Skipping calculation at position 14103203 id: CP020799.1_14103203
WARNING: Reached a gap of 232097bp > 200000bp. Skipping calculation at position 14114596 id: CP020799.1_14114596
WARNING: Reached a gap of 232097bp > 200000bp. Skipping calculation at position 14114598 id: CP020799.1_14114598
WARNING: Reached a gap of 232097bp > 200000bp. Skipping calculation at position 14130368 id: CP020799.1_14130368
WARNING: Reached a gap of 232097bp > 200000bp. Skipping calculation at position 14133675 id: CP020799.1_14133675
WARNING: Reached a gap of 232097bp > 200000bp. Skipping calculation at position 14133811 id: CP020799.1_14133811
WARNING: Reached a gap of 232097bp > 200000bp. Skipping calculation at position 14133966 id: CP020799.1_14133966
WARNING: Reached a gap of 232097bp > 200000bp. Skipping calculation at position 14134557 id: CP020799.1_14134557
WARNING: Reached a gap of 232097bp > 200000bp. Skipping calculation at position 14134706 id: CP020799.1_14134706
WARNING: Reached a gap of 232097bp > 200000bp. Skipping calculation at position 14144573 id: CP020799.1_14144573
WARNING: Reached a gap of 232097bp > 200000bp. Skipping calculation at position 14148872 id: CP020799.1_14148872
WARNING: Reached a gap of 232097bp > 200000bp. Skipping calculation at position 14165255 id: CP020799.1_14165255
WARNING: Reached a gap of 232097bp > 200000bp. Skipping calculation at position 14165567 id: CP020799.1_14165567
WARNING: Reached a gap of 232097bp > 200000bp. Skipping calculation at position 14168392 id: CP020799.1_14168392
WARNING: Reached a gap of 232097bp > 200000bp. Skipping calculation at position 14188633 id: CP020799.1_14188633
WARNING: Reached a gap of 232097bp > 200000bp. Skipping calculation at position 14196839 id: CP020799.1_14196839
WARNING: Reached a gap of 232097bp > 200000bp. Skipping calculation at position 14220535 id: CP020799.1_14220535
WARNING: Reached a gap of 232097bp > 200000bp. Skipping calculation at position 14226424 id: CP020799.1_14226424
WARNING: Reached a gap of 232097bp > 200000bp. Skipping calculation at position 14226979 id: CP020799.1_14226979
WARNING: Reached a gap of 232097bp > 200000bp. Skipping calculation at position 14259234 id: CP020799.1_14259234
WARNING: Reached a gap of 232097bp > 200000bp. Skipping calculation at position 14260211 id: CP020799.1_14260211
WARNING: Reached a gap of 232097bp > 200000bp. Skipping calculation at position 14286062 id: CP020799.1_14286062
WARNING: Reached a gap of 232097bp > 200000bp. Skipping calculation at position 14332110 id: CP020799.1_14332110
WARNING: Reached a gap of 232097bp > 200000bp. Skipping calculation at position 14361070 id: CP020799.1_14361070
WARNING: Reached a gap of 232097bp > 200000bp. Skipping calculation at position 14366080 id: CP020799.1_14366080
WARNING: Reached chromosome edge before EHH decayed below 0.05. Skipping calculation at position 28730701 id: CP020799.1_28730701
WARNING: Reached chromosome edge before EHH decayed below 0.05. Skipping calculation at position 28864413 id: CP020799.1_28864413
WARNING: Reached chromosome edge before EHH decayed below 0.05. Skipping calculation at position 28953620 id: CP020799.1_28953620
WARNING: Reached chromosome edge before EHH decayed below 0.05. Skipping calculation at position 28964622 id: CP020799.1_28964622
WARNING: Reached chromosome edge before EHH decayed below 0.05. Skipping calculation at position 28971378 id: CP020799.1_28971378
WARNING: Reached chromosome edge before EHH decayed below 0.05. Skipping calculation at position 28985465 id: CP020799.1_28985465
WARNING: Reached chromosome edge before EHH decayed below 0.05. Skipping calculation at position 29035660 id: CP020799.1_29035660
WARNING: Reached chromosome edge before EHH decayed below 0.05. Skipping calculation at position 29046549 id: CP020799.1_29046549
WARNING: Reached chromosome edge before EHH decayed below 0.05. Skipping calculation at position 29076064 id: CP020799.1_29076064
WARNING: Reached chromosome edge before EHH decayed below 0.05. Skipping calculation at position 29076790 id: CP020799.1_29076790
WARNING: Reached chromosome edge before EHH decayed below 0.05. Skipping calculation at position 29088277 id: CP020799.1_29088277
WARNING: Reached chromosome edge before EHH decayed below 0.05. Skipping calculation at position 29099971 id: CP020799.1_29099971
WARNING: Reached chromosome edge before EHH decayed below 0.05. Skipping calculation at position 29117020 id: CP020799.1_29117020
WARNING: Reached chromosome edge before EHH decayed below 0.05. Skipping calculation at position 29117719 id: CP020799.1_29117719
WARNING: Reached chromosome edge before EHH decayed below 0.05. Skipping calculation at position 29137952 id: CP020799.1_29137952
WARNING: Reached chromosome edge before EHH decayed below 0.05. Skipping calculation at position 29164093 id: CP020799.1_29164093
WARNING: Reached chromosome edge before EHH decayed below 0.05. Skipping calculation at position 29172951 id: CP020799.1_29172951
WARNING: Reached chromosome edge before EHH decayed below 0.05. Skipping calculation at position 29187180 id: CP020799.1_29187180
WARNING: Reached chromosome edge before EHH decayed below 0.05. Skipping calculation at position 29201246 id: CP020799.1_29201246
WARNING: Reached chromosome edge before EHH decayed below 0.05. Skipping calculation at position 29215847 id: CP020799.1_29215847
WARNING: Reached chromosome edge before EHH decayed below 0.05. Skipping calculation at position 29216081 id: CP020799.1_29216081
WARNING: Reached chromosome edge before EHH decayed below 0.05. Skipping calculation at position 29232934 id: CP020799.1_29232934
WARNING: Reached chromosome edge before EHH decayed below 0.05. Skipping calculation at position 29245569 id: CP020799.1_29245569
WARNING: Reached chromosome edge before EHH decayed below 0.05. Skipping calculation at position 29254176 id: CP020799.1_29254176
WARNING: Reached chromosome edge before EHH decayed below 0.05. Skipping calculation at position 29319859 id: CP020799.1_29319859
WARNING: Reached chromosome edge before EHH decayed below 0.05. Skipping calculation at position 29325397 id: CP020799.1_29325397
WARNING: Reached chromosome edge before EHH decayed below 0.05. Skipping calculation at position 29369817 id: CP020799.1_29369817
WARNING: Reached chromosome edge before EHH decayed below 0.05. Skipping calculation at position 29449664 id: CP020799.1_29449664
WARNING: Reached chromosome edge before EHH decayed below 0.05. Skipping calculation at position 29478452 id: CP020799.1_29478452
WARNING: Reached chromosome edge before EHH decayed below 0.05. Skipping calculation at position 29478774 id: CP020799.1_29478774
WARNING: Reached chromosome edge before EHH decayed below 0.05. Skipping calculation at position 29478778 id: CP020799.1_29478778
WARNING: Reached chromosome edge before EHH decayed below 0.05. Skipping calculation at position 29519829 id: CP020799.1_29519829
WARNING: Reached chromosome edge before EHH decayed below 0.05. Skipping calculation at position 29575608 id: CP020799.1_29575608
WARNING: Reached chromosome edge before EHH decayed below 0.05. Skipping calculation at position 29666445 id: CP020799.1_29666445
WARNING: Reached chromosome edge before EHH decayed below 0.05. Skipping calculation at position 29670777 id: CP020799.1_29670777
WARNING: Reached chromosome edge before EHH decayed below 0.05. Skipping calculation at position 29680595 id: CP020799.1_29680595
WARNING: Reached chromosome edge before EHH decayed below 0.05. Skipping calculation at position 29718688 id: CP020799.1_29718688
WARNING: Reached chromosome edge before EHH decayed below 0.05. Skipping calculation at position 29719385 id: CP020799.1_29719385
