selscan --ihs --vcf ./selscan/sak40_biallelic_snps_CP020781.1_phased.bcf.gz --map ./selscan/sak40_biallelic_snps_CP020781.1_phased_position_cM_pos.map --out ./selscan/sak40_biallelic_snps_CP020781.1 
v2.0.2
Calculating  iHS.
Input filename: ./selscan/sak40_biallelic_snps_CP020781.1_phased.bcf.gz
Map filename: ./selscan/sak40_biallelic_snps_CP020781.1_phased_position_cM_pos.map
Output file: ./selscan/sak40_biallelic_snps_CP020781.1.ihs.out
Threads: 1
Scale parameter: 20000
Max gap parameter: 200000
EHH cutoff value: 0.05
Phased: yes
Alt flag set: no
--skip-low-freq set. Removing all variants < 0.05.
Removed 27517 low frequency variants.
WARNING: Reached chromosome edge before EHH decayed below 0.05. Skipping calculation at position 3112 id: CP020781.1_3112
WARNING: Reached chromosome edge before EHH decayed below 0.05. Skipping calculation at position 3361 id: CP020781.1_3361
WARNING: Reached chromosome edge before EHH decayed below 0.05. Skipping calculation at position 3364 id: CP020781.1_3364
WARNING: Reached chromosome edge before EHH decayed below 0.05. Skipping calculation at position 4294 id: CP020781.1_4294
WARNING: Reached chromosome edge before EHH decayed below 0.05. Skipping calculation at position 4296 id: CP020781.1_4296
WARNING: Reached chromosome edge before EHH decayed below 0.05. Skipping calculation at position 4309 id: CP020781.1_4309
WARNING: Reached chromosome edge before EHH decayed below 0.05. Skipping calculation at position 4321 id: CP020781.1_4321
WARNING: Reached chromosome edge before EHH decayed below 0.05. Skipping calculation at position 4351 id: CP020781.1_4351
WARNING: Reached chromosome edge before EHH decayed below 0.05. Skipping calculation at position 4357 id: CP020781.1_4357
WARNING: Reached chromosome edge before EHH decayed below 0.05. Skipping calculation at position 4375 id: CP020781.1_4375
WARNING: Reached chromosome edge before EHH decayed below 0.05. Skipping calculation at position 4384 id: CP020781.1_4384
WARNING: Reached chromosome edge before EHH decayed below 0.05. Skipping calculation at position 4407 id: CP020781.1_4407
WARNING: Reached chromosome edge before EHH decayed below 0.05. Skipping calculation at position 4413 id: CP020781.1_4413
WARNING: Reached chromosome edge before EHH decayed below 0.05. Skipping calculation at position 4433 id: CP020781.1_4433
WARNING: Reached chromosome edge before EHH decayed below 0.05. Skipping calculation at position 4442 id: CP020781.1_4442
WARNING: Reached chromosome edge before EHH decayed below 0.05. Skipping calculation at position 4475 id: CP020781.1_4475
WARNING: Reached chromosome edge before EHH decayed below 0.05. Skipping calculation at position 4498 id: CP020781.1_4498
WARNING: Reached chromosome edge before EHH decayed below 0.05. Skipping calculation at position 4539 id: CP020781.1_4539
WARNING: Reached chromosome edge before EHH decayed below 0.05. Skipping calculation at position 4540 id: CP020781.1_4540
WARNING: Reached chromosome edge before EHH decayed below 0.05. Skipping calculation at position 4554 id: CP020781.1_4554
WARNING: Reached chromosome edge before EHH decayed below 0.05. Skipping calculation at position 4560 id: CP020781.1_4560
WARNING: Reached chromosome edge before EHH decayed below 0.05. Skipping calculation at position 6790 id: CP020781.1_6790
WARNING: Reached chromosome edge before EHH decayed below 0.05. Skipping calculation at position 6816 id: CP020781.1_6816
WARNING: Reached chromosome edge before EHH decayed below 0.05. Skipping calculation at position 6820 id: CP020781.1_6820
WARNING: Reached chromosome edge before EHH decayed below 0.05. Skipping calculation at position 6821 id: CP020781.1_6821
WARNING: Reached chromosome edge before EHH decayed below 0.05. Skipping calculation at position 6837 id: CP020781.1_6837
WARNING: Reached chromosome edge before EHH decayed below 0.05. Skipping calculation at position 6853 id: CP020781.1_6853
WARNING: Reached chromosome edge before EHH decayed below 0.05. Skipping calculation at position 6877 id: CP020781.1_6877
WARNING: Reached chromosome edge before EHH decayed below 0.05. Skipping calculation at position 6935 id: CP020781.1_6935
WARNING: Reached chromosome edge before EHH decayed below 0.05. Skipping calculation at position 6938 id: CP020781.1_6938
WARNING: Reached chromosome edge before EHH decayed below 0.05. Skipping calculation at position 6943 id: CP020781.1_6943
WARNING: Reached chromosome edge before EHH decayed below 0.05. Skipping calculation at position 6947 id: CP020781.1_6947
WARNING: Reached chromosome edge before EHH decayed below 0.05. Skipping calculation at position 6968 id: CP020781.1_6968
WARNING: Reached chromosome edge before EHH decayed below 0.05. Skipping calculation at position 7049 id: CP020781.1_7049
WARNING: Reached chromosome edge before EHH decayed below 0.05. Skipping calculation at position 7051 id: CP020781.1_7051
WARNING: Reached chromosome edge before EHH decayed below 0.05. Skipping calculation at position 7056 id: CP020781.1_7056
WARNING: Reached chromosome edge before EHH decayed below 0.05. Skipping calculation at position 7069 id: CP020781.1_7069
WARNING: Reached chromosome edge before EHH decayed below 0.05. Skipping calculation at position 7525 id: CP020781.1_7525
WARNING: Reached chromosome edge before EHH decayed below 0.05. Skipping calculation at position 7626 id: CP020781.1_7626
WARNING: Reached chromosome edge before EHH decayed below 0.05. Skipping calculation at position 7627 id: CP020781.1_7627
WARNING: Reached chromosome edge before EHH decayed below 0.05. Skipping calculation at position 7782 id: CP020781.1_7782
WARNING: Reached chromosome edge before EHH decayed below 0.05. Skipping calculation at position 8258 id: CP020781.1_8258
WARNING: Reached chromosome edge before EHH decayed below 0.05. Skipping calculation at position 9309 id: CP020781.1_9309
WARNING: Reached chromosome edge before EHH decayed below 0.05. Skipping calculation at position 9311 id: CP020781.1_9311
WARNING: Reached chromosome edge before EHH decayed below 0.05. Skipping calculation at position 9447 id: CP020781.1_9447
WARNING: Reached chromosome edge before EHH decayed below 0.05. Skipping calculation at position 9633 id: CP020781.1_9633
WARNING: Reached chromosome edge before EHH decayed below 0.05. Skipping calculation at position 9647 id: CP020781.1_9647
WARNING: Reached chromosome edge before EHH decayed below 0.05. Skipping calculation at position 9988 id: CP020781.1_9988
WARNING: Reached chromosome edge before EHH decayed below 0.05. Skipping calculation at position 10478 id: CP020781.1_10478
WARNING: Reached chromosome edge before EHH decayed below 0.05. Skipping calculation at position 37013 id: CP020781.1_37013
WARNING: Reached chromosome edge before EHH decayed below 0.05. Skipping calculation at position 74571 id: CP020781.1_74571
WARNING: Reached chromosome edge before EHH decayed below 0.05. Skipping calculation at position 119351 id: CP020781.1_119351
WARNING: Reached chromosome edge before EHH decayed below 0.05. Skipping calculation at position 183153 id: CP020781.1_183153
WARNING: Reached chromosome edge before EHH decayed below 0.05. Skipping calculation at position 188390 id: CP020781.1_188390
WARNING: Reached chromosome edge before EHH decayed below 0.05. Skipping calculation at position 188697 id: CP020781.1_188697
WARNING: Reached chromosome edge before EHH decayed below 0.05. Skipping calculation at position 208922 id: CP020781.1_208922
WARNING: Reached chromosome edge before EHH decayed below 0.05. Skipping calculation at position 273958 id: CP020781.1_273958
WARNING: Reached chromosome edge before EHH decayed below 0.05. Skipping calculation at position 333762 id: CP020781.1_333762
WARNING: Reached chromosome edge before EHH decayed below 0.05. Skipping calculation at position 412893 id: CP020781.1_412893
WARNING: Reached chromosome edge before EHH decayed below 0.05. Skipping calculation at position 415838 id: CP020781.1_415838
WARNING: Reached chromosome edge before EHH decayed below 0.05. Skipping calculation at position 430441 id: CP020781.1_430441
WARNING: Reached chromosome edge before EHH decayed below 0.05. Skipping calculation at position 451346 id: CP020781.1_451346
WARNING: Reached chromosome edge before EHH decayed below 0.05. Skipping calculation at position 461464 id: CP020781.1_461464
WARNING: Reached chromosome edge before EHH decayed below 0.05. Skipping calculation at position 463379 id: CP020781.1_463379
WARNING: Reached chromosome edge before EHH decayed below 0.05. Skipping calculation at position 463752 id: CP020781.1_463752
WARNING: Reached chromosome edge before EHH decayed below 0.05. Skipping calculation at position 466832 id: CP020781.1_466832
WARNING: Reached chromosome edge before EHH decayed below 0.05. Skipping calculation at position 480217 id: CP020781.1_480217
WARNING: Reached chromosome edge before EHH decayed below 0.05. Skipping calculation at position 480218 id: CP020781.1_480218
WARNING: Reached chromosome edge before EHH decayed below 0.05. Skipping calculation at position 483185 id: CP020781.1_483185
WARNING: Reached chromosome edge before EHH decayed below 0.05. Skipping calculation at position 483189 id: CP020781.1_483189
WARNING: Reached chromosome edge before EHH decayed below 0.05. Skipping calculation at position 483616 id: CP020781.1_483616
WARNING: Reached chromosome edge before EHH decayed below 0.05. Skipping calculation at position 541930 id: CP020781.1_541930
WARNING: Reached chromosome edge before EHH decayed below 0.05. Skipping calculation at position 740293 id: CP020781.1_740293
WARNING: Reached chromosome edge before EHH decayed below 0.05. Skipping calculation at position 769911 id: CP020781.1_769911
WARNING: Reached chromosome edge before EHH decayed below 0.05. Skipping calculation at position 34871718 id: CP020781.1_34871718
WARNING: Reached chromosome edge before EHH decayed below 0.05. Skipping calculation at position 34871728 id: CP020781.1_34871728
WARNING: Reached chromosome edge before EHH decayed below 0.05. Skipping calculation at position 34921413 id: CP020781.1_34921413
WARNING: Reached chromosome edge before EHH decayed below 0.05. Skipping calculation at position 34938572 id: CP020781.1_34938572
WARNING: Reached chromosome edge before EHH decayed below 0.05. Skipping calculation at position 34938688 id: CP020781.1_34938688
WARNING: Reached chromosome edge before EHH decayed below 0.05. Skipping calculation at position 34947258 id: CP020781.1_34947258
WARNING: Reached chromosome edge before EHH decayed below 0.05. Skipping calculation at position 34947355 id: CP020781.1_34947355
WARNING: Reached chromosome edge before EHH decayed below 0.05. Skipping calculation at position 34958359 id: CP020781.1_34958359
WARNING: Reached chromosome edge before EHH decayed below 0.05. Skipping calculation at position 34971949 id: CP020781.1_34971949
WARNING: Reached chromosome edge before EHH decayed below 0.05. Skipping calculation at position 34974845 id: CP020781.1_34974845
WARNING: Reached chromosome edge before EHH decayed below 0.05. Skipping calculation at position 34976575 id: CP020781.1_34976575
WARNING: Reached chromosome edge before EHH decayed below 0.05. Skipping calculation at position 34976623 id: CP020781.1_34976623
WARNING: Reached chromosome edge before EHH decayed below 0.05. Skipping calculation at position 35012965 id: CP020781.1_35012965
WARNING: Reached chromosome edge before EHH decayed below 0.05. Skipping calculation at position 35013263 id: CP020781.1_35013263
WARNING: Reached chromosome edge before EHH decayed below 0.05. Skipping calculation at position 35013964 id: CP020781.1_35013964
WARNING: Reached chromosome edge before EHH decayed below 0.05. Skipping calculation at position 35014354 id: CP020781.1_35014354
WARNING: Reached chromosome edge before EHH decayed below 0.05. Skipping calculation at position 35014394 id: CP020781.1_35014394
WARNING: Reached chromosome edge before EHH decayed below 0.05. Skipping calculation at position 35022608 id: CP020781.1_35022608
WARNING: Reached chromosome edge before EHH decayed below 0.05. Skipping calculation at position 35033712 id: CP020781.1_35033712
WARNING: Reached chromosome edge before EHH decayed below 0.05. Skipping calculation at position 35036449 id: CP020781.1_35036449
WARNING: Reached chromosome edge before EHH decayed below 0.05. Skipping calculation at position 35045146 id: CP020781.1_35045146
WARNING: Reached chromosome edge before EHH decayed below 0.05. Skipping calculation at position 35070986 id: CP020781.1_35070986
WARNING: Reached chromosome edge before EHH decayed below 0.05. Skipping calculation at position 35092058 id: CP020781.1_35092058
WARNING: Reached chromosome edge before EHH decayed below 0.05. Skipping calculation at position 35102152 id: CP020781.1_35102152
WARNING: Reached chromosome edge before EHH decayed below 0.05. Skipping calculation at position 35118477 id: CP020781.1_35118477
WARNING: Reached chromosome edge before EHH decayed below 0.05. Skipping calculation at position 35122334 id: CP020781.1_35122334
WARNING: Reached chromosome edge before EHH decayed below 0.05. Skipping calculation at position 35125690 id: CP020781.1_35125690
WARNING: Reached chromosome edge before EHH decayed below 0.05. Skipping calculation at position 35147521 id: CP020781.1_35147521
WARNING: Reached chromosome edge before EHH decayed below 0.05. Skipping calculation at position 35148773 id: CP020781.1_35148773
WARNING: Reached chromosome edge before EHH decayed below 0.05. Skipping calculation at position 35155879 id: CP020781.1_35155879
WARNING: Reached chromosome edge before EHH decayed below 0.05. Skipping calculation at position 35156629 id: CP020781.1_35156629
WARNING: Reached chromosome edge before EHH decayed below 0.05. Skipping calculation at position 35158750 id: CP020781.1_35158750
WARNING: Reached chromosome edge before EHH decayed below 0.05. Skipping calculation at position 35159211 id: CP020781.1_35159211
WARNING: Reached chromosome edge before EHH decayed below 0.05. Skipping calculation at position 35166844 id: CP020781.1_35166844
WARNING: Reached chromosome edge before EHH decayed below 0.05. Skipping calculation at position 35179389 id: CP020781.1_35179389
WARNING: Reached chromosome edge before EHH decayed below 0.05. Skipping calculation at position 35212916 id: CP020781.1_35212916
WARNING: Reached chromosome edge before EHH decayed below 0.05. Skipping calculation at position 35212940 id: CP020781.1_35212940
WARNING: Reached chromosome edge before EHH decayed below 0.05. Skipping calculation at position 35239533 id: CP020781.1_35239533
WARNING: Reached chromosome edge before EHH decayed below 0.05. Skipping calculation at position 35244879 id: CP020781.1_35244879
WARNING: Reached chromosome edge before EHH decayed below 0.05. Skipping calculation at position 35247091 id: CP020781.1_35247091
WARNING: Reached chromosome edge before EHH decayed below 0.05. Skipping calculation at position 35252386 id: CP020781.1_35252386
WARNING: Reached chromosome edge before EHH decayed below 0.05. Skipping calculation at position 35261671 id: CP020781.1_35261671
WARNING: Reached chromosome edge before EHH decayed below 0.05. Skipping calculation at position 35266543 id: CP020781.1_35266543
WARNING: Reached chromosome edge before EHH decayed below 0.05. Skipping calculation at position 35282472 id: CP020781.1_35282472
WARNING: Reached chromosome edge before EHH decayed below 0.05. Skipping calculation at position 35307463 id: CP020781.1_35307463
WARNING: Reached chromosome edge before EHH decayed below 0.05. Skipping calculation at position 35308149 id: CP020781.1_35308149
WARNING: Reached chromosome edge before EHH decayed below 0.05. Skipping calculation at position 35333545 id: CP020781.1_35333545
WARNING: Reached chromosome edge before EHH decayed below 0.05. Skipping calculation at position 35346891 id: CP020781.1_35346891
WARNING: Reached chromosome edge before EHH decayed below 0.05. Skipping calculation at position 35354621 id: CP020781.1_35354621
WARNING: Reached chromosome edge before EHH decayed below 0.05. Skipping calculation at position 35358271 id: CP020781.1_35358271
WARNING: Reached chromosome edge before EHH decayed below 0.05. Skipping calculation at position 35378860 id: CP020781.1_35378860
WARNING: Reached chromosome edge before EHH decayed below 0.05. Skipping calculation at position 35387145 id: CP020781.1_35387145
WARNING: Reached chromosome edge before EHH decayed below 0.05. Skipping calculation at position 35402284 id: CP020781.1_35402284
WARNING: Reached chromosome edge before EHH decayed below 0.05. Skipping calculation at position 35428298 id: CP020781.1_35428298
WARNING: Reached chromosome edge before EHH decayed below 0.05. Skipping calculation at position 35433972 id: CP020781.1_35433972
WARNING: Reached chromosome edge before EHH decayed below 0.05. Skipping calculation at position 35436640 id: CP020781.1_35436640
WARNING: Reached chromosome edge before EHH decayed below 0.05. Skipping calculation at position 35436871 id: CP020781.1_35436871
WARNING: Reached chromosome edge before EHH decayed below 0.05. Skipping calculation at position 35443783 id: CP020781.1_35443783
WARNING: Reached chromosome edge before EHH decayed below 0.05. Skipping calculation at position 35507032 id: CP020781.1_35507032
WARNING: Reached chromosome edge before EHH decayed below 0.05. Skipping calculation at position 35510425 id: CP020781.1_35510425
WARNING: Reached chromosome edge before EHH decayed below 0.05. Skipping calculation at position 35516683 id: CP020781.1_35516683
WARNING: Reached chromosome edge before EHH decayed below 0.05. Skipping calculation at position 35518013 id: CP020781.1_35518013
WARNING: Reached chromosome edge before EHH decayed below 0.05. Skipping calculation at position 35561213 id: CP020781.1_35561213
WARNING: Reached chromosome edge before EHH decayed below 0.05. Skipping calculation at position 35561973 id: CP020781.1_35561973
WARNING: Reached chromosome edge before EHH decayed below 0.05. Skipping calculation at position 35562241 id: CP020781.1_35562241
WARNING: Reached chromosome edge before EHH decayed below 0.05. Skipping calculation at position 35564757 id: CP020781.1_35564757
WARNING: Reached chromosome edge before EHH decayed below 0.05. Skipping calculation at position 35623628 id: CP020781.1_35623628
WARNING: Reached chromosome edge before EHH decayed below 0.05. Skipping calculation at position 35637812 id: CP020781.1_35637812
WARNING: Reached chromosome edge before EHH decayed below 0.05. Skipping calculation at position 35640020 id: CP020781.1_35640020
WARNING: Reached chromosome edge before EHH decayed below 0.05. Skipping calculation at position 35695033 id: CP020781.1_35695033
WARNING: Reached chromosome edge before EHH decayed below 0.05. Skipping calculation at position 35711817 id: CP020781.1_35711817
