selscan --ihs --vcf ./selscan/sak40_biallelic_snps_CP020792.1_phased.bcf.gz --map ./selscan/sak40_biallelic_snps_CP020792.1_phased_position_cM_pos.map --out ./selscan/sak40_biallelic_snps_CP020792.1 
v2.0.2
Calculating  iHS.
Input filename: ./selscan/sak40_biallelic_snps_CP020792.1_phased.bcf.gz
Map filename: ./selscan/sak40_biallelic_snps_CP020792.1_phased_position_cM_pos.map
Output file: ./selscan/sak40_biallelic_snps_CP020792.1.ihs.out
Threads: 1
Scale parameter: 20000
Max gap parameter: 200000
EHH cutoff value: 0.05
Phased: yes
Alt flag set: no
--skip-low-freq set. Removing all variants < 0.05.
Removed 21710 low frequency variants.
WARNING: Reached chromosome edge before EHH decayed below 0.05. Skipping calculation at position 56712 id: CP020792.1_56712
WARNING: Reached chromosome edge before EHH decayed below 0.05. Skipping calculation at position 87502 id: CP020792.1_87502
WARNING: Reached chromosome edge before EHH decayed below 0.05. Skipping calculation at position 197123 id: CP020792.1_197123
WARNING: Reached chromosome edge before EHH decayed below 0.05. Skipping calculation at position 207141 id: CP020792.1_207141
WARNING: Reached chromosome edge before EHH decayed below 0.05. Skipping calculation at position 215332 id: CP020792.1_215332
WARNING: Reached chromosome edge before EHH decayed below 0.05. Skipping calculation at position 215461 id: CP020792.1_215461
WARNING: Reached chromosome edge before EHH decayed below 0.05. Skipping calculation at position 259204 id: CP020792.1_259204
WARNING: Reached chromosome edge before EHH decayed below 0.05. Skipping calculation at position 398045 id: CP020792.1_398045
WARNING: Reached chromosome edge before EHH decayed below 0.05. Skipping calculation at position 400122 id: CP020792.1_400122
WARNING: Reached chromosome edge before EHH decayed below 0.05. Skipping calculation at position 400128 id: CP020792.1_400128
WARNING: Reached chromosome edge before EHH decayed below 0.05. Skipping calculation at position 400277 id: CP020792.1_400277
WARNING: Reached chromosome edge before EHH decayed below 0.05. Skipping calculation at position 404339 id: CP020792.1_404339
WARNING: Reached chromosome edge before EHH decayed below 0.05. Skipping calculation at position 404591 id: CP020792.1_404591
WARNING: Reached chromosome edge before EHH decayed below 0.05. Skipping calculation at position 448052 id: CP020792.1_448052
WARNING: Reached chromosome edge before EHH decayed below 0.05. Skipping calculation at position 516840 id: CP020792.1_516840
WARNING: Reached chromosome edge before EHH decayed below 0.05. Skipping calculation at position 557574 id: CP020792.1_557574
WARNING: Reached chromosome edge before EHH decayed below 0.05. Skipping calculation at position 565845 id: CP020792.1_565845
WARNING: Reached chromosome edge before EHH decayed below 0.05. Skipping calculation at position 566187 id: CP020792.1_566187
WARNING: Reached chromosome edge before EHH decayed below 0.05. Skipping calculation at position 566654 id: CP020792.1_566654
WARNING: Reached chromosome edge before EHH decayed below 0.05. Skipping calculation at position 566670 id: CP020792.1_566670
WARNING: Reached chromosome edge before EHH decayed below 0.05. Skipping calculation at position 566826 id: CP020792.1_566826
WARNING: Reached chromosome edge before EHH decayed below 0.05. Skipping calculation at position 566841 id: CP020792.1_566841
WARNING: Reached chromosome edge before EHH decayed below 0.05. Skipping calculation at position 567271 id: CP020792.1_567271
WARNING: Reached chromosome edge before EHH decayed below 0.05. Skipping calculation at position 567469 id: CP020792.1_567469
WARNING: Reached chromosome edge before EHH decayed below 0.05. Skipping calculation at position 567520 id: CP020792.1_567520
WARNING: Reached chromosome edge before EHH decayed below 0.05. Skipping calculation at position 567985 id: CP020792.1_567985
WARNING: Reached chromosome edge before EHH decayed below 0.05. Skipping calculation at position 595894 id: CP020792.1_595894
WARNING: Reached chromosome edge before EHH decayed below 0.05. Skipping calculation at position 596172 id: CP020792.1_596172
WARNING: Reached chromosome edge before EHH decayed below 0.05. Skipping calculation at position 611580 id: CP020792.1_611580
WARNING: Reached chromosome edge before EHH decayed below 0.05. Skipping calculation at position 668306 id: CP020792.1_668306
WARNING: Reached chromosome edge before EHH decayed below 0.05. Skipping calculation at position 728811 id: CP020792.1_728811
WARNING: Reached chromosome edge before EHH decayed below 0.05. Skipping calculation at position 735919 id: CP020792.1_735919
WARNING: Reached chromosome edge before EHH decayed below 0.05. Skipping calculation at position 751680 id: CP020792.1_751680
WARNING: Reached chromosome edge before EHH decayed below 0.05. Skipping calculation at position 760791 id: CP020792.1_760791
WARNING: Reached chromosome edge before EHH decayed below 0.05. Skipping calculation at position 760792 id: CP020792.1_760792
WARNING: Reached chromosome edge before EHH decayed below 0.05. Skipping calculation at position 772579 id: CP020792.1_772579
WARNING: Reached chromosome edge before EHH decayed below 0.05. Skipping calculation at position 778463 id: CP020792.1_778463
WARNING: Reached chromosome edge before EHH decayed below 0.05. Skipping calculation at position 778506 id: CP020792.1_778506
WARNING: Reached chromosome edge before EHH decayed below 0.05. Skipping calculation at position 779504 id: CP020792.1_779504
WARNING: Reached chromosome edge before EHH decayed below 0.05. Skipping calculation at position 27324674 id: CP020792.1_27324674
WARNING: Reached chromosome edge before EHH decayed below 0.05. Skipping calculation at position 27381639 id: CP020792.1_27381639
WARNING: Reached chromosome edge before EHH decayed below 0.05. Skipping calculation at position 27563420 id: CP020792.1_27563420
WARNING: Reached chromosome edge before EHH decayed below 0.05. Skipping calculation at position 27581149 id: CP020792.1_27581149
WARNING: Reached chromosome edge before EHH decayed below 0.05. Skipping calculation at position 27614165 id: CP020792.1_27614165
WARNING: Reached chromosome edge before EHH decayed below 0.05. Skipping calculation at position 27624649 id: CP020792.1_27624649
WARNING: Reached chromosome edge before EHH decayed below 0.05. Skipping calculation at position 27626410 id: CP020792.1_27626410
WARNING: Reached chromosome edge before EHH decayed below 0.05. Skipping calculation at position 27629820 id: CP020792.1_27629820
WARNING: Reached chromosome edge before EHH decayed below 0.05. Skipping calculation at position 27635712 id: CP020792.1_27635712
WARNING: Reached chromosome edge before EHH decayed below 0.05. Skipping calculation at position 27637198 id: CP020792.1_27637198
WARNING: Reached chromosome edge before EHH decayed below 0.05. Skipping calculation at position 27644318 id: CP020792.1_27644318
WARNING: Reached chromosome edge before EHH decayed below 0.05. Skipping calculation at position 27644319 id: CP020792.1_27644319
WARNING: Reached chromosome edge before EHH decayed below 0.05. Skipping calculation at position 27644325 id: CP020792.1_27644325
WARNING: Reached chromosome edge before EHH decayed below 0.05. Skipping calculation at position 27647981 id: CP020792.1_27647981
WARNING: Reached chromosome edge before EHH decayed below 0.05. Skipping calculation at position 27653458 id: CP020792.1_27653458
WARNING: Reached chromosome edge before EHH decayed below 0.05. Skipping calculation at position 27682181 id: CP020792.1_27682181
WARNING: Reached chromosome edge before EHH decayed below 0.05. Skipping calculation at position 27697548 id: CP020792.1_27697548
WARNING: Reached chromosome edge before EHH decayed below 0.05. Skipping calculation at position 27697553 id: CP020792.1_27697553
WARNING: Reached chromosome edge before EHH decayed below 0.05. Skipping calculation at position 27698265 id: CP020792.1_27698265
WARNING: Reached chromosome edge before EHH decayed below 0.05. Skipping calculation at position 27702003 id: CP020792.1_27702003
WARNING: Reached chromosome edge before EHH decayed below 0.05. Skipping calculation at position 27702004 id: CP020792.1_27702004
WARNING: Reached chromosome edge before EHH decayed below 0.05. Skipping calculation at position 27704753 id: CP020792.1_27704753
WARNING: Reached chromosome edge before EHH decayed below 0.05. Skipping calculation at position 27704808 id: CP020792.1_27704808
WARNING: Reached chromosome edge before EHH decayed below 0.05. Skipping calculation at position 27737499 id: CP020792.1_27737499
WARNING: Reached chromosome edge before EHH decayed below 0.05. Skipping calculation at position 27742501 id: CP020792.1_27742501
WARNING: Reached chromosome edge before EHH decayed below 0.05. Skipping calculation at position 27742805 id: CP020792.1_27742805
WARNING: Reached chromosome edge before EHH decayed below 0.05. Skipping calculation at position 27761770 id: CP020792.1_27761770
WARNING: Reached chromosome edge before EHH decayed below 0.05. Skipping calculation at position 27788676 id: CP020792.1_27788676
WARNING: Reached chromosome edge before EHH decayed below 0.05. Skipping calculation at position 27832872 id: CP020792.1_27832872
WARNING: Reached chromosome edge before EHH decayed below 0.05. Skipping calculation at position 27833308 id: CP020792.1_27833308
WARNING: Reached chromosome edge before EHH decayed below 0.05. Skipping calculation at position 27833315 id: CP020792.1_27833315
WARNING: Reached chromosome edge before EHH decayed below 0.05. Skipping calculation at position 27834139 id: CP020792.1_27834139
WARNING: Reached chromosome edge before EHH decayed below 0.05. Skipping calculation at position 27846721 id: CP020792.1_27846721
WARNING: Reached chromosome edge before EHH decayed below 0.05. Skipping calculation at position 27990611 id: CP020792.1_27990611
WARNING: Reached chromosome edge before EHH decayed below 0.05. Skipping calculation at position 27990663 id: CP020792.1_27990663
WARNING: Reached chromosome edge before EHH decayed below 0.05. Skipping calculation at position 28039872 id: CP020792.1_28039872
WARNING: Reached chromosome edge before EHH decayed below 0.05. Skipping calculation at position 28089024 id: CP020792.1_28089024
WARNING: Reached chromosome edge before EHH decayed below 0.05. Skipping calculation at position 28109652 id: CP020792.1_28109652
