selscan --ihs --vcf ./selscan/sak40lat24_withoutRmap_20251112/sak40_biallelic_snps_CP020788.1_phased.bcf --map ./selscan/sak40lat24_withoutRmap_20251112/sak40_biallelic_snps_CP020788.1_phased_position_cM_pos.map --pmap --out ./selscan/sak40lat24_withoutRmap_20251112/sak40_biallelic_snps_CP020788.1 
v2.0.2
Calculating  iHS.
Input filename: ./selscan/sak40lat24_withoutRmap_20251112/sak40_biallelic_snps_CP020788.1_phased.bcf
Map filename: ./selscan/sak40lat24_withoutRmap_20251112/sak40_biallelic_snps_CP020788.1_phased_position_cM_pos.map
Output file: ./selscan/sak40lat24_withoutRmap_20251112/sak40_biallelic_snps_CP020788.1.ihs.out
Threads: 1
Scale parameter: 20000
Max gap parameter: 200000
EHH cutoff value: 0.05
Phased: yes
Alt flag set: no
--skip-low-freq set. Removing all variants < 0.05.
Removed 17187 low frequency variants.
WARNING: Reached chromosome edge before EHH decayed below 0.05. Skipping calculation at position 32048 id: CP020788.1_32048
WARNING: Reached chromosome edge before EHH decayed below 0.05. Skipping calculation at position 34467 id: CP020788.1_34467
WARNING: Reached chromosome edge before EHH decayed below 0.05. Skipping calculation at position 34952 id: CP020788.1_34952
WARNING: Reached chromosome edge before EHH decayed below 0.05. Skipping calculation at position 41108 id: CP020788.1_41108
WARNING: Reached chromosome edge before EHH decayed below 0.05. Skipping calculation at position 47367 id: CP020788.1_47367
WARNING: Reached chromosome edge before EHH decayed below 0.05. Skipping calculation at position 50176 id: CP020788.1_50176
WARNING: Reached chromosome edge before EHH decayed below 0.05. Skipping calculation at position 51975 id: CP020788.1_51975
WARNING: Reached chromosome edge before EHH decayed below 0.05. Skipping calculation at position 53278 id: CP020788.1_53278
WARNING: Reached chromosome edge before EHH decayed below 0.05. Skipping calculation at position 56540 id: CP020788.1_56540
WARNING: Reached chromosome edge before EHH decayed below 0.05. Skipping calculation at position 57924 id: CP020788.1_57924
WARNING: Reached chromosome edge before EHH decayed below 0.05. Skipping calculation at position 90461 id: CP020788.1_90461
WARNING: Reached chromosome edge before EHH decayed below 0.05. Skipping calculation at position 90628 id: CP020788.1_90628
WARNING: Reached chromosome edge before EHH decayed below 0.05. Skipping calculation at position 91267 id: CP020788.1_91267
WARNING: Reached chromosome edge before EHH decayed below 0.05. Skipping calculation at position 93374 id: CP020788.1_93374
WARNING: Reached chromosome edge before EHH decayed below 0.05. Skipping calculation at position 93743 id: CP020788.1_93743
WARNING: Reached chromosome edge before EHH decayed below 0.05. Skipping calculation at position 96117 id: CP020788.1_96117
WARNING: Reached chromosome edge before EHH decayed below 0.05. Skipping calculation at position 97892 id: CP020788.1_97892
WARNING: Reached chromosome edge before EHH decayed below 0.05. Skipping calculation at position 99285 id: CP020788.1_99285
WARNING: Reached chromosome edge before EHH decayed below 0.05. Skipping calculation at position 99306 id: CP020788.1_99306
WARNING: Reached chromosome edge before EHH decayed below 0.05. Skipping calculation at position 101898 id: CP020788.1_101898
WARNING: Reached chromosome edge before EHH decayed below 0.05. Skipping calculation at position 113176 id: CP020788.1_113176
WARNING: Reached chromosome edge before EHH decayed below 0.05. Skipping calculation at position 114043 id: CP020788.1_114043
WARNING: Reached chromosome edge before EHH decayed below 0.05. Skipping calculation at position 115806 id: CP020788.1_115806
WARNING: Reached chromosome edge before EHH decayed below 0.05. Skipping calculation at position 118678 id: CP020788.1_118678
WARNING: Reached chromosome edge before EHH decayed below 0.05. Skipping calculation at position 119358 id: CP020788.1_119358
WARNING: Reached chromosome edge before EHH decayed below 0.05. Skipping calculation at position 119673 id: CP020788.1_119673
WARNING: Reached chromosome edge before EHH decayed below 0.05. Skipping calculation at position 121138 id: CP020788.1_121138
WARNING: Reached chromosome edge before EHH decayed below 0.05. Skipping calculation at position 123426 id: CP020788.1_123426
WARNING: Reached chromosome edge before EHH decayed below 0.05. Skipping calculation at position 124035 id: CP020788.1_124035
WARNING: Reached chromosome edge before EHH decayed below 0.05. Skipping calculation at position 125094 id: CP020788.1_125094
WARNING: Reached chromosome edge before EHH decayed below 0.05. Skipping calculation at position 125243 id: CP020788.1_125243
WARNING: Reached chromosome edge before EHH decayed below 0.05. Skipping calculation at position 129439 id: CP020788.1_129439
WARNING: Reached chromosome edge before EHH decayed below 0.05. Skipping calculation at position 131586 id: CP020788.1_131586
WARNING: Reached chromosome edge before EHH decayed below 0.05. Skipping calculation at position 134406 id: CP020788.1_134406
WARNING: Reached chromosome edge before EHH decayed below 0.05. Skipping calculation at position 134945 id: CP020788.1_134945
WARNING: Reached chromosome edge before EHH decayed below 0.05. Skipping calculation at position 135238 id: CP020788.1_135238
WARNING: Reached chromosome edge before EHH decayed below 0.05. Skipping calculation at position 136395 id: CP020788.1_136395
WARNING: Reached chromosome edge before EHH decayed below 0.05. Skipping calculation at position 136636 id: CP020788.1_136636
WARNING: Reached chromosome edge before EHH decayed below 0.05. Skipping calculation at position 137055 id: CP020788.1_137055
WARNING: Reached chromosome edge before EHH decayed below 0.05. Skipping calculation at position 137226 id: CP020788.1_137226
WARNING: Reached chromosome edge before EHH decayed below 0.05. Skipping calculation at position 137442 id: CP020788.1_137442
WARNING: Reached chromosome edge before EHH decayed below 0.05. Skipping calculation at position 137464 id: CP020788.1_137464
WARNING: Reached chromosome edge before EHH decayed below 0.05. Skipping calculation at position 137665 id: CP020788.1_137665
WARNING: Reached chromosome edge before EHH decayed below 0.05. Skipping calculation at position 137728 id: CP020788.1_137728
WARNING: Reached chromosome edge before EHH decayed below 0.05. Skipping calculation at position 137803 id: CP020788.1_137803
WARNING: Reached chromosome edge before EHH decayed below 0.05. Skipping calculation at position 138069 id: CP020788.1_138069
WARNING: Reached chromosome edge before EHH decayed below 0.05. Skipping calculation at position 138192 id: CP020788.1_138192
WARNING: Reached chromosome edge before EHH decayed below 0.05. Skipping calculation at position 138710 id: CP020788.1_138710
WARNING: Reached chromosome edge before EHH decayed below 0.05. Skipping calculation at position 138714 id: CP020788.1_138714
WARNING: Reached chromosome edge before EHH decayed below 0.05. Skipping calculation at position 138803 id: CP020788.1_138803
WARNING: Reached chromosome edge before EHH decayed below 0.05. Skipping calculation at position 141280 id: CP020788.1_141280
WARNING: Reached chromosome edge before EHH decayed below 0.05. Skipping calculation at position 141692 id: CP020788.1_141692
WARNING: Reached chromosome edge before EHH decayed below 0.05. Skipping calculation at position 143734 id: CP020788.1_143734
WARNING: Reached chromosome edge before EHH decayed below 0.05. Skipping calculation at position 146149 id: CP020788.1_146149
WARNING: Reached chromosome edge before EHH decayed below 0.05. Skipping calculation at position 146874 id: CP020788.1_146874
WARNING: Reached chromosome edge before EHH decayed below 0.05. Skipping calculation at position 146878 id: CP020788.1_146878
WARNING: Reached chromosome edge before EHH decayed below 0.05. Skipping calculation at position 146972 id: CP020788.1_146972
WARNING: Reached chromosome edge before EHH decayed below 0.05. Skipping calculation at position 147657 id: CP020788.1_147657
WARNING: Reached chromosome edge before EHH decayed below 0.05. Skipping calculation at position 148076 id: CP020788.1_148076
WARNING: Reached chromosome edge before EHH decayed below 0.05. Skipping calculation at position 150386 id: CP020788.1_150386
WARNING: Reached chromosome edge before EHH decayed below 0.05. Skipping calculation at position 176737 id: CP020788.1_176737
WARNING: Reached chromosome edge before EHH decayed below 0.05. Skipping calculation at position 190618 id: CP020788.1_190618
WARNING: Reached chromosome edge before EHH decayed below 0.05. Skipping calculation at position 190707 id: CP020788.1_190707
WARNING: Reached chromosome edge before EHH decayed below 0.05. Skipping calculation at position 191477 id: CP020788.1_191477
WARNING: Reached chromosome edge before EHH decayed below 0.05. Skipping calculation at position 191480 id: CP020788.1_191480
WARNING: Reached chromosome edge before EHH decayed below 0.05. Skipping calculation at position 191485 id: CP020788.1_191485
WARNING: Reached chromosome edge before EHH decayed below 0.05. Skipping calculation at position 192918 id: CP020788.1_192918
WARNING: Reached chromosome edge before EHH decayed below 0.05. Skipping calculation at position 194562 id: CP020788.1_194562
WARNING: Reached chromosome edge before EHH decayed below 0.05. Skipping calculation at position 195480 id: CP020788.1_195480
WARNING: Reached chromosome edge before EHH decayed below 0.05. Skipping calculation at position 195878 id: CP020788.1_195878
WARNING: Reached chromosome edge before EHH decayed below 0.05. Skipping calculation at position 196184 id: CP020788.1_196184
WARNING: Reached chromosome edge before EHH decayed below 0.05. Skipping calculation at position 197513 id: CP020788.1_197513
WARNING: Reached chromosome edge before EHH decayed below 0.05. Skipping calculation at position 201249 id: CP020788.1_201249
WARNING: Reached chromosome edge before EHH decayed below 0.05. Skipping calculation at position 201739 id: CP020788.1_201739
WARNING: Reached chromosome edge before EHH decayed below 0.05. Skipping calculation at position 202365 id: CP020788.1_202365
WARNING: Reached chromosome edge before EHH decayed below 0.05. Skipping calculation at position 209741 id: CP020788.1_209741
WARNING: Reached chromosome edge before EHH decayed below 0.05. Skipping calculation at position 209789 id: CP020788.1_209789
WARNING: Reached chromosome edge before EHH decayed below 0.05. Skipping calculation at position 209794 id: CP020788.1_209794
WARNING: Reached chromosome edge before EHH decayed below 0.05. Skipping calculation at position 216654 id: CP020788.1_216654
WARNING: Reached chromosome edge before EHH decayed below 0.05. Skipping calculation at position 217116 id: CP020788.1_217116
WARNING: Reached chromosome edge before EHH decayed below 0.05. Skipping calculation at position 217214 id: CP020788.1_217214
WARNING: Reached chromosome edge before EHH decayed below 0.05. Skipping calculation at position 219717 id: CP020788.1_219717
WARNING: Reached chromosome edge before EHH decayed below 0.05. Skipping calculation at position 222846 id: CP020788.1_222846
WARNING: Reached chromosome edge before EHH decayed below 0.05. Skipping calculation at position 224069 id: CP020788.1_224069
WARNING: Reached chromosome edge before EHH decayed below 0.05. Skipping calculation at position 225728 id: CP020788.1_225728
WARNING: Reached chromosome edge before EHH decayed below 0.05. Skipping calculation at position 225819 id: CP020788.1_225819
WARNING: Reached chromosome edge before EHH decayed below 0.05. Skipping calculation at position 225930 id: CP020788.1_225930
WARNING: Reached chromosome edge before EHH decayed below 0.05. Skipping calculation at position 229353 id: CP020788.1_229353
WARNING: Reached chromosome edge before EHH decayed below 0.05. Skipping calculation at position 231111 id: CP020788.1_231111
WARNING: Reached chromosome edge before EHH decayed below 0.05. Skipping calculation at position 232449 id: CP020788.1_232449
WARNING: Reached chromosome edge before EHH decayed below 0.05. Skipping calculation at position 234849 id: CP020788.1_234849
WARNING: Reached chromosome edge before EHH decayed below 0.05. Skipping calculation at position 239219 id: CP020788.1_239219
WARNING: Reached chromosome edge before EHH decayed below 0.05. Skipping calculation at position 242052 id: CP020788.1_242052
WARNING: Reached chromosome edge before EHH decayed below 0.05. Skipping calculation at position 248309 id: CP020788.1_248309
WARNING: Reached chromosome edge before EHH decayed below 0.05. Skipping calculation at position 248602 id: CP020788.1_248602
WARNING: Reached chromosome edge before EHH decayed below 0.05. Skipping calculation at position 251507 id: CP020788.1_251507
WARNING: Reached chromosome edge before EHH decayed below 0.05. Skipping calculation at position 271771 id: CP020788.1_271771
WARNING: Reached chromosome edge before EHH decayed below 0.05. Skipping calculation at position 271786 id: CP020788.1_271786
WARNING: Reached chromosome edge before EHH decayed below 0.05. Skipping calculation at position 271922 id: CP020788.1_271922
WARNING: Reached chromosome edge before EHH decayed below 0.05. Skipping calculation at position 273431 id: CP020788.1_273431
WARNING: Reached chromosome edge before EHH decayed below 0.05. Skipping calculation at position 288912 id: CP020788.1_288912
WARNING: Reached chromosome edge before EHH decayed below 0.05. Skipping calculation at position 289765 id: CP020788.1_289765
WARNING: Reached chromosome edge before EHH decayed below 0.05. Skipping calculation at position 292832 id: CP020788.1_292832
WARNING: Reached chromosome edge before EHH decayed below 0.05. Skipping calculation at position 296245 id: CP020788.1_296245
WARNING: Reached chromosome edge before EHH decayed below 0.05. Skipping calculation at position 307623 id: CP020788.1_307623
WARNING: Reached chromosome edge before EHH decayed below 0.05. Skipping calculation at position 312942 id: CP020788.1_312942
WARNING: Reached chromosome edge before EHH decayed below 0.05. Skipping calculation at position 323547 id: CP020788.1_323547
WARNING: Reached chromosome edge before EHH decayed below 0.05. Skipping calculation at position 330586 id: CP020788.1_330586
WARNING: Reached chromosome edge before EHH decayed below 0.05. Skipping calculation at position 335643 id: CP020788.1_335643
WARNING: Reached chromosome edge before EHH decayed below 0.05. Skipping calculation at position 339321 id: CP020788.1_339321
WARNING: Reached chromosome edge before EHH decayed below 0.05. Skipping calculation at position 347383 id: CP020788.1_347383
WARNING: Reached chromosome edge before EHH decayed below 0.05. Skipping calculation at position 348927 id: CP020788.1_348927
WARNING: Reached chromosome edge before EHH decayed below 0.05. Skipping calculation at position 375523 id: CP020788.1_375523
WARNING: Reached chromosome edge before EHH decayed below 0.05. Skipping calculation at position 397191 id: CP020788.1_397191
WARNING: Reached chromosome edge before EHH decayed below 0.05. Skipping calculation at position 401796 id: CP020788.1_401796
WARNING: Reached chromosome edge before EHH decayed below 0.05. Skipping calculation at position 407731 id: CP020788.1_407731
WARNING: Reached chromosome edge before EHH decayed below 0.05. Skipping calculation at position 415367 id: CP020788.1_415367
WARNING: Reached chromosome edge before EHH decayed below 0.05. Skipping calculation at position 417448 id: CP020788.1_417448
WARNING: Reached chromosome edge before EHH decayed below 0.05. Skipping calculation at position 425654 id: CP020788.1_425654
WARNING: Reached chromosome edge before EHH decayed below 0.05. Skipping calculation at position 438451 id: CP020788.1_438451
WARNING: Reached chromosome edge before EHH decayed below 0.05. Skipping calculation at position 438692 id: CP020788.1_438692
WARNING: Reached chromosome edge before EHH decayed below 0.05. Skipping calculation at position 450013 id: CP020788.1_450013
WARNING: Reached chromosome edge before EHH decayed below 0.05. Skipping calculation at position 453345 id: CP020788.1_453345
WARNING: Reached chromosome edge before EHH decayed below 0.05. Skipping calculation at position 457576 id: CP020788.1_457576
WARNING: Reached chromosome edge before EHH decayed below 0.05. Skipping calculation at position 505727 id: CP020788.1_505727
WARNING: Reached chromosome edge before EHH decayed below 0.05. Skipping calculation at position 28217233 id: CP020788.1_28217233
WARNING: Reached chromosome edge before EHH decayed below 0.05. Skipping calculation at position 28235843 id: CP020788.1_28235843
WARNING: Reached chromosome edge before EHH decayed below 0.05. Skipping calculation at position 28299822 id: CP020788.1_28299822
WARNING: Reached chromosome edge before EHH decayed below 0.05. Skipping calculation at position 28326077 id: CP020788.1_28326077
WARNING: Reached chromosome edge before EHH decayed below 0.05. Skipping calculation at position 28349713 id: CP020788.1_28349713
WARNING: Reached chromosome edge before EHH decayed below 0.05. Skipping calculation at position 28350056 id: CP020788.1_28350056
WARNING: Reached chromosome edge before EHH decayed below 0.05. Skipping calculation at position 28400746 id: CP020788.1_28400746
WARNING: Reached chromosome edge before EHH decayed below 0.05. Skipping calculation at position 28427645 id: CP020788.1_28427645
WARNING: Reached chromosome edge before EHH decayed below 0.05. Skipping calculation at position 28427894 id: CP020788.1_28427894
WARNING: Reached chromosome edge before EHH decayed below 0.05. Skipping calculation at position 28442937 id: CP020788.1_28442937
WARNING: Reached chromosome edge before EHH decayed below 0.05. Skipping calculation at position 28456737 id: CP020788.1_28456737
WARNING: Reached chromosome edge before EHH decayed below 0.05. Skipping calculation at position 28463957 id: CP020788.1_28463957
WARNING: Reached chromosome edge before EHH decayed below 0.05. Skipping calculation at position 28463961 id: CP020788.1_28463961
WARNING: Reached chromosome edge before EHH decayed below 0.05. Skipping calculation at position 28471239 id: CP020788.1_28471239
WARNING: Reached chromosome edge before EHH decayed below 0.05. Skipping calculation at position 28471337 id: CP020788.1_28471337
WARNING: Reached chromosome edge before EHH decayed below 0.05. Skipping calculation at position 28503370 id: CP020788.1_28503370
WARNING: Reached chromosome edge before EHH decayed below 0.05. Skipping calculation at position 28522074 id: CP020788.1_28522074
WARNING: Reached chromosome edge before EHH decayed below 0.05. Skipping calculation at position 28596904 id: CP020788.1_28596904
WARNING: Reached chromosome edge before EHH decayed below 0.05. Skipping calculation at position 28600381 id: CP020788.1_28600381
WARNING: Reached chromosome edge before EHH decayed below 0.05. Skipping calculation at position 28655628 id: CP020788.1_28655628
WARNING: Reached chromosome edge before EHH decayed below 0.05. Skipping calculation at position 28667507 id: CP020788.1_28667507
WARNING: Reached chromosome edge before EHH decayed below 0.05. Skipping calculation at position 28667803 id: CP020788.1_28667803
WARNING: Reached chromosome edge before EHH decayed below 0.05. Skipping calculation at position 28669071 id: CP020788.1_28669071
WARNING: Reached chromosome edge before EHH decayed below 0.05. Skipping calculation at position 28671664 id: CP020788.1_28671664
WARNING: Reached chromosome edge before EHH decayed below 0.05. Skipping calculation at position 28742722 id: CP020788.1_28742722
WARNING: Reached chromosome edge before EHH decayed below 0.05. Skipping calculation at position 28744987 id: CP020788.1_28744987
WARNING: Reached chromosome edge before EHH decayed below 0.05. Skipping calculation at position 28744995 id: CP020788.1_28744995
WARNING: Reached chromosome edge before EHH decayed below 0.05. Skipping calculation at position 28753582 id: CP020788.1_28753582
WARNING: Reached chromosome edge before EHH decayed below 0.05. Skipping calculation at position 28781212 id: CP020788.1_28781212
WARNING: Reached chromosome edge before EHH decayed below 0.05. Skipping calculation at position 28781461 id: CP020788.1_28781461
WARNING: Reached chromosome edge before EHH decayed below 0.05. Skipping calculation at position 28787702 id: CP020788.1_28787702
WARNING: Reached chromosome edge before EHH decayed below 0.05. Skipping calculation at position 28788154 id: CP020788.1_28788154
WARNING: Reached chromosome edge before EHH decayed below 0.05. Skipping calculation at position 28789106 id: CP020788.1_28789106
WARNING: Reached chromosome edge before EHH decayed below 0.05. Skipping calculation at position 28798194 id: CP020788.1_28798194
WARNING: Reached chromosome edge before EHH decayed below 0.05. Skipping calculation at position 28803159 id: CP020788.1_28803159
WARNING: Reached chromosome edge before EHH decayed below 0.05. Skipping calculation at position 28805962 id: CP020788.1_28805962
WARNING: Reached chromosome edge before EHH decayed below 0.05. Skipping calculation at position 28811538 id: CP020788.1_28811538
WARNING: Reached chromosome edge before EHH decayed below 0.05. Skipping calculation at position 28811809 id: CP020788.1_28811809
WARNING: Reached chromosome edge before EHH decayed below 0.05. Skipping calculation at position 28811813 id: CP020788.1_28811813
WARNING: Reached chromosome edge before EHH decayed below 0.05. Skipping calculation at position 28811817 id: CP020788.1_28811817
WARNING: Reached chromosome edge before EHH decayed below 0.05. Skipping calculation at position 28820481 id: CP020788.1_28820481
WARNING: Reached chromosome edge before EHH decayed below 0.05. Skipping calculation at position 28837048 id: CP020788.1_28837048
WARNING: Reached chromosome edge before EHH decayed below 0.05. Skipping calculation at position 28846896 id: CP020788.1_28846896
WARNING: Reached chromosome edge before EHH decayed below 0.05. Skipping calculation at position 28846912 id: CP020788.1_28846912
WARNING: Reached chromosome edge before EHH decayed below 0.05. Skipping calculation at position 28850218 id: CP020788.1_28850218
WARNING: Reached chromosome edge before EHH decayed below 0.05. Skipping calculation at position 28856540 id: CP020788.1_28856540
WARNING: Reached chromosome edge before EHH decayed below 0.05. Skipping calculation at position 28856545 id: CP020788.1_28856545
WARNING: Reached chromosome edge before EHH decayed below 0.05. Skipping calculation at position 28867268 id: CP020788.1_28867268
