selscan --ihs --vcf ./selscan/sak40_biallelic_snps_CP020791.1_phased.bcf.gz --map ./selscan/sak40_biallelic_snps_CP020791.1_phased_position_cM_pos.map --out ./selscan/sak40_biallelic_snps_CP020791.1 
v2.0.2
Calculating  iHS.
Input filename: ./selscan/sak40_biallelic_snps_CP020791.1_phased.bcf.gz
Map filename: ./selscan/sak40_biallelic_snps_CP020791.1_phased_position_cM_pos.map
Output file: ./selscan/sak40_biallelic_snps_CP020791.1.ihs.out
Threads: 1
Scale parameter: 20000
Max gap parameter: 200000
EHH cutoff value: 0.05
Phased: yes
Alt flag set: no
--skip-low-freq set. Removing all variants < 0.05.
Removed 23312 low frequency variants.
WARNING: Reached chromosome edge before EHH decayed below 0.05. Skipping calculation at position 68247 id: CP020791.1_68247
WARNING: Reached chromosome edge before EHH decayed below 0.05. Skipping calculation at position 78190 id: CP020791.1_78190
WARNING: Reached chromosome edge before EHH decayed below 0.05. Skipping calculation at position 97127 id: CP020791.1_97127
WARNING: Reached chromosome edge before EHH decayed below 0.05. Skipping calculation at position 107502 id: CP020791.1_107502
WARNING: Reached chromosome edge before EHH decayed below 0.05. Skipping calculation at position 148314 id: CP020791.1_148314
WARNING: Reached chromosome edge before EHH decayed below 0.05. Skipping calculation at position 155155 id: CP020791.1_155155
WARNING: Reached chromosome edge before EHH decayed below 0.05. Skipping calculation at position 186436 id: CP020791.1_186436
WARNING: Reached chromosome edge before EHH decayed below 0.05. Skipping calculation at position 217885 id: CP020791.1_217885
WARNING: Reached chromosome edge before EHH decayed below 0.05. Skipping calculation at position 223623 id: CP020791.1_223623
WARNING: Reached chromosome edge before EHH decayed below 0.05. Skipping calculation at position 236343 id: CP020791.1_236343
WARNING: Reached chromosome edge before EHH decayed below 0.05. Skipping calculation at position 244586 id: CP020791.1_244586
WARNING: Reached chromosome edge before EHH decayed below 0.05. Skipping calculation at position 321769 id: CP020791.1_321769
WARNING: Reached chromosome edge before EHH decayed below 0.05. Skipping calculation at position 323520 id: CP020791.1_323520
WARNING: Reached chromosome edge before EHH decayed below 0.05. Skipping calculation at position 323542 id: CP020791.1_323542
WARNING: Reached chromosome edge before EHH decayed below 0.05. Skipping calculation at position 332350 id: CP020791.1_332350
WARNING: Reached chromosome edge before EHH decayed below 0.05. Skipping calculation at position 334482 id: CP020791.1_334482
WARNING: Reached chromosome edge before EHH decayed below 0.05. Skipping calculation at position 334885 id: CP020791.1_334885
WARNING: Reached chromosome edge before EHH decayed below 0.05. Skipping calculation at position 342616 id: CP020791.1_342616
WARNING: Reached chromosome edge before EHH decayed below 0.05. Skipping calculation at position 360832 id: CP020791.1_360832
WARNING: Reached chromosome edge before EHH decayed below 0.05. Skipping calculation at position 376198 id: CP020791.1_376198
WARNING: Reached chromosome edge before EHH decayed below 0.05. Skipping calculation at position 390235 id: CP020791.1_390235
WARNING: Reached chromosome edge before EHH decayed below 0.05. Skipping calculation at position 391853 id: CP020791.1_391853
WARNING: Reached chromosome edge before EHH decayed below 0.05. Skipping calculation at position 409797 id: CP020791.1_409797
WARNING: Reached chromosome edge before EHH decayed below 0.05. Skipping calculation at position 426028 id: CP020791.1_426028
WARNING: Reached chromosome edge before EHH decayed below 0.05. Skipping calculation at position 436790 id: CP020791.1_436790
WARNING: Reached chromosome edge before EHH decayed below 0.05. Skipping calculation at position 474218 id: CP020791.1_474218
WARNING: Reached chromosome edge before EHH decayed below 0.05. Skipping calculation at position 474981 id: CP020791.1_474981
WARNING: Reached chromosome edge before EHH decayed below 0.05. Skipping calculation at position 476798 id: CP020791.1_476798
WARNING: Reached chromosome edge before EHH decayed below 0.05. Skipping calculation at position 477324 id: CP020791.1_477324
WARNING: Reached chromosome edge before EHH decayed below 0.05. Skipping calculation at position 489296 id: CP020791.1_489296
WARNING: Reached chromosome edge before EHH decayed below 0.05. Skipping calculation at position 492225 id: CP020791.1_492225
WARNING: Reached chromosome edge before EHH decayed below 0.05. Skipping calculation at position 492226 id: CP020791.1_492226
WARNING: Reached chromosome edge before EHH decayed below 0.05. Skipping calculation at position 493682 id: CP020791.1_493682
WARNING: Reached chromosome edge before EHH decayed below 0.05. Skipping calculation at position 522972 id: CP020791.1_522972
WARNING: Reached chromosome edge before EHH decayed below 0.05. Skipping calculation at position 526207 id: CP020791.1_526207
WARNING: Reached chromosome edge before EHH decayed below 0.05. Skipping calculation at position 526507 id: CP020791.1_526507
WARNING: Reached chromosome edge before EHH decayed below 0.05. Skipping calculation at position 535055 id: CP020791.1_535055
WARNING: Reached chromosome edge before EHH decayed below 0.05. Skipping calculation at position 537619 id: CP020791.1_537619
WARNING: Reached chromosome edge before EHH decayed below 0.05. Skipping calculation at position 546372 id: CP020791.1_546372
WARNING: Reached chromosome edge before EHH decayed below 0.05. Skipping calculation at position 553915 id: CP020791.1_553915
WARNING: Reached chromosome edge before EHH decayed below 0.05. Skipping calculation at position 570190 id: CP020791.1_570190
WARNING: Reached chromosome edge before EHH decayed below 0.05. Skipping calculation at position 570191 id: CP020791.1_570191
WARNING: Reached chromosome edge before EHH decayed below 0.05. Skipping calculation at position 650940 id: CP020791.1_650940
WARNING: Reached chromosome edge before EHH decayed below 0.05. Skipping calculation at position 655940 id: CP020791.1_655940
WARNING: Reached chromosome edge before EHH decayed below 0.05. Skipping calculation at position 667786 id: CP020791.1_667786
WARNING: Reached chromosome edge before EHH decayed below 0.05. Skipping calculation at position 671922 id: CP020791.1_671922
WARNING: Reached chromosome edge before EHH decayed below 0.05. Skipping calculation at position 672453 id: CP020791.1_672453
WARNING: Reached chromosome edge before EHH decayed below 0.05. Skipping calculation at position 678101 id: CP020791.1_678101
WARNING: Reached chromosome edge before EHH decayed below 0.05. Skipping calculation at position 680400 id: CP020791.1_680400
WARNING: Reached chromosome edge before EHH decayed below 0.05. Skipping calculation at position 680888 id: CP020791.1_680888
WARNING: Reached chromosome edge before EHH decayed below 0.05. Skipping calculation at position 681240 id: CP020791.1_681240
WARNING: Reached chromosome edge before EHH decayed below 0.05. Skipping calculation at position 683767 id: CP020791.1_683767
WARNING: Reached chromosome edge before EHH decayed below 0.05. Skipping calculation at position 684067 id: CP020791.1_684067
WARNING: Reached chromosome edge before EHH decayed below 0.05. Skipping calculation at position 685089 id: CP020791.1_685089
WARNING: Reached chromosome edge before EHH decayed below 0.05. Skipping calculation at position 694708 id: CP020791.1_694708
WARNING: Reached chromosome edge before EHH decayed below 0.05. Skipping calculation at position 695367 id: CP020791.1_695367
WARNING: Reached chromosome edge before EHH decayed below 0.05. Skipping calculation at position 695417 id: CP020791.1_695417
WARNING: Reached chromosome edge before EHH decayed below 0.05. Skipping calculation at position 695490 id: CP020791.1_695490
WARNING: Reached chromosome edge before EHH decayed below 0.05. Skipping calculation at position 695513 id: CP020791.1_695513
WARNING: Reached chromosome edge before EHH decayed below 0.05. Skipping calculation at position 805644 id: CP020791.1_805644
WARNING: Reached chromosome edge before EHH decayed below 0.05. Skipping calculation at position 824929 id: CP020791.1_824929
WARNING: Reached chromosome edge before EHH decayed below 0.05. Skipping calculation at position 827368 id: CP020791.1_827368
WARNING: Reached chromosome edge before EHH decayed below 0.05. Skipping calculation at position 827371 id: CP020791.1_827371
WARNING: Reached chromosome edge before EHH decayed below 0.05. Skipping calculation at position 829398 id: CP020791.1_829398
WARNING: Reached chromosome edge before EHH decayed below 0.05. Skipping calculation at position 829399 id: CP020791.1_829399
WARNING: Reached chromosome edge before EHH decayed below 0.05. Skipping calculation at position 829509 id: CP020791.1_829509
WARNING: Reached chromosome edge before EHH decayed below 0.05. Skipping calculation at position 829963 id: CP020791.1_829963
WARNING: Reached chromosome edge before EHH decayed below 0.05. Skipping calculation at position 831604 id: CP020791.1_831604
WARNING: Reached chromosome edge before EHH decayed below 0.05. Skipping calculation at position 838899 id: CP020791.1_838899
WARNING: Reached chromosome edge before EHH decayed below 0.05. Skipping calculation at position 842864 id: CP020791.1_842864
WARNING: Reached chromosome edge before EHH decayed below 0.05. Skipping calculation at position 858609 id: CP020791.1_858609
WARNING: Reached chromosome edge before EHH decayed below 0.05. Skipping calculation at position 897847 id: CP020791.1_897847
WARNING: Reached chromosome edge before EHH decayed below 0.05. Skipping calculation at position 899313 id: CP020791.1_899313
WARNING: Reached chromosome edge before EHH decayed below 0.05. Skipping calculation at position 903970 id: CP020791.1_903970
WARNING: Reached chromosome edge before EHH decayed below 0.05. Skipping calculation at position 916715 id: CP020791.1_916715
WARNING: Reached chromosome edge before EHH decayed below 0.05. Skipping calculation at position 924873 id: CP020791.1_924873
WARNING: Reached chromosome edge before EHH decayed below 0.05. Skipping calculation at position 925577 id: CP020791.1_925577
WARNING: Reached chromosome edge before EHH decayed below 0.05. Skipping calculation at position 925606 id: CP020791.1_925606
WARNING: Reached chromosome edge before EHH decayed below 0.05. Skipping calculation at position 927260 id: CP020791.1_927260
WARNING: Reached chromosome edge before EHH decayed below 0.05. Skipping calculation at position 927359 id: CP020791.1_927359
WARNING: Reached chromosome edge before EHH decayed below 0.05. Skipping calculation at position 928006 id: CP020791.1_928006
WARNING: Reached chromosome edge before EHH decayed below 0.05. Skipping calculation at position 938632 id: CP020791.1_938632
WARNING: Reached chromosome edge before EHH decayed below 0.05. Skipping calculation at position 945523 id: CP020791.1_945523
WARNING: Reached chromosome edge before EHH decayed below 0.05. Skipping calculation at position 946555 id: CP020791.1_946555
WARNING: Reached chromosome edge before EHH decayed below 0.05. Skipping calculation at position 947116 id: CP020791.1_947116
WARNING: Reached chromosome edge before EHH decayed below 0.05. Skipping calculation at position 947943 id: CP020791.1_947943
WARNING: Reached chromosome edge before EHH decayed below 0.05. Skipping calculation at position 948218 id: CP020791.1_948218
WARNING: Reached chromosome edge before EHH decayed below 0.05. Skipping calculation at position 951551 id: CP020791.1_951551
WARNING: Reached chromosome edge before EHH decayed below 0.05. Skipping calculation at position 952247 id: CP020791.1_952247
WARNING: Reached chromosome edge before EHH decayed below 0.05. Skipping calculation at position 960105 id: CP020791.1_960105
WARNING: Reached chromosome edge before EHH decayed below 0.05. Skipping calculation at position 965772 id: CP020791.1_965772
WARNING: Reached chromosome edge before EHH decayed below 0.05. Skipping calculation at position 966729 id: CP020791.1_966729
WARNING: Reached chromosome edge before EHH decayed below 0.05. Skipping calculation at position 966760 id: CP020791.1_966760
WARNING: Reached chromosome edge before EHH decayed below 0.05. Skipping calculation at position 975615 id: CP020791.1_975615
WARNING: Reached chromosome edge before EHH decayed below 0.05. Skipping calculation at position 990105 id: CP020791.1_990105
WARNING: Reached chromosome edge before EHH decayed below 0.05. Skipping calculation at position 1013289 id: CP020791.1_1013289
WARNING: Reached chromosome edge before EHH decayed below 0.05. Skipping calculation at position 1017631 id: CP020791.1_1017631
WARNING: Reached chromosome edge before EHH decayed below 0.05. Skipping calculation at position 1017660 id: CP020791.1_1017660
WARNING: Reached chromosome edge before EHH decayed below 0.05. Skipping calculation at position 1026782 id: CP020791.1_1026782
WARNING: Reached chromosome edge before EHH decayed below 0.05. Skipping calculation at position 1027088 id: CP020791.1_1027088
WARNING: Reached chromosome edge before EHH decayed below 0.05. Skipping calculation at position 1032939 id: CP020791.1_1032939
WARNING: Reached chromosome edge before EHH decayed below 0.05. Skipping calculation at position 1036468 id: CP020791.1_1036468
WARNING: Reached chromosome edge before EHH decayed below 0.05. Skipping calculation at position 1037366 id: CP020791.1_1037366
WARNING: Reached chromosome edge before EHH decayed below 0.05. Skipping calculation at position 1038624 id: CP020791.1_1038624
WARNING: Reached chromosome edge before EHH decayed below 0.05. Skipping calculation at position 1038722 id: CP020791.1_1038722
WARNING: Reached chromosome edge before EHH decayed below 0.05. Skipping calculation at position 1040400 id: CP020791.1_1040400
WARNING: Reached chromosome edge before EHH decayed below 0.05. Skipping calculation at position 1044567 id: CP020791.1_1044567
WARNING: Reached chromosome edge before EHH decayed below 0.05. Skipping calculation at position 1048005 id: CP020791.1_1048005
WARNING: Reached chromosome edge before EHH decayed below 0.05. Skipping calculation at position 1054246 id: CP020791.1_1054246
WARNING: Reached chromosome edge before EHH decayed below 0.05. Skipping calculation at position 1054248 id: CP020791.1_1054248
WARNING: Reached chromosome edge before EHH decayed below 0.05. Skipping calculation at position 1057038 id: CP020791.1_1057038
WARNING: Reached chromosome edge before EHH decayed below 0.05. Skipping calculation at position 1057130 id: CP020791.1_1057130
WARNING: Reached chromosome edge before EHH decayed below 0.05. Skipping calculation at position 1059361 id: CP020791.1_1059361
WARNING: Reached chromosome edge before EHH decayed below 0.05. Skipping calculation at position 28847485 id: CP020791.1_28847485
WARNING: Reached chromosome edge before EHH decayed below 0.05. Skipping calculation at position 28849883 id: CP020791.1_28849883
WARNING: Reached chromosome edge before EHH decayed below 0.05. Skipping calculation at position 28865160 id: CP020791.1_28865160
WARNING: Reached chromosome edge before EHH decayed below 0.05. Skipping calculation at position 28969606 id: CP020791.1_28969606
WARNING: Reached chromosome edge before EHH decayed below 0.05. Skipping calculation at position 29032753 id: CP020791.1_29032753
WARNING: Reached chromosome edge before EHH decayed below 0.05. Skipping calculation at position 29222966 id: CP020791.1_29222966
WARNING: Reached chromosome edge before EHH decayed below 0.05. Skipping calculation at position 29251591 id: CP020791.1_29251591
WARNING: Reached chromosome edge before EHH decayed below 0.05. Skipping calculation at position 29251597 id: CP020791.1_29251597
WARNING: Reached chromosome edge before EHH decayed below 0.05. Skipping calculation at position 29284610 id: CP020791.1_29284610
WARNING: Reached chromosome edge before EHH decayed below 0.05. Skipping calculation at position 29284618 id: CP020791.1_29284618
WARNING: Reached chromosome edge before EHH decayed below 0.05. Skipping calculation at position 29293657 id: CP020791.1_29293657
WARNING: Reached chromosome edge before EHH decayed below 0.05. Skipping calculation at position 29307111 id: CP020791.1_29307111
WARNING: Reached chromosome edge before EHH decayed below 0.05. Skipping calculation at position 29309331 id: CP020791.1_29309331
WARNING: Reached chromosome edge before EHH decayed below 0.05. Skipping calculation at position 29309557 id: CP020791.1_29309557
WARNING: Reached chromosome edge before EHH decayed below 0.05. Skipping calculation at position 29320986 id: CP020791.1_29320986
WARNING: Reached chromosome edge before EHH decayed below 0.05. Skipping calculation at position 29322721 id: CP020791.1_29322721
WARNING: Reached chromosome edge before EHH decayed below 0.05. Skipping calculation at position 29325848 id: CP020791.1_29325848
WARNING: Reached chromosome edge before EHH decayed below 0.05. Skipping calculation at position 29337623 id: CP020791.1_29337623
WARNING: Reached chromosome edge before EHH decayed below 0.05. Skipping calculation at position 29375117 id: CP020791.1_29375117
WARNING: Reached chromosome edge before EHH decayed below 0.05. Skipping calculation at position 29376691 id: CP020791.1_29376691
WARNING: Reached chromosome edge before EHH decayed below 0.05. Skipping calculation at position 29378548 id: CP020791.1_29378548
WARNING: Reached chromosome edge before EHH decayed below 0.05. Skipping calculation at position 29405850 id: CP020791.1_29405850
WARNING: Reached chromosome edge before EHH decayed below 0.05. Skipping calculation at position 29453629 id: CP020791.1_29453629
WARNING: Reached chromosome edge before EHH decayed below 0.05. Skipping calculation at position 29453653 id: CP020791.1_29453653
WARNING: Reached chromosome edge before EHH decayed below 0.05. Skipping calculation at position 29453673 id: CP020791.1_29453673
WARNING: Reached chromosome edge before EHH decayed below 0.05. Skipping calculation at position 29454646 id: CP020791.1_29454646
WARNING: Reached chromosome edge before EHH decayed below 0.05. Skipping calculation at position 29531162 id: CP020791.1_29531162
WARNING: Reached chromosome edge before EHH decayed below 0.05. Skipping calculation at position 29580314 id: CP020791.1_29580314
WARNING: Reached chromosome edge before EHH decayed below 0.05. Skipping calculation at position 29580431 id: CP020791.1_29580431
WARNING: Reached chromosome edge before EHH decayed below 0.05. Skipping calculation at position 29654433 id: CP020791.1_29654433
WARNING: Reached chromosome edge before EHH decayed below 0.05. Skipping calculation at position 29660094 id: CP020791.1_29660094
WARNING: Reached chromosome edge before EHH decayed below 0.05. Skipping calculation at position 29690269 id: CP020791.1_29690269
WARNING: Reached chromosome edge before EHH decayed below 0.05. Skipping calculation at position 29692261 id: CP020791.1_29692261
WARNING: Reached chromosome edge before EHH decayed below 0.05. Skipping calculation at position 29741764 id: CP020791.1_29741764
WARNING: Reached chromosome edge before EHH decayed below 0.05. Skipping calculation at position 29794730 id: CP020791.1_29794730
WARNING: Reached chromosome edge before EHH decayed below 0.05. Skipping calculation at position 29822396 id: CP020791.1_29822396
WARNING: Reached chromosome edge before EHH decayed below 0.05. Skipping calculation at position 29822526 id: CP020791.1_29822526
WARNING: Reached chromosome edge before EHH decayed below 0.05. Skipping calculation at position 29823437 id: CP020791.1_29823437
