selscan --ihs --vcf ./selscan/sak40lat24_withoutRmap_20251112/sak40_biallelic_snps_CP020798.1_phased.bcf --map ./selscan/sak40lat24_withoutRmap_20251112/sak40_biallelic_snps_CP020798.1_phased_position_cM_pos.map --pmap --out ./selscan/sak40lat24_withoutRmap_20251112/sak40_biallelic_snps_CP020798.1 
v2.0.2
Calculating  iHS.
Input filename: ./selscan/sak40lat24_withoutRmap_20251112/sak40_biallelic_snps_CP020798.1_phased.bcf
Map filename: ./selscan/sak40lat24_withoutRmap_20251112/sak40_biallelic_snps_CP020798.1_phased_position_cM_pos.map
Output file: ./selscan/sak40lat24_withoutRmap_20251112/sak40_biallelic_snps_CP020798.1.ihs.out
Threads: 1
Scale parameter: 20000
Max gap parameter: 200000
EHH cutoff value: 0.05
Phased: yes
Alt flag set: no
--skip-low-freq set. Removing all variants < 0.05.
Removed 12523 low frequency variants.
WARNING: Reached chromosome edge before EHH decayed below 0.05. Skipping calculation at position 13855 id: CP020798.1_13855
WARNING: Reached chromosome edge before EHH decayed below 0.05. Skipping calculation at position 39052 id: CP020798.1_39052
WARNING: Reached chromosome edge before EHH decayed below 0.05. Skipping calculation at position 63331 id: CP020798.1_63331
WARNING: Reached chromosome edge before EHH decayed below 0.05. Skipping calculation at position 79687 id: CP020798.1_79687
WARNING: Reached chromosome edge before EHH decayed below 0.05. Skipping calculation at position 79689 id: CP020798.1_79689
WARNING: Reached chromosome edge before EHH decayed below 0.05. Skipping calculation at position 79999 id: CP020798.1_79999
WARNING: Reached chromosome edge before EHH decayed below 0.05. Skipping calculation at position 80021 id: CP020798.1_80021
WARNING: Reached chromosome edge before EHH decayed below 0.05. Skipping calculation at position 83839 id: CP020798.1_83839
WARNING: Reached chromosome edge before EHH decayed below 0.05. Skipping calculation at position 89978 id: CP020798.1_89978
WARNING: Reached chromosome edge before EHH decayed below 0.05. Skipping calculation at position 97814 id: CP020798.1_97814
WARNING: Reached chromosome edge before EHH decayed below 0.05. Skipping calculation at position 100453 id: CP020798.1_100453
WARNING: Reached chromosome edge before EHH decayed below 0.05. Skipping calculation at position 107102 id: CP020798.1_107102
WARNING: Reached chromosome edge before EHH decayed below 0.05. Skipping calculation at position 109000 id: CP020798.1_109000
WARNING: Reached chromosome edge before EHH decayed below 0.05. Skipping calculation at position 109003 id: CP020798.1_109003
WARNING: Reached chromosome edge before EHH decayed below 0.05. Skipping calculation at position 148735 id: CP020798.1_148735
WARNING: Reached chromosome edge before EHH decayed below 0.05. Skipping calculation at position 166795 id: CP020798.1_166795
WARNING: Reached chromosome edge before EHH decayed below 0.05. Skipping calculation at position 184017 id: CP020798.1_184017
WARNING: Reached chromosome edge before EHH decayed below 0.05. Skipping calculation at position 215629 id: CP020798.1_215629
WARNING: Reached chromosome edge before EHH decayed below 0.05. Skipping calculation at position 245442 id: CP020798.1_245442
WARNING: Reached chromosome edge before EHH decayed below 0.05. Skipping calculation at position 266530 id: CP020798.1_266530
WARNING: Reached chromosome edge before EHH decayed below 0.05. Skipping calculation at position 266576 id: CP020798.1_266576
WARNING: Reached chromosome edge before EHH decayed below 0.05. Skipping calculation at position 266579 id: CP020798.1_266579
WARNING: Reached chromosome edge before EHH decayed below 0.05. Skipping calculation at position 295213 id: CP020798.1_295213
WARNING: Reached chromosome edge before EHH decayed below 0.05. Skipping calculation at position 295294 id: CP020798.1_295294
WARNING: Reached chromosome edge before EHH decayed below 0.05. Skipping calculation at position 302936 id: CP020798.1_302936
WARNING: Reached chromosome edge before EHH decayed below 0.05. Skipping calculation at position 304410 id: CP020798.1_304410
WARNING: Reached chromosome edge before EHH decayed below 0.05. Skipping calculation at position 309526 id: CP020798.1_309526
WARNING: Reached chromosome edge before EHH decayed below 0.05. Skipping calculation at position 309842 id: CP020798.1_309842
WARNING: Reached chromosome edge before EHH decayed below 0.05. Skipping calculation at position 324841 id: CP020798.1_324841
WARNING: Reached chromosome edge before EHH decayed below 0.05. Skipping calculation at position 324971 id: CP020798.1_324971
WARNING: Reached chromosome edge before EHH decayed below 0.05. Skipping calculation at position 325070 id: CP020798.1_325070
WARNING: Reached chromosome edge before EHH decayed below 0.05. Skipping calculation at position 329592 id: CP020798.1_329592
WARNING: Reached chromosome edge before EHH decayed below 0.05. Skipping calculation at position 330280 id: CP020798.1_330280
WARNING: Reached chromosome edge before EHH decayed below 0.05. Skipping calculation at position 330877 id: CP020798.1_330877
WARNING: Reached chromosome edge before EHH decayed below 0.05. Skipping calculation at position 344789 id: CP020798.1_344789
WARNING: Reached chromosome edge before EHH decayed below 0.05. Skipping calculation at position 344803 id: CP020798.1_344803
WARNING: Reached chromosome edge before EHH decayed below 0.05. Skipping calculation at position 345007 id: CP020798.1_345007
WARNING: Reached chromosome edge before EHH decayed below 0.05. Skipping calculation at position 345271 id: CP020798.1_345271
WARNING: Reached chromosome edge before EHH decayed below 0.05. Skipping calculation at position 345457 id: CP020798.1_345457
WARNING: Reached chromosome edge before EHH decayed below 0.05. Skipping calculation at position 348292 id: CP020798.1_348292
WARNING: Reached chromosome edge before EHH decayed below 0.05. Skipping calculation at position 348315 id: CP020798.1_348315
WARNING: Reached chromosome edge before EHH decayed below 0.05. Skipping calculation at position 348454 id: CP020798.1_348454
WARNING: Reached chromosome edge before EHH decayed below 0.05. Skipping calculation at position 348625 id: CP020798.1_348625
WARNING: Reached chromosome edge before EHH decayed below 0.05. Skipping calculation at position 349120 id: CP020798.1_349120
WARNING: Reached chromosome edge before EHH decayed below 0.05. Skipping calculation at position 353475 id: CP020798.1_353475
WARNING: Reached chromosome edge before EHH decayed below 0.05. Skipping calculation at position 353876 id: CP020798.1_353876
WARNING: Reached chromosome edge before EHH decayed below 0.05. Skipping calculation at position 354307 id: CP020798.1_354307
WARNING: Reached chromosome edge before EHH decayed below 0.05. Skipping calculation at position 354308 id: CP020798.1_354308
WARNING: Reached chromosome edge before EHH decayed below 0.05. Skipping calculation at position 354636 id: CP020798.1_354636
WARNING: Reached chromosome edge before EHH decayed below 0.05. Skipping calculation at position 354646 id: CP020798.1_354646
WARNING: Reached chromosome edge before EHH decayed below 0.05. Skipping calculation at position 375039 id: CP020798.1_375039
WARNING: Reached chromosome edge before EHH decayed below 0.05. Skipping calculation at position 375076 id: CP020798.1_375076
WARNING: Reached chromosome edge before EHH decayed below 0.05. Skipping calculation at position 376433 id: CP020798.1_376433
WARNING: Reached chromosome edge before EHH decayed below 0.05. Skipping calculation at position 377147 id: CP020798.1_377147
WARNING: Reached chromosome edge before EHH decayed below 0.05. Skipping calculation at position 413283 id: CP020798.1_413283
WARNING: Reached chromosome edge before EHH decayed below 0.05. Skipping calculation at position 424919 id: CP020798.1_424919
WARNING: Reached chromosome edge before EHH decayed below 0.05. Skipping calculation at position 456012 id: CP020798.1_456012
WARNING: Reached chromosome edge before EHH decayed below 0.05. Skipping calculation at position 472624 id: CP020798.1_472624
WARNING: Reached chromosome edge before EHH decayed below 0.05. Skipping calculation at position 480892 id: CP020798.1_480892
WARNING: Reached chromosome edge before EHH decayed below 0.05. Skipping calculation at position 480895 id: CP020798.1_480895
WARNING: Reached chromosome edge before EHH decayed below 0.05. Skipping calculation at position 499634 id: CP020798.1_499634
WARNING: Reached chromosome edge before EHH decayed below 0.05. Skipping calculation at position 524793 id: CP020798.1_524793
WARNING: Reached chromosome edge before EHH decayed below 0.05. Skipping calculation at position 526986 id: CP020798.1_526986
WARNING: Reached chromosome edge before EHH decayed below 0.05. Skipping calculation at position 529654 id: CP020798.1_529654
WARNING: Reached chromosome edge before EHH decayed below 0.05. Skipping calculation at position 537927 id: CP020798.1_537927
WARNING: Reached chromosome edge before EHH decayed below 0.05. Skipping calculation at position 537929 id: CP020798.1_537929
WARNING: Reached chromosome edge before EHH decayed below 0.05. Skipping calculation at position 537949 id: CP020798.1_537949
WARNING: Reached chromosome edge before EHH decayed below 0.05. Skipping calculation at position 538034 id: CP020798.1_538034
WARNING: Reached chromosome edge before EHH decayed below 0.05. Skipping calculation at position 538063 id: CP020798.1_538063
WARNING: Reached chromosome edge before EHH decayed below 0.05. Skipping calculation at position 538080 id: CP020798.1_538080
WARNING: Reached chromosome edge before EHH decayed below 0.05. Skipping calculation at position 545928 id: CP020798.1_545928
WARNING: Reached chromosome edge before EHH decayed below 0.05. Skipping calculation at position 552687 id: CP020798.1_552687
WARNING: Reached chromosome edge before EHH decayed below 0.05. Skipping calculation at position 552822 id: CP020798.1_552822
WARNING: Reached chromosome edge before EHH decayed below 0.05. Skipping calculation at position 557423 id: CP020798.1_557423
WARNING: Reached chromosome edge before EHH decayed below 0.05. Skipping calculation at position 566962 id: CP020798.1_566962
WARNING: Reached chromosome edge before EHH decayed below 0.05. Skipping calculation at position 568161 id: CP020798.1_568161
WARNING: Reached chromosome edge before EHH decayed below 0.05. Skipping calculation at position 568162 id: CP020798.1_568162
WARNING: Reached chromosome edge before EHH decayed below 0.05. Skipping calculation at position 572396 id: CP020798.1_572396
WARNING: Reached chromosome edge before EHH decayed below 0.05. Skipping calculation at position 575638 id: CP020798.1_575638
WARNING: Reached chromosome edge before EHH decayed below 0.05. Skipping calculation at position 586666 id: CP020798.1_586666
WARNING: Reached chromosome edge before EHH decayed below 0.05. Skipping calculation at position 609445 id: CP020798.1_609445
WARNING: Reached chromosome edge before EHH decayed below 0.05. Skipping calculation at position 630348 id: CP020798.1_630348
WARNING: Reached chromosome edge before EHH decayed below 0.05. Skipping calculation at position 630724 id: CP020798.1_630724
WARNING: Reached chromosome edge before EHH decayed below 0.05. Skipping calculation at position 642685 id: CP020798.1_642685
WARNING: Reached chromosome edge before EHH decayed below 0.05. Skipping calculation at position 649202 id: CP020798.1_649202
WARNING: Reached chromosome edge before EHH decayed below 0.05. Skipping calculation at position 654141 id: CP020798.1_654141
WARNING: Reached chromosome edge before EHH decayed below 0.05. Skipping calculation at position 696494 id: CP020798.1_696494
WARNING: Reached chromosome edge before EHH decayed below 0.05. Skipping calculation at position 696496 id: CP020798.1_696496
WARNING: Reached chromosome edge before EHH decayed below 0.05. Skipping calculation at position 697684 id: CP020798.1_697684
WARNING: Reached chromosome edge before EHH decayed below 0.05. Skipping calculation at position 709932 id: CP020798.1_709932
WARNING: Reached chromosome edge before EHH decayed below 0.05. Skipping calculation at position 724072 id: CP020798.1_724072
WARNING: Reached chromosome edge before EHH decayed below 0.05. Skipping calculation at position 724260 id: CP020798.1_724260
WARNING: Reached chromosome edge before EHH decayed below 0.05. Skipping calculation at position 728170 id: CP020798.1_728170
WARNING: Reached chromosome edge before EHH decayed below 0.05. Skipping calculation at position 781533 id: CP020798.1_781533
WARNING: Reached chromosome edge before EHH decayed below 0.05. Skipping calculation at position 781534 id: CP020798.1_781534
WARNING: Reached chromosome edge before EHH decayed below 0.05. Skipping calculation at position 799178 id: CP020798.1_799178
WARNING: Reached chromosome edge before EHH decayed below 0.05. Skipping calculation at position 799183 id: CP020798.1_799183
WARNING: Reached chromosome edge before EHH decayed below 0.05. Skipping calculation at position 824721 id: CP020798.1_824721
WARNING: Reached chromosome edge before EHH decayed below 0.05. Skipping calculation at position 873541 id: CP020798.1_873541
WARNING: Reached chromosome edge before EHH decayed below 0.05. Skipping calculation at position 881639 id: CP020798.1_881639
WARNING: Reached chromosome edge before EHH decayed below 0.05. Skipping calculation at position 940520 id: CP020798.1_940520
WARNING: Reached chromosome edge before EHH decayed below 0.05. Skipping calculation at position 940527 id: CP020798.1_940527
WARNING: Reached chromosome edge before EHH decayed below 0.05. Skipping calculation at position 948248 id: CP020798.1_948248
WARNING: Reached chromosome edge before EHH decayed below 0.05. Skipping calculation at position 970764 id: CP020798.1_970764
WARNING: Reached chromosome edge before EHH decayed below 0.05. Skipping calculation at position 23232514 id: CP020798.1_23232514
WARNING: Reached chromosome edge before EHH decayed below 0.05. Skipping calculation at position 23235254 id: CP020798.1_23235254
WARNING: Reached chromosome edge before EHH decayed below 0.05. Skipping calculation at position 23240368 id: CP020798.1_23240368
WARNING: Reached chromosome edge before EHH decayed below 0.05. Skipping calculation at position 23269152 id: CP020798.1_23269152
WARNING: Reached chromosome edge before EHH decayed below 0.05. Skipping calculation at position 23298769 id: CP020798.1_23298769
WARNING: Reached chromosome edge before EHH decayed below 0.05. Skipping calculation at position 23317512 id: CP020798.1_23317512
WARNING: Reached chromosome edge before EHH decayed below 0.05. Skipping calculation at position 23322428 id: CP020798.1_23322428
WARNING: Reached chromosome edge before EHH decayed below 0.05. Skipping calculation at position 23360507 id: CP020798.1_23360507
WARNING: Reached chromosome edge before EHH decayed below 0.05. Skipping calculation at position 23366540 id: CP020798.1_23366540
WARNING: Reached chromosome edge before EHH decayed below 0.05. Skipping calculation at position 23368963 id: CP020798.1_23368963
WARNING: Reached chromosome edge before EHH decayed below 0.05. Skipping calculation at position 23376188 id: CP020798.1_23376188
WARNING: Reached chromosome edge before EHH decayed below 0.05. Skipping calculation at position 23378837 id: CP020798.1_23378837
WARNING: Reached chromosome edge before EHH decayed below 0.05. Skipping calculation at position 23384087 id: CP020798.1_23384087
WARNING: Reached chromosome edge before EHH decayed below 0.05. Skipping calculation at position 23407947 id: CP020798.1_23407947
WARNING: Reached chromosome edge before EHH decayed below 0.05. Skipping calculation at position 23422631 id: CP020798.1_23422631
WARNING: Reached chromosome edge before EHH decayed below 0.05. Skipping calculation at position 23427706 id: CP020798.1_23427706
WARNING: Reached chromosome edge before EHH decayed below 0.05. Skipping calculation at position 23428890 id: CP020798.1_23428890
WARNING: Reached chromosome edge before EHH decayed below 0.05. Skipping calculation at position 23431727 id: CP020798.1_23431727
WARNING: Reached chromosome edge before EHH decayed below 0.05. Skipping calculation at position 23433564 id: CP020798.1_23433564
WARNING: Reached chromosome edge before EHH decayed below 0.05. Skipping calculation at position 23434271 id: CP020798.1_23434271
WARNING: Reached chromosome edge before EHH decayed below 0.05. Skipping calculation at position 23449053 id: CP020798.1_23449053
WARNING: Reached chromosome edge before EHH decayed below 0.05. Skipping calculation at position 23477211 id: CP020798.1_23477211
WARNING: Reached chromosome edge before EHH decayed below 0.05. Skipping calculation at position 23478086 id: CP020798.1_23478086
WARNING: Reached chromosome edge before EHH decayed below 0.05. Skipping calculation at position 23526660 id: CP020798.1_23526660
WARNING: Reached chromosome edge before EHH decayed below 0.05. Skipping calculation at position 23550779 id: CP020798.1_23550779
WARNING: Reached chromosome edge before EHH decayed below 0.05. Skipping calculation at position 23578476 id: CP020798.1_23578476
WARNING: Reached chromosome edge before EHH decayed below 0.05. Skipping calculation at position 23590973 id: CP020798.1_23590973
WARNING: Reached chromosome edge before EHH decayed below 0.05. Skipping calculation at position 23593085 id: CP020798.1_23593085
WARNING: Reached chromosome edge before EHH decayed below 0.05. Skipping calculation at position 23600102 id: CP020798.1_23600102
WARNING: Reached chromosome edge before EHH decayed below 0.05. Skipping calculation at position 23600104 id: CP020798.1_23600104
WARNING: Reached chromosome edge before EHH decayed below 0.05. Skipping calculation at position 23637215 id: CP020798.1_23637215
WARNING: Reached chromosome edge before EHH decayed below 0.05. Skipping calculation at position 23758913 id: CP020798.1_23758913
WARNING: Reached chromosome edge before EHH decayed below 0.05. Skipping calculation at position 23758934 id: CP020798.1_23758934
WARNING: Reached chromosome edge before EHH decayed below 0.05. Skipping calculation at position 23766013 id: CP020798.1_23766013
WARNING: Reached chromosome edge before EHH decayed below 0.05. Skipping calculation at position 23766051 id: CP020798.1_23766051
WARNING: Reached chromosome edge before EHH decayed below 0.05. Skipping calculation at position 23766055 id: CP020798.1_23766055
WARNING: Reached chromosome edge before EHH decayed below 0.05. Skipping calculation at position 23772234 id: CP020798.1_23772234
WARNING: Reached chromosome edge before EHH decayed below 0.05. Skipping calculation at position 23776193 id: CP020798.1_23776193
WARNING: Reached chromosome edge before EHH decayed below 0.05. Skipping calculation at position 23822377 id: CP020798.1_23822377
WARNING: Reached chromosome edge before EHH decayed below 0.05. Skipping calculation at position 23832112 id: CP020798.1_23832112
WARNING: Reached chromosome edge before EHH decayed below 0.05. Skipping calculation at position 23848458 id: CP020798.1_23848458
WARNING: Reached chromosome edge before EHH decayed below 0.05. Skipping calculation at position 23850696 id: CP020798.1_23850696
WARNING: Reached chromosome edge before EHH decayed below 0.05. Skipping calculation at position 23851236 id: CP020798.1_23851236
WARNING: Reached chromosome edge before EHH decayed below 0.05. Skipping calculation at position 23854001 id: CP020798.1_23854001
WARNING: Reached chromosome edge before EHH decayed below 0.05. Skipping calculation at position 23886451 id: CP020798.1_23886451
WARNING: Reached chromosome edge before EHH decayed below 0.05. Skipping calculation at position 23890148 id: CP020798.1_23890148
WARNING: Reached chromosome edge before EHH decayed below 0.05. Skipping calculation at position 23892247 id: CP020798.1_23892247
WARNING: Reached chromosome edge before EHH decayed below 0.05. Skipping calculation at position 23896256 id: CP020798.1_23896256
WARNING: Reached chromosome edge before EHH decayed below 0.05. Skipping calculation at position 23913136 id: CP020798.1_23913136
WARNING: Reached chromosome edge before EHH decayed below 0.05. Skipping calculation at position 23920187 id: CP020798.1_23920187
WARNING: Reached chromosome edge before EHH decayed below 0.05. Skipping calculation at position 23924533 id: CP020798.1_23924533
WARNING: Reached chromosome edge before EHH decayed below 0.05. Skipping calculation at position 23941506 id: CP020798.1_23941506
WARNING: Reached chromosome edge before EHH decayed below 0.05. Skipping calculation at position 23950737 id: CP020798.1_23950737
WARNING: Reached chromosome edge before EHH decayed below 0.05. Skipping calculation at position 23968507 id: CP020798.1_23968507
WARNING: Reached chromosome edge before EHH decayed below 0.05. Skipping calculation at position 23969439 id: CP020798.1_23969439
WARNING: Reached chromosome edge before EHH decayed below 0.05. Skipping calculation at position 23977065 id: CP020798.1_23977065
WARNING: Reached chromosome edge before EHH decayed below 0.05. Skipping calculation at position 23977484 id: CP020798.1_23977484
WARNING: Reached chromosome edge before EHH decayed below 0.05. Skipping calculation at position 23978718 id: CP020798.1_23978718
WARNING: Reached chromosome edge before EHH decayed below 0.05. Skipping calculation at position 23982207 id: CP020798.1_23982207
WARNING: Reached chromosome edge before EHH decayed below 0.05. Skipping calculation at position 23983787 id: CP020798.1_23983787
WARNING: Reached chromosome edge before EHH decayed below 0.05. Skipping calculation at position 23983836 id: CP020798.1_23983836
WARNING: Reached chromosome edge before EHH decayed below 0.05. Skipping calculation at position 23983837 id: CP020798.1_23983837
WARNING: Reached chromosome edge before EHH decayed below 0.05. Skipping calculation at position 23991428 id: CP020798.1_23991428
WARNING: Reached chromosome edge before EHH decayed below 0.05. Skipping calculation at position 23994992 id: CP020798.1_23994992
WARNING: Reached chromosome edge before EHH decayed below 0.05. Skipping calculation at position 24018191 id: CP020798.1_24018191
WARNING: Reached chromosome edge before EHH decayed below 0.05. Skipping calculation at position 24038094 id: CP020798.1_24038094
WARNING: Reached chromosome edge before EHH decayed below 0.05. Skipping calculation at position 24038103 id: CP020798.1_24038103
WARNING: Reached chromosome edge before EHH decayed below 0.05. Skipping calculation at position 24079624 id: CP020798.1_24079624
WARNING: Reached chromosome edge before EHH decayed below 0.05. Skipping calculation at position 24082786 id: CP020798.1_24082786
WARNING: Reached chromosome edge before EHH decayed below 0.05. Skipping calculation at position 24084570 id: CP020798.1_24084570
WARNING: Reached chromosome edge before EHH decayed below 0.05. Skipping calculation at position 24084790 id: CP020798.1_24084790
WARNING: Reached chromosome edge before EHH decayed below 0.05. Skipping calculation at position 24085039 id: CP020798.1_24085039
WARNING: Reached chromosome edge before EHH decayed below 0.05. Skipping calculation at position 24085418 id: CP020798.1_24085418
WARNING: Reached chromosome edge before EHH decayed below 0.05. Skipping calculation at position 24087962 id: CP020798.1_24087962
WARNING: Reached chromosome edge before EHH decayed below 0.05. Skipping calculation at position 24087964 id: CP020798.1_24087964
WARNING: Reached chromosome edge before EHH decayed below 0.05. Skipping calculation at position 24095078 id: CP020798.1_24095078
WARNING: Reached chromosome edge before EHH decayed below 0.05. Skipping calculation at position 24096967 id: CP020798.1_24096967
WARNING: Reached chromosome edge before EHH decayed below 0.05. Skipping calculation at position 24105493 id: CP020798.1_24105493
WARNING: Reached chromosome edge before EHH decayed below 0.05. Skipping calculation at position 24119965 id: CP020798.1_24119965
WARNING: Reached chromosome edge before EHH decayed below 0.05. Skipping calculation at position 24126849 id: CP020798.1_24126849
WARNING: Reached chromosome edge before EHH decayed below 0.05. Skipping calculation at position 24141615 id: CP020798.1_24141615
WARNING: Reached chromosome edge before EHH decayed below 0.05. Skipping calculation at position 24147549 id: CP020798.1_24147549
WARNING: Reached chromosome edge before EHH decayed below 0.05. Skipping calculation at position 24148757 id: CP020798.1_24148757
WARNING: Reached chromosome edge before EHH decayed below 0.05. Skipping calculation at position 24149125 id: CP020798.1_24149125
WARNING: Reached chromosome edge before EHH decayed below 0.05. Skipping calculation at position 24162233 id: CP020798.1_24162233
WARNING: Reached chromosome edge before EHH decayed below 0.05. Skipping calculation at position 24164712 id: CP020798.1_24164712
WARNING: Reached chromosome edge before EHH decayed below 0.05. Skipping calculation at position 24175758 id: CP020798.1_24175758
