selscan --ihs --vcf ./selscan/sak40lat24_withoutRmap_20251112/sak40_biallelic_snps_CP020794.1_phased.bcf --map ./selscan/sak40lat24_withoutRmap_20251112/sak40_biallelic_snps_CP020794.1_phased_position_cM_pos.map --pmap --out ./selscan/sak40lat24_withoutRmap_20251112/sak40_biallelic_snps_CP020794.1 
v2.0.2
Calculating  iHS.
Input filename: ./selscan/sak40lat24_withoutRmap_20251112/sak40_biallelic_snps_CP020794.1_phased.bcf
Map filename: ./selscan/sak40lat24_withoutRmap_20251112/sak40_biallelic_snps_CP020794.1_phased_position_cM_pos.map
Output file: ./selscan/sak40lat24_withoutRmap_20251112/sak40_biallelic_snps_CP020794.1.ihs.out
Threads: 1
Scale parameter: 20000
Max gap parameter: 200000
EHH cutoff value: 0.05
Phased: yes
Alt flag set: no
--skip-low-freq set. Removing all variants < 0.05.
Removed 16765 low frequency variants.
WARNING: Reached chromosome edge before EHH decayed below 0.05. Skipping calculation at position 27694 id: CP020794.1_27694
WARNING: Reached chromosome edge before EHH decayed below 0.05. Skipping calculation at position 27698 id: CP020794.1_27698
WARNING: Reached chromosome edge before EHH decayed below 0.05. Skipping calculation at position 65723 id: CP020794.1_65723
WARNING: Reached chromosome edge before EHH decayed below 0.05. Skipping calculation at position 106197 id: CP020794.1_106197
WARNING: Reached chromosome edge before EHH decayed below 0.05. Skipping calculation at position 109468 id: CP020794.1_109468
WARNING: Reached chromosome edge before EHH decayed below 0.05. Skipping calculation at position 114019 id: CP020794.1_114019
WARNING: Reached chromosome edge before EHH decayed below 0.05. Skipping calculation at position 114655 id: CP020794.1_114655
WARNING: Reached chromosome edge before EHH decayed below 0.05. Skipping calculation at position 119744 id: CP020794.1_119744
WARNING: Reached chromosome edge before EHH decayed below 0.05. Skipping calculation at position 130049 id: CP020794.1_130049
WARNING: Reached chromosome edge before EHH decayed below 0.05. Skipping calculation at position 132451 id: CP020794.1_132451
WARNING: Reached chromosome edge before EHH decayed below 0.05. Skipping calculation at position 155075 id: CP020794.1_155075
WARNING: Reached chromosome edge before EHH decayed below 0.05. Skipping calculation at position 155080 id: CP020794.1_155080
WARNING: Reached chromosome edge before EHH decayed below 0.05. Skipping calculation at position 174766 id: CP020794.1_174766
WARNING: Reached chromosome edge before EHH decayed below 0.05. Skipping calculation at position 175000 id: CP020794.1_175000
WARNING: Reached chromosome edge before EHH decayed below 0.05. Skipping calculation at position 176937 id: CP020794.1_176937
WARNING: Reached chromosome edge before EHH decayed below 0.05. Skipping calculation at position 198899 id: CP020794.1_198899
WARNING: Reached chromosome edge before EHH decayed below 0.05. Skipping calculation at position 214565 id: CP020794.1_214565
WARNING: Reached chromosome edge before EHH decayed below 0.05. Skipping calculation at position 214627 id: CP020794.1_214627
WARNING: Reached chromosome edge before EHH decayed below 0.05. Skipping calculation at position 221326 id: CP020794.1_221326
WARNING: Reached chromosome edge before EHH decayed below 0.05. Skipping calculation at position 222520 id: CP020794.1_222520
WARNING: Reached chromosome edge before EHH decayed below 0.05. Skipping calculation at position 222748 id: CP020794.1_222748
WARNING: Reached chromosome edge before EHH decayed below 0.05. Skipping calculation at position 223002 id: CP020794.1_223002
WARNING: Reached chromosome edge before EHH decayed below 0.05. Skipping calculation at position 223009 id: CP020794.1_223009
WARNING: Reached chromosome edge before EHH decayed below 0.05. Skipping calculation at position 223030 id: CP020794.1_223030
WARNING: Reached chromosome edge before EHH decayed below 0.05. Skipping calculation at position 223084 id: CP020794.1_223084
WARNING: Reached chromosome edge before EHH decayed below 0.05. Skipping calculation at position 223100 id: CP020794.1_223100
WARNING: Reached chromosome edge before EHH decayed below 0.05. Skipping calculation at position 224809 id: CP020794.1_224809
WARNING: Reached chromosome edge before EHH decayed below 0.05. Skipping calculation at position 225825 id: CP020794.1_225825
WARNING: Reached chromosome edge before EHH decayed below 0.05. Skipping calculation at position 232583 id: CP020794.1_232583
WARNING: Reached chromosome edge before EHH decayed below 0.05. Skipping calculation at position 232898 id: CP020794.1_232898
WARNING: Reached chromosome edge before EHH decayed below 0.05. Skipping calculation at position 434345 id: CP020794.1_434345
WARNING: Reached chromosome edge before EHH decayed below 0.05. Skipping calculation at position 441501 id: CP020794.1_441501
WARNING: Reached chromosome edge before EHH decayed below 0.05. Skipping calculation at position 441626 id: CP020794.1_441626
WARNING: Reached chromosome edge before EHH decayed below 0.05. Skipping calculation at position 443632 id: CP020794.1_443632
WARNING: Reached chromosome edge before EHH decayed below 0.05. Skipping calculation at position 445193 id: CP020794.1_445193
WARNING: Reached chromosome edge before EHH decayed below 0.05. Skipping calculation at position 507589 id: CP020794.1_507589
WARNING: Reached chromosome edge before EHH decayed below 0.05. Skipping calculation at position 553523 id: CP020794.1_553523
WARNING: Reached chromosome edge before EHH decayed below 0.05. Skipping calculation at position 566526 id: CP020794.1_566526
WARNING: Reached chromosome edge before EHH decayed below 0.05. Skipping calculation at position 578262 id: CP020794.1_578262
WARNING: Reached chromosome edge before EHH decayed below 0.05. Skipping calculation at position 580732 id: CP020794.1_580732
WARNING: Reached chromosome edge before EHH decayed below 0.05. Skipping calculation at position 598081 id: CP020794.1_598081
WARNING: Reached chromosome edge before EHH decayed below 0.05. Skipping calculation at position 611564 id: CP020794.1_611564
WARNING: Reached chromosome edge before EHH decayed below 0.05. Skipping calculation at position 630163 id: CP020794.1_630163
WARNING: Reached chromosome edge before EHH decayed below 0.05. Skipping calculation at position 632582 id: CP020794.1_632582
WARNING: Reached chromosome edge before EHH decayed below 0.05. Skipping calculation at position 636696 id: CP020794.1_636696
WARNING: Reached chromosome edge before EHH decayed below 0.05. Skipping calculation at position 637558 id: CP020794.1_637558
WARNING: Reached chromosome edge before EHH decayed below 0.05. Skipping calculation at position 643443 id: CP020794.1_643443
WARNING: Reached chromosome edge before EHH decayed below 0.05. Skipping calculation at position 649016 id: CP020794.1_649016
WARNING: Reached chromosome edge before EHH decayed below 0.05. Skipping calculation at position 753687 id: CP020794.1_753687
WARNING: Reached chromosome edge before EHH decayed below 0.05. Skipping calculation at position 785641 id: CP020794.1_785641
WARNING: Reached chromosome edge before EHH decayed below 0.05. Skipping calculation at position 851868 id: CP020794.1_851868
WARNING: Reached chromosome edge before EHH decayed below 0.05. Skipping calculation at position 855346 id: CP020794.1_855346
WARNING: Reached chromosome edge before EHH decayed below 0.05. Skipping calculation at position 919677 id: CP020794.1_919677
WARNING: Reached chromosome edge before EHH decayed below 0.05. Skipping calculation at position 936734 id: CP020794.1_936734
WARNING: Reached chromosome edge before EHH decayed below 0.05. Skipping calculation at position 944622 id: CP020794.1_944622
WARNING: Reached chromosome edge before EHH decayed below 0.05. Skipping calculation at position 948593 id: CP020794.1_948593
WARNING: Reached chromosome edge before EHH decayed below 0.05. Skipping calculation at position 1008923 id: CP020794.1_1008923
WARNING: Reached chromosome edge before EHH decayed below 0.05. Skipping calculation at position 29856403 id: CP020794.1_29856403
WARNING: Reached chromosome edge before EHH decayed below 0.05. Skipping calculation at position 29858263 id: CP020794.1_29858263
WARNING: Reached chromosome edge before EHH decayed below 0.05. Skipping calculation at position 29870150 id: CP020794.1_29870150
WARNING: Reached chromosome edge before EHH decayed below 0.05. Skipping calculation at position 29884165 id: CP020794.1_29884165
WARNING: Reached chromosome edge before EHH decayed below 0.05. Skipping calculation at position 29904909 id: CP020794.1_29904909
WARNING: Reached chromosome edge before EHH decayed below 0.05. Skipping calculation at position 29921875 id: CP020794.1_29921875
WARNING: Reached chromosome edge before EHH decayed below 0.05. Skipping calculation at position 29921883 id: CP020794.1_29921883
WARNING: Reached chromosome edge before EHH decayed below 0.05. Skipping calculation at position 29951545 id: CP020794.1_29951545
WARNING: Reached chromosome edge before EHH decayed below 0.05. Skipping calculation at position 30001207 id: CP020794.1_30001207
WARNING: Reached chromosome edge before EHH decayed below 0.05. Skipping calculation at position 30002299 id: CP020794.1_30002299
WARNING: Reached chromosome edge before EHH decayed below 0.05. Skipping calculation at position 30009763 id: CP020794.1_30009763
WARNING: Reached chromosome edge before EHH decayed below 0.05. Skipping calculation at position 30033967 id: CP020794.1_30033967
WARNING: Reached chromosome edge before EHH decayed below 0.05. Skipping calculation at position 30034069 id: CP020794.1_30034069
WARNING: Reached chromosome edge before EHH decayed below 0.05. Skipping calculation at position 30034194 id: CP020794.1_30034194
WARNING: Reached chromosome edge before EHH decayed below 0.05. Skipping calculation at position 30051553 id: CP020794.1_30051553
WARNING: Reached chromosome edge before EHH decayed below 0.05. Skipping calculation at position 30051581 id: CP020794.1_30051581
WARNING: Reached chromosome edge before EHH decayed below 0.05. Skipping calculation at position 30051589 id: CP020794.1_30051589
WARNING: Reached chromosome edge before EHH decayed below 0.05. Skipping calculation at position 30058553 id: CP020794.1_30058553
WARNING: Reached chromosome edge before EHH decayed below 0.05. Skipping calculation at position 30067011 id: CP020794.1_30067011
WARNING: Reached chromosome edge before EHH decayed below 0.05. Skipping calculation at position 30067197 id: CP020794.1_30067197
WARNING: Reached chromosome edge before EHH decayed below 0.05. Skipping calculation at position 30076415 id: CP020794.1_30076415
WARNING: Reached chromosome edge before EHH decayed below 0.05. Skipping calculation at position 30104746 id: CP020794.1_30104746
WARNING: Reached chromosome edge before EHH decayed below 0.05. Skipping calculation at position 30112278 id: CP020794.1_30112278
WARNING: Reached chromosome edge before EHH decayed below 0.05. Skipping calculation at position 30116739 id: CP020794.1_30116739
WARNING: Reached chromosome edge before EHH decayed below 0.05. Skipping calculation at position 30141774 id: CP020794.1_30141774
WARNING: Reached chromosome edge before EHH decayed below 0.05. Skipping calculation at position 30155615 id: CP020794.1_30155615
WARNING: Reached chromosome edge before EHH decayed below 0.05. Skipping calculation at position 30159070 id: CP020794.1_30159070
WARNING: Reached chromosome edge before EHH decayed below 0.05. Skipping calculation at position 30192346 id: CP020794.1_30192346
WARNING: Reached chromosome edge before EHH decayed below 0.05. Skipping calculation at position 30218932 id: CP020794.1_30218932
WARNING: Reached chromosome edge before EHH decayed below 0.05. Skipping calculation at position 30219736 id: CP020794.1_30219736
WARNING: Reached chromosome edge before EHH decayed below 0.05. Skipping calculation at position 30279722 id: CP020794.1_30279722
WARNING: Reached chromosome edge before EHH decayed below 0.05. Skipping calculation at position 30324907 id: CP020794.1_30324907
WARNING: Reached chromosome edge before EHH decayed below 0.05. Skipping calculation at position 30353283 id: CP020794.1_30353283
WARNING: Reached chromosome edge before EHH decayed below 0.05. Skipping calculation at position 30355572 id: CP020794.1_30355572
WARNING: Reached chromosome edge before EHH decayed below 0.05. Skipping calculation at position 30366538 id: CP020794.1_30366538
WARNING: Reached chromosome edge before EHH decayed below 0.05. Skipping calculation at position 30417758 id: CP020794.1_30417758
WARNING: Reached chromosome edge before EHH decayed below 0.05. Skipping calculation at position 30512131 id: CP020794.1_30512131
WARNING: Reached chromosome edge before EHH decayed below 0.05. Skipping calculation at position 30512134 id: CP020794.1_30512134
WARNING: Reached chromosome edge before EHH decayed below 0.05. Skipping calculation at position 30528590 id: CP020794.1_30528590
WARNING: Reached chromosome edge before EHH decayed below 0.05. Skipping calculation at position 30588790 id: CP020794.1_30588790
WARNING: Reached chromosome edge before EHH decayed below 0.05. Skipping calculation at position 30588792 id: CP020794.1_30588792
WARNING: Reached chromosome edge before EHH decayed below 0.05. Skipping calculation at position 30631718 id: CP020794.1_30631718
WARNING: Reached chromosome edge before EHH decayed below 0.05. Skipping calculation at position 30642667 id: CP020794.1_30642667
WARNING: Reached chromosome edge before EHH decayed below 0.05. Skipping calculation at position 30642683 id: CP020794.1_30642683
WARNING: Reached chromosome edge before EHH decayed below 0.05. Skipping calculation at position 30659162 id: CP020794.1_30659162
WARNING: Reached chromosome edge before EHH decayed below 0.05. Skipping calculation at position 30675391 id: CP020794.1_30675391
WARNING: Reached chromosome edge before EHH decayed below 0.05. Skipping calculation at position 30675435 id: CP020794.1_30675435
WARNING: Reached chromosome edge before EHH decayed below 0.05. Skipping calculation at position 30675526 id: CP020794.1_30675526
WARNING: Reached chromosome edge before EHH decayed below 0.05. Skipping calculation at position 30675540 id: CP020794.1_30675540
WARNING: Reached chromosome edge before EHH decayed below 0.05. Skipping calculation at position 30675790 id: CP020794.1_30675790
