selscan --ihs --vcf ./selscan/sak40_biallelic_snps_CP020797.1_phased.bcf.gz --map ./selscan/sak40_biallelic_snps_CP020797.1_phased_position_cM_pos.map --out ./selscan/sak40_biallelic_snps_CP020797.1 
v2.0.2
Calculating  iHS.
Input filename: ./selscan/sak40_biallelic_snps_CP020797.1_phased.bcf.gz
Map filename: ./selscan/sak40_biallelic_snps_CP020797.1_phased_position_cM_pos.map
Output file: ./selscan/sak40_biallelic_snps_CP020797.1.ihs.out
Threads: 1
Scale parameter: 20000
Max gap parameter: 200000
EHH cutoff value: 0.05
Phased: yes
Alt flag set: no
--skip-low-freq set. Removing all variants < 0.05.
Removed 16843 low frequency variants.
WARNING: Reached chromosome edge before EHH decayed below 0.05. Skipping calculation at position 13998 id: CP020797.1_13998
WARNING: Reached chromosome edge before EHH decayed below 0.05. Skipping calculation at position 25088 id: CP020797.1_25088
WARNING: Reached chromosome edge before EHH decayed below 0.05. Skipping calculation at position 48764 id: CP020797.1_48764
WARNING: Reached chromosome edge before EHH decayed below 0.05. Skipping calculation at position 99716 id: CP020797.1_99716
WARNING: Reached chromosome edge before EHH decayed below 0.05. Skipping calculation at position 108003 id: CP020797.1_108003
WARNING: Reached chromosome edge before EHH decayed below 0.05. Skipping calculation at position 127270 id: CP020797.1_127270
WARNING: Reached chromosome edge before EHH decayed below 0.05. Skipping calculation at position 134268 id: CP020797.1_134268
WARNING: Reached chromosome edge before EHH decayed below 0.05. Skipping calculation at position 136132 id: CP020797.1_136132
WARNING: Reached chromosome edge before EHH decayed below 0.05. Skipping calculation at position 151629 id: CP020797.1_151629
WARNING: Reached chromosome edge before EHH decayed below 0.05. Skipping calculation at position 152098 id: CP020797.1_152098
WARNING: Reached chromosome edge before EHH decayed below 0.05. Skipping calculation at position 154301 id: CP020797.1_154301
WARNING: Reached chromosome edge before EHH decayed below 0.05. Skipping calculation at position 158587 id: CP020797.1_158587
WARNING: Reached chromosome edge before EHH decayed below 0.05. Skipping calculation at position 265559 id: CP020797.1_265559
WARNING: Reached chromosome edge before EHH decayed below 0.05. Skipping calculation at position 265607 id: CP020797.1_265607
WARNING: Reached chromosome edge before EHH decayed below 0.05. Skipping calculation at position 265608 id: CP020797.1_265608
WARNING: Reached chromosome edge before EHH decayed below 0.05. Skipping calculation at position 270576 id: CP020797.1_270576
WARNING: Reached chromosome edge before EHH decayed below 0.05. Skipping calculation at position 273260 id: CP020797.1_273260
WARNING: Reached chromosome edge before EHH decayed below 0.05. Skipping calculation at position 303760 id: CP020797.1_303760
WARNING: Reached chromosome edge before EHH decayed below 0.05. Skipping calculation at position 303833 id: CP020797.1_303833
WARNING: Reached chromosome edge before EHH decayed below 0.05. Skipping calculation at position 303891 id: CP020797.1_303891
WARNING: Reached chromosome edge before EHH decayed below 0.05. Skipping calculation at position 304893 id: CP020797.1_304893
WARNING: Reached chromosome edge before EHH decayed below 0.05. Skipping calculation at position 305400 id: CP020797.1_305400
WARNING: Reached chromosome edge before EHH decayed below 0.05. Skipping calculation at position 310613 id: CP020797.1_310613
WARNING: Reached chromosome edge before EHH decayed below 0.05. Skipping calculation at position 312755 id: CP020797.1_312755
WARNING: Reached chromosome edge before EHH decayed below 0.05. Skipping calculation at position 320227 id: CP020797.1_320227
WARNING: Reached chromosome edge before EHH decayed below 0.05. Skipping calculation at position 320472 id: CP020797.1_320472
WARNING: Reached chromosome edge before EHH decayed below 0.05. Skipping calculation at position 342084 id: CP020797.1_342084
WARNING: Reached chromosome edge before EHH decayed below 0.05. Skipping calculation at position 342148 id: CP020797.1_342148
WARNING: Reached chromosome edge before EHH decayed below 0.05. Skipping calculation at position 351805 id: CP020797.1_351805
WARNING: Reached chromosome edge before EHH decayed below 0.05. Skipping calculation at position 353398 id: CP020797.1_353398
WARNING: Reached chromosome edge before EHH decayed below 0.05. Skipping calculation at position 355101 id: CP020797.1_355101
WARNING: Reached chromosome edge before EHH decayed below 0.05. Skipping calculation at position 374879 id: CP020797.1_374879
WARNING: Reached chromosome edge before EHH decayed below 0.05. Skipping calculation at position 376704 id: CP020797.1_376704
WARNING: Reached chromosome edge before EHH decayed below 0.05. Skipping calculation at position 383242 id: CP020797.1_383242
WARNING: Reached chromosome edge before EHH decayed below 0.05. Skipping calculation at position 401819 id: CP020797.1_401819
WARNING: Reached chromosome edge before EHH decayed below 0.05. Skipping calculation at position 420686 id: CP020797.1_420686
WARNING: Reached chromosome edge before EHH decayed below 0.05. Skipping calculation at position 421256 id: CP020797.1_421256
WARNING: Reached chromosome edge before EHH decayed below 0.05. Skipping calculation at position 448747 id: CP020797.1_448747
WARNING: Reached chromosome edge before EHH decayed below 0.05. Skipping calculation at position 461605 id: CP020797.1_461605
WARNING: Reached chromosome edge before EHH decayed below 0.05. Skipping calculation at position 461667 id: CP020797.1_461667
WARNING: Reached chromosome edge before EHH decayed below 0.05. Skipping calculation at position 463037 id: CP020797.1_463037
WARNING: Reached chromosome edge before EHH decayed below 0.05. Skipping calculation at position 465502 id: CP020797.1_465502
WARNING: Reached chromosome edge before EHH decayed below 0.05. Skipping calculation at position 475532 id: CP020797.1_475532
WARNING: Reached chromosome edge before EHH decayed below 0.05. Skipping calculation at position 479366 id: CP020797.1_479366
WARNING: Reached chromosome edge before EHH decayed below 0.05. Skipping calculation at position 616037 id: CP020797.1_616037
WARNING: Reached chromosome edge before EHH decayed below 0.05. Skipping calculation at position 641890 id: CP020797.1_641890
WARNING: Reached chromosome edge before EHH decayed below 0.05. Skipping calculation at position 674310 id: CP020797.1_674310
WARNING: Reached chromosome edge before EHH decayed below 0.05. Skipping calculation at position 772637 id: CP020797.1_772637
WARNING: Reached chromosome edge before EHH decayed below 0.05. Skipping calculation at position 772639 id: CP020797.1_772639
WARNING: Reached chromosome edge before EHH decayed below 0.05. Skipping calculation at position 772646 id: CP020797.1_772646
WARNING: Reached chromosome edge before EHH decayed below 0.05. Skipping calculation at position 772657 id: CP020797.1_772657
WARNING: Reached chromosome edge before EHH decayed below 0.05. Skipping calculation at position 772664 id: CP020797.1_772664
WARNING: Reached chromosome edge before EHH decayed below 0.05. Skipping calculation at position 777127 id: CP020797.1_777127
WARNING: Reached chromosome edge before EHH decayed below 0.05. Skipping calculation at position 779381 id: CP020797.1_779381
WARNING: Reached chromosome edge before EHH decayed below 0.05. Skipping calculation at position 781153 id: CP020797.1_781153
WARNING: Reached chromosome edge before EHH decayed below 0.05. Skipping calculation at position 781644 id: CP020797.1_781644
WARNING: Reached chromosome edge before EHH decayed below 0.05. Skipping calculation at position 786815 id: CP020797.1_786815
WARNING: Reached chromosome edge before EHH decayed below 0.05. Skipping calculation at position 786880 id: CP020797.1_786880
WARNING: Reached chromosome edge before EHH decayed below 0.05. Skipping calculation at position 786989 id: CP020797.1_786989
WARNING: Reached chromosome edge before EHH decayed below 0.05. Skipping calculation at position 788419 id: CP020797.1_788419
WARNING: Reached chromosome edge before EHH decayed below 0.05. Skipping calculation at position 788423 id: CP020797.1_788423
WARNING: Reached chromosome edge before EHH decayed below 0.05. Skipping calculation at position 795132 id: CP020797.1_795132
WARNING: Reached chromosome edge before EHH decayed below 0.05. Skipping calculation at position 805578 id: CP020797.1_805578
WARNING: Reached chromosome edge before EHH decayed below 0.05. Skipping calculation at position 805580 id: CP020797.1_805580
WARNING: Reached chromosome edge before EHH decayed below 0.05. Skipping calculation at position 814664 id: CP020797.1_814664
WARNING: Reached chromosome edge before EHH decayed below 0.05. Skipping calculation at position 900283 id: CP020797.1_900283
WARNING: Reached chromosome edge before EHH decayed below 0.05. Skipping calculation at position 935246 id: CP020797.1_935246
WARNING: Reached chromosome edge before EHH decayed below 0.05. Skipping calculation at position 21542727 id: CP020797.1_21542727
WARNING: Reached chromosome edge before EHH decayed below 0.05. Skipping calculation at position 21549438 id: CP020797.1_21549438
WARNING: Reached chromosome edge before EHH decayed below 0.05. Skipping calculation at position 21576219 id: CP020797.1_21576219
WARNING: Reached chromosome edge before EHH decayed below 0.05. Skipping calculation at position 21677786 id: CP020797.1_21677786
WARNING: Reached chromosome edge before EHH decayed below 0.05. Skipping calculation at position 21677867 id: CP020797.1_21677867
WARNING: Reached chromosome edge before EHH decayed below 0.05. Skipping calculation at position 21677948 id: CP020797.1_21677948
WARNING: Reached chromosome edge before EHH decayed below 0.05. Skipping calculation at position 21678455 id: CP020797.1_21678455
WARNING: Reached chromosome edge before EHH decayed below 0.05. Skipping calculation at position 21678650 id: CP020797.1_21678650
WARNING: Reached chromosome edge before EHH decayed below 0.05. Skipping calculation at position 21678696 id: CP020797.1_21678696
WARNING: Reached chromosome edge before EHH decayed below 0.05. Skipping calculation at position 21678710 id: CP020797.1_21678710
WARNING: Reached chromosome edge before EHH decayed below 0.05. Skipping calculation at position 21678797 id: CP020797.1_21678797
WARNING: Reached chromosome edge before EHH decayed below 0.05. Skipping calculation at position 21679140 id: CP020797.1_21679140
WARNING: Reached chromosome edge before EHH decayed below 0.05. Skipping calculation at position 21679705 id: CP020797.1_21679705
WARNING: Reached chromosome edge before EHH decayed below 0.05. Skipping calculation at position 21759172 id: CP020797.1_21759172
WARNING: Reached chromosome edge before EHH decayed below 0.05. Skipping calculation at position 21810931 id: CP020797.1_21810931
WARNING: Reached chromosome edge before EHH decayed below 0.05. Skipping calculation at position 21837264 id: CP020797.1_21837264
WARNING: Reached chromosome edge before EHH decayed below 0.05. Skipping calculation at position 21889415 id: CP020797.1_21889415
WARNING: Reached chromosome edge before EHH decayed below 0.05. Skipping calculation at position 21905529 id: CP020797.1_21905529
WARNING: Reached chromosome edge before EHH decayed below 0.05. Skipping calculation at position 21906874 id: CP020797.1_21906874
WARNING: Reached chromosome edge before EHH decayed below 0.05. Skipping calculation at position 21920605 id: CP020797.1_21920605
WARNING: Reached chromosome edge before EHH decayed below 0.05. Skipping calculation at position 21964256 id: CP020797.1_21964256
WARNING: Reached chromosome edge before EHH decayed below 0.05. Skipping calculation at position 22027820 id: CP020797.1_22027820
WARNING: Reached chromosome edge before EHH decayed below 0.05. Skipping calculation at position 22028764 id: CP020797.1_22028764
WARNING: Reached chromosome edge before EHH decayed below 0.05. Skipping calculation at position 22089758 id: CP020797.1_22089758
WARNING: Reached chromosome edge before EHH decayed below 0.05. Skipping calculation at position 22096726 id: CP020797.1_22096726
WARNING: Reached chromosome edge before EHH decayed below 0.05. Skipping calculation at position 22119354 id: CP020797.1_22119354
WARNING: Reached chromosome edge before EHH decayed below 0.05. Skipping calculation at position 22129351 id: CP020797.1_22129351
WARNING: Reached chromosome edge before EHH decayed below 0.05. Skipping calculation at position 22175636 id: CP020797.1_22175636
WARNING: Reached chromosome edge before EHH decayed below 0.05. Skipping calculation at position 22176275 id: CP020797.1_22176275
WARNING: Reached chromosome edge before EHH decayed below 0.05. Skipping calculation at position 22225749 id: CP020797.1_22225749
WARNING: Reached chromosome edge before EHH decayed below 0.05. Skipping calculation at position 22233351 id: CP020797.1_22233351
WARNING: Reached chromosome edge before EHH decayed below 0.05. Skipping calculation at position 22236634 id: CP020797.1_22236634
WARNING: Reached chromosome edge before EHH decayed below 0.05. Skipping calculation at position 22237544 id: CP020797.1_22237544
WARNING: Reached chromosome edge before EHH decayed below 0.05. Skipping calculation at position 22247014 id: CP020797.1_22247014
WARNING: Reached chromosome edge before EHH decayed below 0.05. Skipping calculation at position 22247431 id: CP020797.1_22247431
WARNING: Reached chromosome edge before EHH decayed below 0.05. Skipping calculation at position 22262831 id: CP020797.1_22262831
WARNING: Reached chromosome edge before EHH decayed below 0.05. Skipping calculation at position 22273440 id: CP020797.1_22273440
WARNING: Reached chromosome edge before EHH decayed below 0.05. Skipping calculation at position 22292846 id: CP020797.1_22292846
WARNING: Reached chromosome edge before EHH decayed below 0.05. Skipping calculation at position 22333924 id: CP020797.1_22333924
WARNING: Reached chromosome edge before EHH decayed below 0.05. Skipping calculation at position 22340530 id: CP020797.1_22340530
WARNING: Reached chromosome edge before EHH decayed below 0.05. Skipping calculation at position 22342152 id: CP020797.1_22342152
WARNING: Reached chromosome edge before EHH decayed below 0.05. Skipping calculation at position 22342364 id: CP020797.1_22342364
WARNING: Reached chromosome edge before EHH decayed below 0.05. Skipping calculation at position 22348203 id: CP020797.1_22348203
WARNING: Reached chromosome edge before EHH decayed below 0.05. Skipping calculation at position 22349493 id: CP020797.1_22349493
WARNING: Reached chromosome edge before EHH decayed below 0.05. Skipping calculation at position 22349590 id: CP020797.1_22349590
WARNING: Reached chromosome edge before EHH decayed below 0.05. Skipping calculation at position 22352016 id: CP020797.1_22352016
WARNING: Reached chromosome edge before EHH decayed below 0.05. Skipping calculation at position 22352375 id: CP020797.1_22352375
WARNING: Reached chromosome edge before EHH decayed below 0.05. Skipping calculation at position 22352855 id: CP020797.1_22352855
WARNING: Reached chromosome edge before EHH decayed below 0.05. Skipping calculation at position 22370787 id: CP020797.1_22370787
WARNING: Reached chromosome edge before EHH decayed below 0.05. Skipping calculation at position 22372303 id: CP020797.1_22372303
WARNING: Reached chromosome edge before EHH decayed below 0.05. Skipping calculation at position 22374247 id: CP020797.1_22374247
WARNING: Reached chromosome edge before EHH decayed below 0.05. Skipping calculation at position 22375778 id: CP020797.1_22375778
WARNING: Reached chromosome edge before EHH decayed below 0.05. Skipping calculation at position 22376064 id: CP020797.1_22376064
WARNING: Reached chromosome edge before EHH decayed below 0.05. Skipping calculation at position 22376251 id: CP020797.1_22376251
WARNING: Reached chromosome edge before EHH decayed below 0.05. Skipping calculation at position 22380227 id: CP020797.1_22380227
WARNING: Reached chromosome edge before EHH decayed below 0.05. Skipping calculation at position 22406392 id: CP020797.1_22406392
WARNING: Reached chromosome edge before EHH decayed below 0.05. Skipping calculation at position 22407108 id: CP020797.1_22407108
WARNING: Reached chromosome edge before EHH decayed below 0.05. Skipping calculation at position 22409274 id: CP020797.1_22409274
WARNING: Reached chromosome edge before EHH decayed below 0.05. Skipping calculation at position 22412293 id: CP020797.1_22412293
WARNING: Reached chromosome edge before EHH decayed below 0.05. Skipping calculation at position 22423264 id: CP020797.1_22423264
WARNING: Reached chromosome edge before EHH decayed below 0.05. Skipping calculation at position 22430460 id: CP020797.1_22430460
WARNING: Reached chromosome edge before EHH decayed below 0.05. Skipping calculation at position 22451152 id: CP020797.1_22451152
WARNING: Reached chromosome edge before EHH decayed below 0.05. Skipping calculation at position 22451202 id: CP020797.1_22451202
WARNING: Reached chromosome edge before EHH decayed below 0.05. Skipping calculation at position 22451232 id: CP020797.1_22451232
WARNING: Reached chromosome edge before EHH decayed below 0.05. Skipping calculation at position 22454345 id: CP020797.1_22454345
WARNING: Reached chromosome edge before EHH decayed below 0.05. Skipping calculation at position 22459515 id: CP020797.1_22459515
WARNING: Reached chromosome edge before EHH decayed below 0.05. Skipping calculation at position 22485620 id: CP020797.1_22485620
WARNING: Reached chromosome edge before EHH decayed below 0.05. Skipping calculation at position 22486268 id: CP020797.1_22486268
WARNING: Reached chromosome edge before EHH decayed below 0.05. Skipping calculation at position 22491459 id: CP020797.1_22491459
WARNING: Reached chromosome edge before EHH decayed below 0.05. Skipping calculation at position 22497085 id: CP020797.1_22497085
WARNING: Reached chromosome edge before EHH decayed below 0.05. Skipping calculation at position 22497884 id: CP020797.1_22497884
WARNING: Reached chromosome edge before EHH decayed below 0.05. Skipping calculation at position 22497928 id: CP020797.1_22497928
