selscan --ihs --vcf ./selscan/sak40_biallelic_snps_CP020779.1_phased.bcf.gz --map ./selscan/sak40_biallelic_snps_CP020779.1_phased_position_cM_pos.map --out ./selscan/sak40_biallelic_snps_CP020779.1 
v2.0.2
Calculating  iHS.
Input filename: ./selscan/sak40_biallelic_snps_CP020779.1_phased.bcf.gz
Map filename: ./selscan/sak40_biallelic_snps_CP020779.1_phased_position_cM_pos.map
Output file: ./selscan/sak40_biallelic_snps_CP020779.1.ihs.out
Threads: 1
Scale parameter: 20000
Max gap parameter: 200000
EHH cutoff value: 0.05
Phased: yes
Alt flag set: no
--skip-low-freq set. Removing all variants < 0.05.
Removed 24007 low frequency variants.
WARNING: Reached chromosome edge before EHH decayed below 0.05. Skipping calculation at position 10359 id: CP020779.1_10359
WARNING: Reached a gap of 375932bp > 200000bp. Skipping calculation at position 386291 id: CP020779.1_386291
WARNING: Reached a gap of 375932bp > 200000bp. Skipping calculation at position 386295 id: CP020779.1_386295
WARNING: Reached a gap of 375932bp > 200000bp. Skipping calculation at position 442761 id: CP020779.1_442761
WARNING: Reached a gap of 375932bp > 200000bp. Skipping calculation at position 485017 id: CP020779.1_485017
WARNING: Reached a gap of 375932bp > 200000bp. Skipping calculation at position 486274 id: CP020779.1_486274
WARNING: Reached a gap of 375932bp > 200000bp. Skipping calculation at position 546897 id: CP020779.1_546897
WARNING: Reached a gap of 375932bp > 200000bp. Skipping calculation at position 565254 id: CP020779.1_565254
WARNING: Reached a gap of 375932bp > 200000bp. Skipping calculation at position 591974 id: CP020779.1_591974
WARNING: Reached a gap of 375932bp > 200000bp. Skipping calculation at position 617253 id: CP020779.1_617253
WARNING: Reached a gap of 375932bp > 200000bp. Skipping calculation at position 630248 id: CP020779.1_630248
WARNING: Reached a gap of 375932bp > 200000bp. Skipping calculation at position 637721 id: CP020779.1_637721
WARNING: Reached a gap of 375932bp > 200000bp. Skipping calculation at position 655660 id: CP020779.1_655660
WARNING: Reached a gap of 375932bp > 200000bp. Skipping calculation at position 690065 id: CP020779.1_690065
WARNING: Reached a gap of 375932bp > 200000bp. Skipping calculation at position 695457 id: CP020779.1_695457
WARNING: Reached a gap of 375932bp > 200000bp. Skipping calculation at position 729498 id: CP020779.1_729498
WARNING: Reached a gap of 375932bp > 200000bp. Skipping calculation at position 734096 id: CP020779.1_734096
WARNING: Reached a gap of 375932bp > 200000bp. Skipping calculation at position 738773 id: CP020779.1_738773
WARNING: Reached a gap of 375932bp > 200000bp. Skipping calculation at position 739233 id: CP020779.1_739233
WARNING: Reached a gap of 375932bp > 200000bp. Skipping calculation at position 751568 id: CP020779.1_751568
WARNING: Reached a gap of 375932bp > 200000bp. Skipping calculation at position 754454 id: CP020779.1_754454
WARNING: Reached a gap of 375932bp > 200000bp. Skipping calculation at position 782008 id: CP020779.1_782008
WARNING: Reached a gap of 375932bp > 200000bp. Skipping calculation at position 829759 id: CP020779.1_829759
WARNING: Reached a gap of 375932bp > 200000bp. Skipping calculation at position 856828 id: CP020779.1_856828
WARNING: Reached a gap of 375932bp > 200000bp. Skipping calculation at position 866157 id: CP020779.1_866157
WARNING: Reached a gap of 375932bp > 200000bp. Skipping calculation at position 975802 id: CP020779.1_975802
WARNING: Reached a gap of 375932bp > 200000bp. Skipping calculation at position 1028038 id: CP020779.1_1028038
WARNING: Reached a gap of 375932bp > 200000bp. Skipping calculation at position 1060986 id: CP020779.1_1060986
WARNING: Reached a gap of 375932bp > 200000bp. Skipping calculation at position 1072537 id: CP020779.1_1072537
WARNING: Reached a gap of 375932bp > 200000bp. Skipping calculation at position 1076733 id: CP020779.1_1076733
WARNING: Reached a gap of 375932bp > 200000bp. Skipping calculation at position 1076974 id: CP020779.1_1076974
WARNING: Reached a gap of 375932bp > 200000bp. Skipping calculation at position 1082385 id: CP020779.1_1082385
WARNING: Reached a gap of 375932bp > 200000bp. Skipping calculation at position 1088125 id: CP020779.1_1088125
WARNING: Reached a gap of 375932bp > 200000bp. Skipping calculation at position 1088228 id: CP020779.1_1088228
WARNING: Reached a gap of 375932bp > 200000bp. Skipping calculation at position 1088533 id: CP020779.1_1088533
WARNING: Reached a gap of 375932bp > 200000bp. Skipping calculation at position 1106901 id: CP020779.1_1106901
WARNING: Reached a gap of 375932bp > 200000bp. Skipping calculation at position 1110694 id: CP020779.1_1110694
WARNING: Reached a gap of 375932bp > 200000bp. Skipping calculation at position 1114493 id: CP020779.1_1114493
WARNING: Reached a gap of 375932bp > 200000bp. Skipping calculation at position 1120062 id: CP020779.1_1120062
WARNING: Reached a gap of 375932bp > 200000bp. Skipping calculation at position 1129640 id: CP020779.1_1129640
WARNING: Reached a gap of 375932bp > 200000bp. Skipping calculation at position 1145195 id: CP020779.1_1145195
WARNING: Reached a gap of 375932bp > 200000bp. Skipping calculation at position 1147141 id: CP020779.1_1147141
WARNING: Reached a gap of 375932bp > 200000bp. Skipping calculation at position 1183844 id: CP020779.1_1183844
WARNING: Reached a gap of 375932bp > 200000bp. Skipping calculation at position 1185177 id: CP020779.1_1185177
WARNING: Reached a gap of 375932bp > 200000bp. Skipping calculation at position 1198890 id: CP020779.1_1198890
WARNING: Reached a gap of 375932bp > 200000bp. Skipping calculation at position 1199795 id: CP020779.1_1199795
WARNING: Reached a gap of 375932bp > 200000bp. Skipping calculation at position 1216524 id: CP020779.1_1216524
WARNING: Reached a gap of 375932bp > 200000bp. Skipping calculation at position 1222457 id: CP020779.1_1222457
WARNING: Reached a gap of 375932bp > 200000bp. Skipping calculation at position 1222767 id: CP020779.1_1222767
WARNING: Reached a gap of 375932bp > 200000bp. Skipping calculation at position 1226162 id: CP020779.1_1226162
WARNING: Reached a gap of 375932bp > 200000bp. Skipping calculation at position 1241608 id: CP020779.1_1241608
WARNING: Reached a gap of 375932bp > 200000bp. Skipping calculation at position 1260967 id: CP020779.1_1260967
WARNING: Reached a gap of 375932bp > 200000bp. Skipping calculation at position 1262474 id: CP020779.1_1262474
WARNING: Reached a gap of 375932bp > 200000bp. Skipping calculation at position 1269291 id: CP020779.1_1269291
WARNING: Reached a gap of 375932bp > 200000bp. Skipping calculation at position 1276604 id: CP020779.1_1276604
WARNING: Reached a gap of 375932bp > 200000bp. Skipping calculation at position 1297206 id: CP020779.1_1297206
WARNING: Reached a gap of 375932bp > 200000bp. Skipping calculation at position 1299483 id: CP020779.1_1299483
WARNING: Reached a gap of 375932bp > 200000bp. Skipping calculation at position 1308992 id: CP020779.1_1308992
WARNING: Reached a gap of 375932bp > 200000bp. Skipping calculation at position 1332121 id: CP020779.1_1332121
WARNING: Reached a gap of 375932bp > 200000bp. Skipping calculation at position 1344009 id: CP020779.1_1344009
WARNING: Reached a gap of 375932bp > 200000bp. Skipping calculation at position 1346225 id: CP020779.1_1346225
WARNING: Reached a gap of 375932bp > 200000bp. Skipping calculation at position 1369494 id: CP020779.1_1369494
WARNING: Reached a gap of 217288bp > 200000bp. Skipping calculation at position 25412469 id: CP020779.1_25412469
WARNING: Reached a gap of 217288bp > 200000bp. Skipping calculation at position 25419265 id: CP020779.1_25419265
WARNING: Reached a gap of 217288bp > 200000bp. Skipping calculation at position 25420788 id: CP020779.1_25420788
WARNING: Reached a gap of 217288bp > 200000bp. Skipping calculation at position 25424742 id: CP020779.1_25424742
WARNING: Reached a gap of 217288bp > 200000bp. Skipping calculation at position 25480309 id: CP020779.1_25480309
WARNING: Reached a gap of 217288bp > 200000bp. Skipping calculation at position 25480699 id: CP020779.1_25480699
WARNING: Reached a gap of 217288bp > 200000bp. Skipping calculation at position 25482437 id: CP020779.1_25482437
WARNING: Reached a gap of 217288bp > 200000bp. Skipping calculation at position 25482438 id: CP020779.1_25482438
WARNING: Reached a gap of 217288bp > 200000bp. Skipping calculation at position 25485692 id: CP020779.1_25485692
WARNING: Reached a gap of 217288bp > 200000bp. Skipping calculation at position 25489990 id: CP020779.1_25489990
WARNING: Reached a gap of 217288bp > 200000bp. Skipping calculation at position 25497221 id: CP020779.1_25497221
WARNING: Reached a gap of 217288bp > 200000bp. Skipping calculation at position 25497230 id: CP020779.1_25497230
WARNING: Reached a gap of 217288bp > 200000bp. Skipping calculation at position 25497837 id: CP020779.1_25497837
WARNING: Reached a gap of 217288bp > 200000bp. Skipping calculation at position 25590541 id: CP020779.1_25590541
WARNING: Reached a gap of 217288bp > 200000bp. Skipping calculation at position 25592586 id: CP020779.1_25592586
WARNING: Reached a gap of 217288bp > 200000bp. Skipping calculation at position 25622642 id: CP020779.1_25622642
WARNING: Reached a gap of 217288bp > 200000bp. Skipping calculation at position 25625842 id: CP020779.1_25625842
WARNING: Reached a gap of 217288bp > 200000bp. Skipping calculation at position 25625921 id: CP020779.1_25625921
WARNING: Reached a gap of 217288bp > 200000bp. Skipping calculation at position 25638372 id: CP020779.1_25638372
WARNING: Reached a gap of 217288bp > 200000bp. Skipping calculation at position 25639259 id: CP020779.1_25639259
WARNING: Reached a gap of 217288bp > 200000bp. Skipping calculation at position 25639260 id: CP020779.1_25639260
WARNING: Reached a gap of 217288bp > 200000bp. Skipping calculation at position 25717451 id: CP020779.1_25717451
WARNING: Reached a gap of 217288bp > 200000bp. Skipping calculation at position 25737169 id: CP020779.1_25737169
WARNING: Reached a gap of 217288bp > 200000bp. Skipping calculation at position 25750611 id: CP020779.1_25750611
WARNING: Reached a gap of 217288bp > 200000bp. Skipping calculation at position 25755401 id: CP020779.1_25755401
WARNING: Reached a gap of 217288bp > 200000bp. Skipping calculation at position 25761213 id: CP020779.1_25761213
WARNING: Reached a gap of 217288bp > 200000bp. Skipping calculation at position 25763664 id: CP020779.1_25763664
WARNING: Reached a gap of 217288bp > 200000bp. Skipping calculation at position 25764401 id: CP020779.1_25764401
WARNING: Reached a gap of 217288bp > 200000bp. Skipping calculation at position 25785761 id: CP020779.1_25785761
WARNING: Reached a gap of 217288bp > 200000bp. Skipping calculation at position 25787301 id: CP020779.1_25787301
WARNING: Reached a gap of 217288bp > 200000bp. Skipping calculation at position 25787302 id: CP020779.1_25787302
WARNING: Reached a gap of 217288bp > 200000bp. Skipping calculation at position 25798167 id: CP020779.1_25798167
WARNING: Reached a gap of 217288bp > 200000bp. Skipping calculation at position 25803497 id: CP020779.1_25803497
WARNING: Reached a gap of 217288bp > 200000bp. Skipping calculation at position 25826796 id: CP020779.1_25826796
WARNING: Reached a gap of 217288bp > 200000bp. Skipping calculation at position 25864708 id: CP020779.1_25864708
WARNING: Reached a gap of 217288bp > 200000bp. Skipping calculation at position 25870185 id: CP020779.1_25870185
WARNING: Reached a gap of 217288bp > 200000bp. Skipping calculation at position 25870269 id: CP020779.1_25870269
WARNING: Reached a gap of 217288bp > 200000bp. Skipping calculation at position 25870278 id: CP020779.1_25870278
WARNING: Reached a gap of 217288bp > 200000bp. Skipping calculation at position 25874329 id: CP020779.1_25874329
WARNING: Reached a gap of 217288bp > 200000bp. Skipping calculation at position 25882217 id: CP020779.1_25882217
WARNING: Reached a gap of 217288bp > 200000bp. Skipping calculation at position 25883706 id: CP020779.1_25883706
WARNING: Reached a gap of 217288bp > 200000bp. Skipping calculation at position 25885914 id: CP020779.1_25885914
WARNING: Reached a gap of 217288bp > 200000bp. Skipping calculation at position 25886350 id: CP020779.1_25886350
WARNING: Reached a gap of 217288bp > 200000bp. Skipping calculation at position 25887574 id: CP020779.1_25887574
WARNING: Reached a gap of 217288bp > 200000bp. Skipping calculation at position 25890791 id: CP020779.1_25890791
WARNING: Reached a gap of 217288bp > 200000bp. Skipping calculation at position 25898099 id: CP020779.1_25898099
WARNING: Reached a gap of 217288bp > 200000bp. Skipping calculation at position 25961875 id: CP020779.1_25961875
WARNING: Reached a gap of 217288bp > 200000bp. Skipping calculation at position 25983888 id: CP020779.1_25983888
WARNING: Reached a gap of 217288bp > 200000bp. Skipping calculation at position 25990184 id: CP020779.1_25990184
WARNING: Reached a gap of 217288bp > 200000bp. Skipping calculation at position 25990634 id: CP020779.1_25990634
WARNING: Reached a gap of 217288bp > 200000bp. Skipping calculation at position 25990678 id: CP020779.1_25990678
WARNING: Reached a gap of 217288bp > 200000bp. Skipping calculation at position 25990688 id: CP020779.1_25990688
WARNING: Reached a gap of 217288bp > 200000bp. Skipping calculation at position 25990709 id: CP020779.1_25990709
WARNING: Reached a gap of 217288bp > 200000bp. Skipping calculation at position 25990740 id: CP020779.1_25990740
WARNING: Reached a gap of 217288bp > 200000bp. Skipping calculation at position 25990744 id: CP020779.1_25990744
WARNING: Reached a gap of 217288bp > 200000bp. Skipping calculation at position 26008935 id: CP020779.1_26008935
WARNING: Reached a gap of 217288bp > 200000bp. Skipping calculation at position 26026722 id: CP020779.1_26026722
WARNING: Reached a gap of 217288bp > 200000bp. Skipping calculation at position 26050509 id: CP020779.1_26050509
WARNING: Reached a gap of 217288bp > 200000bp. Skipping calculation at position 26050523 id: CP020779.1_26050523
WARNING: Reached a gap of 217288bp > 200000bp. Skipping calculation at position 26228258 id: CP020779.1_26228258
WARNING: Reached a gap of 217288bp > 200000bp. Skipping calculation at position 26228624 id: CP020779.1_26228624
WARNING: Reached a gap of 217288bp > 200000bp. Skipping calculation at position 26228665 id: CP020779.1_26228665
WARNING: Reached a gap of 217288bp > 200000bp. Skipping calculation at position 26229255 id: CP020779.1_26229255
WARNING: Reached a gap of 217288bp > 200000bp. Skipping calculation at position 26234235 id: CP020779.1_26234235
WARNING: Reached a gap of 217288bp > 200000bp. Skipping calculation at position 26263289 id: CP020779.1_26263289
WARNING: Reached a gap of 217288bp > 200000bp. Skipping calculation at position 26268107 id: CP020779.1_26268107
WARNING: Reached a gap of 217288bp > 200000bp. Skipping calculation at position 26289109 id: CP020779.1_26289109
WARNING: Reached a gap of 217288bp > 200000bp. Skipping calculation at position 26316810 id: CP020779.1_26316810
WARNING: Reached a gap of 217288bp > 200000bp. Skipping calculation at position 26318525 id: CP020779.1_26318525
WARNING: Reached a gap of 217288bp > 200000bp. Skipping calculation at position 26332126 id: CP020779.1_26332126
WARNING: Reached a gap of 217288bp > 200000bp. Skipping calculation at position 26335582 id: CP020779.1_26335582
WARNING: Reached a gap of 217288bp > 200000bp. Skipping calculation at position 26337470 id: CP020779.1_26337470
WARNING: Reached a gap of 217288bp > 200000bp. Skipping calculation at position 26337590 id: CP020779.1_26337590
WARNING: Reached a gap of 217288bp > 200000bp. Skipping calculation at position 26337860 id: CP020779.1_26337860
WARNING: Reached a gap of 217288bp > 200000bp. Skipping calculation at position 26337861 id: CP020779.1_26337861
WARNING: Reached a gap of 217288bp > 200000bp. Skipping calculation at position 26337942 id: CP020779.1_26337942
WARNING: Reached a gap of 217288bp > 200000bp. Skipping calculation at position 26338046 id: CP020779.1_26338046
WARNING: Reached a gap of 217288bp > 200000bp. Skipping calculation at position 26338059 id: CP020779.1_26338059
WARNING: Reached a gap of 217288bp > 200000bp. Skipping calculation at position 26338237 id: CP020779.1_26338237
WARNING: Reached a gap of 217288bp > 200000bp. Skipping calculation at position 26338341 id: CP020779.1_26338341
WARNING: Reached a gap of 217288bp > 200000bp. Skipping calculation at position 26346817 id: CP020779.1_26346817
WARNING: Reached a gap of 217288bp > 200000bp. Skipping calculation at position 26564105 id: CP020779.1_26564105
WARNING: Reached a gap of 217288bp > 200000bp. Skipping calculation at position 26579772 id: CP020779.1_26579772
WARNING: Reached a gap of 217288bp > 200000bp. Skipping calculation at position 26583616 id: CP020779.1_26583616
WARNING: Reached a gap of 217288bp > 200000bp. Skipping calculation at position 26599169 id: CP020779.1_26599169
WARNING: Reached a gap of 217288bp > 200000bp. Skipping calculation at position 26604904 id: CP020779.1_26604904
WARNING: Reached a gap of 217288bp > 200000bp. Skipping calculation at position 26711206 id: CP020779.1_26711206
WARNING: Reached a gap of 217288bp > 200000bp. Skipping calculation at position 26732776 id: CP020779.1_26732776
WARNING: Reached a gap of 217288bp > 200000bp. Skipping calculation at position 26772135 id: CP020779.1_26772135
WARNING: Reached a gap of 217288bp > 200000bp. Skipping calculation at position 26773243 id: CP020779.1_26773243
WARNING: Reached a gap of 217288bp > 200000bp. Skipping calculation at position 26794562 id: CP020779.1_26794562
WARNING: Reached a gap of 217288bp > 200000bp. Skipping calculation at position 26834079 id: CP020779.1_26834079
WARNING: Reached a gap of 217288bp > 200000bp. Skipping calculation at position 26844118 id: CP020779.1_26844118
WARNING: Reached a gap of 217288bp > 200000bp. Skipping calculation at position 26850110 id: CP020779.1_26850110
WARNING: Reached a gap of 217288bp > 200000bp. Skipping calculation at position 26864159 id: CP020779.1_26864159
WARNING: Reached a gap of 217288bp > 200000bp. Skipping calculation at position 26905099 id: CP020779.1_26905099
WARNING: Reached a gap of 217288bp > 200000bp. Skipping calculation at position 26924244 id: CP020779.1_26924244
WARNING: Reached a gap of 217288bp > 200000bp. Skipping calculation at position 26938142 id: CP020779.1_26938142
WARNING: Reached a gap of 217288bp > 200000bp. Skipping calculation at position 26943696 id: CP020779.1_26943696
WARNING: Reached a gap of 217288bp > 200000bp. Skipping calculation at position 26965006 id: CP020779.1_26965006
WARNING: Reached a gap of 217288bp > 200000bp. Skipping calculation at position 26974690 id: CP020779.1_26974690
WARNING: Reached a gap of 217288bp > 200000bp. Skipping calculation at position 26998355 id: CP020779.1_26998355
WARNING: Reached a gap of 217288bp > 200000bp. Skipping calculation at position 27003243 id: CP020779.1_27003243
WARNING: Reached a gap of 217288bp > 200000bp. Skipping calculation at position 27024079 id: CP020779.1_27024079
WARNING: Reached a gap of 217288bp > 200000bp. Skipping calculation at position 27029531 id: CP020779.1_27029531
WARNING: Reached a gap of 217288bp > 200000bp. Skipping calculation at position 27040015 id: CP020779.1_27040015
WARNING: Reached a gap of 217288bp > 200000bp. Skipping calculation at position 27055888 id: CP020779.1_27055888
WARNING: Reached a gap of 217288bp > 200000bp. Skipping calculation at position 27060310 id: CP020779.1_27060310
WARNING: Reached a gap of 217288bp > 200000bp. Skipping calculation at position 27061839 id: CP020779.1_27061839
WARNING: Reached a gap of 217288bp > 200000bp. Skipping calculation at position 27062537 id: CP020779.1_27062537
WARNING: Reached a gap of 217288bp > 200000bp. Skipping calculation at position 27062549 id: CP020779.1_27062549
WARNING: Reached a gap of 217288bp > 200000bp. Skipping calculation at position 27062849 id: CP020779.1_27062849
WARNING: Reached a gap of 217288bp > 200000bp. Skipping calculation at position 27063295 id: CP020779.1_27063295
WARNING: Reached a gap of 217288bp > 200000bp. Skipping calculation at position 27063492 id: CP020779.1_27063492
WARNING: Reached a gap of 217288bp > 200000bp. Skipping calculation at position 27064295 id: CP020779.1_27064295
WARNING: Reached a gap of 217288bp > 200000bp. Skipping calculation at position 27064577 id: CP020779.1_27064577
WARNING: Reached a gap of 217288bp > 200000bp. Skipping calculation at position 27064700 id: CP020779.1_27064700
WARNING: Reached a gap of 217288bp > 200000bp. Skipping calculation at position 27065413 id: CP020779.1_27065413
WARNING: Reached a gap of 217288bp > 200000bp. Skipping calculation at position 27068206 id: CP020779.1_27068206
WARNING: Reached a gap of 217288bp > 200000bp. Skipping calculation at position 27077085 id: CP020779.1_27077085
WARNING: Reached a gap of 217288bp > 200000bp. Skipping calculation at position 27085209 id: CP020779.1_27085209
WARNING: Reached a gap of 217288bp > 200000bp. Skipping calculation at position 27099574 id: CP020779.1_27099574
WARNING: Reached a gap of 217288bp > 200000bp. Skipping calculation at position 27125382 id: CP020779.1_27125382
WARNING: Reached a gap of 217288bp > 200000bp. Skipping calculation at position 27189441 id: CP020779.1_27189441
WARNING: Reached a gap of 217288bp > 200000bp. Skipping calculation at position 27235955 id: CP020779.1_27235955
WARNING: Reached a gap of 217288bp > 200000bp. Skipping calculation at position 27248796 id: CP020779.1_27248796
WARNING: Reached a gap of 217288bp > 200000bp. Skipping calculation at position 27249308 id: CP020779.1_27249308
WARNING: Reached a gap of 217288bp > 200000bp. Skipping calculation at position 27315982 id: CP020779.1_27315982
WARNING: Reached a gap of 217288bp > 200000bp. Skipping calculation at position 27329720 id: CP020779.1_27329720
WARNING: Reached a gap of 217288bp > 200000bp. Skipping calculation at position 27330660 id: CP020779.1_27330660
WARNING: Reached a gap of 217288bp > 200000bp. Skipping calculation at position 27339687 id: CP020779.1_27339687
WARNING: Reached a gap of 217288bp > 200000bp. Skipping calculation at position 27342438 id: CP020779.1_27342438
WARNING: Reached a gap of 217288bp > 200000bp. Skipping calculation at position 27345009 id: CP020779.1_27345009
WARNING: Reached a gap of 217288bp > 200000bp. Skipping calculation at position 27363191 id: CP020779.1_27363191
WARNING: Reached a gap of 217288bp > 200000bp. Skipping calculation at position 27364107 id: CP020779.1_27364107
WARNING: Reached a gap of 217288bp > 200000bp. Skipping calculation at position 27364236 id: CP020779.1_27364236
WARNING: Reached a gap of 217288bp > 200000bp. Skipping calculation at position 27366057 id: CP020779.1_27366057
WARNING: Reached a gap of 217288bp > 200000bp. Skipping calculation at position 27439189 id: CP020779.1_27439189
WARNING: Reached a gap of 217288bp > 200000bp. Skipping calculation at position 27442932 id: CP020779.1_27442932
WARNING: Reached a gap of 217288bp > 200000bp. Skipping calculation at position 27447243 id: CP020779.1_27447243
WARNING: Reached a gap of 217288bp > 200000bp. Skipping calculation at position 27448337 id: CP020779.1_27448337
WARNING: Reached a gap of 217288bp > 200000bp. Skipping calculation at position 27469724 id: CP020779.1_27469724
WARNING: Reached a gap of 217288bp > 200000bp. Skipping calculation at position 27477569 id: CP020779.1_27477569
WARNING: Reached a gap of 217288bp > 200000bp. Skipping calculation at position 27478189 id: CP020779.1_27478189
WARNING: Reached a gap of 217288bp > 200000bp. Skipping calculation at position 27549933 id: CP020779.1_27549933
WARNING: Reached a gap of 217288bp > 200000bp. Skipping calculation at position 27551620 id: CP020779.1_27551620
WARNING: Reached a gap of 217288bp > 200000bp. Skipping calculation at position 27553212 id: CP020779.1_27553212
WARNING: Reached chromosome edge before EHH decayed below 0.05. Skipping calculation at position 33595011 id: CP020779.1_33595011
WARNING: Reached chromosome edge before EHH decayed below 0.05. Skipping calculation at position 33595013 id: CP020779.1_33595013
WARNING: Reached chromosome edge before EHH decayed below 0.05. Skipping calculation at position 33597403 id: CP020779.1_33597403
WARNING: Reached chromosome edge before EHH decayed below 0.05. Skipping calculation at position 33597404 id: CP020779.1_33597404
WARNING: Reached chromosome edge before EHH decayed below 0.05. Skipping calculation at position 33599215 id: CP020779.1_33599215
WARNING: Reached chromosome edge before EHH decayed below 0.05. Skipping calculation at position 33600667 id: CP020779.1_33600667
WARNING: Reached chromosome edge before EHH decayed below 0.05. Skipping calculation at position 33612169 id: CP020779.1_33612169
WARNING: Reached chromosome edge before EHH decayed below 0.05. Skipping calculation at position 33612184 id: CP020779.1_33612184
WARNING: Reached chromosome edge before EHH decayed below 0.05. Skipping calculation at position 33615416 id: CP020779.1_33615416
WARNING: Reached chromosome edge before EHH decayed below 0.05. Skipping calculation at position 33618435 id: CP020779.1_33618435
WARNING: Reached chromosome edge before EHH decayed below 0.05. Skipping calculation at position 33660723 id: CP020779.1_33660723
WARNING: Reached chromosome edge before EHH decayed below 0.05. Skipping calculation at position 33667104 id: CP020779.1_33667104
WARNING: Reached chromosome edge before EHH decayed below 0.05. Skipping calculation at position 33667408 id: CP020779.1_33667408
WARNING: Reached chromosome edge before EHH decayed below 0.05. Skipping calculation at position 33680592 id: CP020779.1_33680592
WARNING: Reached chromosome edge before EHH decayed below 0.05. Skipping calculation at position 33680596 id: CP020779.1_33680596
WARNING: Reached chromosome edge before EHH decayed below 0.05. Skipping calculation at position 33680608 id: CP020779.1_33680608
WARNING: Reached chromosome edge before EHH decayed below 0.05. Skipping calculation at position 33703918 id: CP020779.1_33703918
WARNING: Reached chromosome edge before EHH decayed below 0.05. Skipping calculation at position 33722710 id: CP020779.1_33722710
WARNING: Reached chromosome edge before EHH decayed below 0.05. Skipping calculation at position 33737956 id: CP020779.1_33737956
WARNING: Reached chromosome edge before EHH decayed below 0.05. Skipping calculation at position 33744589 id: CP020779.1_33744589
WARNING: Reached chromosome edge before EHH decayed below 0.05. Skipping calculation at position 33766413 id: CP020779.1_33766413
WARNING: Reached chromosome edge before EHH decayed below 0.05. Skipping calculation at position 33770506 id: CP020779.1_33770506
WARNING: Reached chromosome edge before EHH decayed below 0.05. Skipping calculation at position 33770507 id: CP020779.1_33770507
WARNING: Reached chromosome edge before EHH decayed below 0.05. Skipping calculation at position 33777872 id: CP020779.1_33777872
WARNING: Reached chromosome edge before EHH decayed below 0.05. Skipping calculation at position 33788075 id: CP020779.1_33788075
WARNING: Reached chromosome edge before EHH decayed below 0.05. Skipping calculation at position 33788932 id: CP020779.1_33788932
WARNING: Reached chromosome edge before EHH decayed below 0.05. Skipping calculation at position 33790575 id: CP020779.1_33790575
WARNING: Reached chromosome edge before EHH decayed below 0.05. Skipping calculation at position 33802629 id: CP020779.1_33802629
WARNING: Reached chromosome edge before EHH decayed below 0.05. Skipping calculation at position 33810727 id: CP020779.1_33810727
WARNING: Reached chromosome edge before EHH decayed below 0.05. Skipping calculation at position 33827940 id: CP020779.1_33827940
WARNING: Reached chromosome edge before EHH decayed below 0.05. Skipping calculation at position 33833771 id: CP020779.1_33833771
WARNING: Reached chromosome edge before EHH decayed below 0.05. Skipping calculation at position 33836933 id: CP020779.1_33836933
WARNING: Reached chromosome edge before EHH decayed below 0.05. Skipping calculation at position 33865252 id: CP020779.1_33865252
WARNING: Reached chromosome edge before EHH decayed below 0.05. Skipping calculation at position 33894343 id: CP020779.1_33894343
WARNING: Reached chromosome edge before EHH decayed below 0.05. Skipping calculation at position 33944135 id: CP020779.1_33944135
WARNING: Reached chromosome edge before EHH decayed below 0.05. Skipping calculation at position 33963036 id: CP020779.1_33963036
WARNING: Reached chromosome edge before EHH decayed below 0.05. Skipping calculation at position 33976345 id: CP020779.1_33976345
WARNING: Reached chromosome edge before EHH decayed below 0.05. Skipping calculation at position 34001828 id: CP020779.1_34001828
WARNING: Reached chromosome edge before EHH decayed below 0.05. Skipping calculation at position 34006962 id: CP020779.1_34006962
WARNING: Reached chromosome edge before EHH decayed below 0.05. Skipping calculation at position 34018678 id: CP020779.1_34018678
WARNING: Reached chromosome edge before EHH decayed below 0.05. Skipping calculation at position 34079826 id: CP020779.1_34079826
WARNING: Reached chromosome edge before EHH decayed below 0.05. Skipping calculation at position 34115100 id: CP020779.1_34115100
WARNING: Reached chromosome edge before EHH decayed below 0.05. Skipping calculation at position 34120984 id: CP020779.1_34120984
WARNING: Reached chromosome edge before EHH decayed below 0.05. Skipping calculation at position 34141499 id: CP020779.1_34141499
WARNING: Reached chromosome edge before EHH decayed below 0.05. Skipping calculation at position 34143419 id: CP020779.1_34143419
WARNING: Reached chromosome edge before EHH decayed below 0.05. Skipping calculation at position 34161946 id: CP020779.1_34161946
WARNING: Reached chromosome edge before EHH decayed below 0.05. Skipping calculation at position 34176817 id: CP020779.1_34176817
WARNING: Reached chromosome edge before EHH decayed below 0.05. Skipping calculation at position 34264193 id: CP020779.1_34264193
WARNING: Reached chromosome edge before EHH decayed below 0.05. Skipping calculation at position 34264201 id: CP020779.1_34264201
WARNING: Reached chromosome edge before EHH decayed below 0.05. Skipping calculation at position 34292958 id: CP020779.1_34292958
WARNING: Reached chromosome edge before EHH decayed below 0.05. Skipping calculation at position 34316220 id: CP020779.1_34316220
WARNING: Reached chromosome edge before EHH decayed below 0.05. Skipping calculation at position 34325830 id: CP020779.1_34325830
WARNING: Reached chromosome edge before EHH decayed below 0.05. Skipping calculation at position 34349475 id: CP020779.1_34349475
WARNING: Reached chromosome edge before EHH decayed below 0.05. Skipping calculation at position 34357559 id: CP020779.1_34357559
WARNING: Reached chromosome edge before EHH decayed below 0.05. Skipping calculation at position 34366372 id: CP020779.1_34366372
WARNING: Reached chromosome edge before EHH decayed below 0.05. Skipping calculation at position 34366380 id: CP020779.1_34366380
WARNING: Reached chromosome edge before EHH decayed below 0.05. Skipping calculation at position 34376431 id: CP020779.1_34376431
WARNING: Reached chromosome edge before EHH decayed below 0.05. Skipping calculation at position 34379212 id: CP020779.1_34379212
WARNING: Reached chromosome edge before EHH decayed below 0.05. Skipping calculation at position 34395543 id: CP020779.1_34395543
WARNING: Reached chromosome edge before EHH decayed below 0.05. Skipping calculation at position 34417980 id: CP020779.1_34417980
WARNING: Reached chromosome edge before EHH decayed below 0.05. Skipping calculation at position 34437428 id: CP020779.1_34437428
WARNING: Reached chromosome edge before EHH decayed below 0.05. Skipping calculation at position 34481617 id: CP020779.1_34481617
WARNING: Reached chromosome edge before EHH decayed below 0.05. Skipping calculation at position 34500404 id: CP020779.1_34500404
WARNING: Reached chromosome edge before EHH decayed below 0.05. Skipping calculation at position 34503138 id: CP020779.1_34503138
WARNING: Reached chromosome edge before EHH decayed below 0.05. Skipping calculation at position 34584574 id: CP020779.1_34584574
